#
# There is insufficient memory for the Java Runtime Environment to continue.
# Native memory allocation (mmap) failed to map 224395264 bytes. Error detail: G1 virtual space
# Possible reasons:
#   The system is out of physical RAM or swap space
#   This process is running with CompressedOops enabled, and the Java Heap may be blocking the growth of the native heap
# Possible solutions:
#   Reduce memory load on the system
#   Increase physical memory or swap space
#   Check if swap backing store is full
#   Decrease Java heap size (-Xmx/-Xms)
#   Decrease number of Java threads
#   Decrease Java thread stack sizes (-Xss)
#   Set larger code cache with -XX:ReservedCodeCacheSize=
#   JVM is running with Unscaled Compressed Oops mode in which the Java heap is
#     placed in the first 4GB address space. The Java Heap base address is the
#     maximum limit for the native heap growth. Please use -XX:HeapBaseMinAddress
#     to set the Java Heap base and to place the Java Heap above 4GB virtual address.
# This output file may be truncated or incomplete.
#
#  Out of Memory Error (os_windows.cpp:3613), pid=49272, tid=49352
#
# JRE version: OpenJDK Runtime Environment Temurin-17.0.11+9 (17.0.11+9) (build 17.0.11+9)
# Java VM: OpenJDK 64-Bit Server VM Temurin-17.0.11+9 (17.0.11+9, mixed mode, tiered, compressed oops, compressed class ptrs, g1 gc, windows-amd64)
# No core dump will be written. Minidumps are not enabled by default on client versions of Windows
#

---------------  S U M M A R Y ------------

Command Line: -Djavax.net.ssl.trustStoreType=WINDOWS-ROOT -Dsun.java2d.d3d=false com.st.microxplorer.maingui.STM32CubeMX C:\Test\before\weixin_doc\WeChat Files\wxid_s3uhsshj5fwy22\FileStorage\File\2024-07\robot_arm\robot_arm.ioc

Host: Intel(R) Core(TM) i7-8550U CPU @ 1.80GHz, 8 cores, 7G,  Windows 10 , 64 bit Build 19041 (10.0.19041.4597)
Time: Wed Jul 31 22:10:10 2024  Windows 10 , 64 bit Build 19041 (10.0.19041.4597) elapsed time: 21.594599 seconds (0d 0h 0m 21s)

---------------  T H R E A D  ---------------

Current thread (0x000001630647e060):  VMThread "VM Thread" [stack: 0x00000021c4f00000,0x00000021c5000000] [id=49352]

Stack: [0x00000021c4f00000,0x00000021c5000000]
Native frames: (J=compiled Java code, j=interpreted, Vv=VM code, C=native code)
V  [jvm.dll+0x67d429]
V  [jvm.dll+0x834b7a]
V  [jvm.dll+0x83663e]
V  [jvm.dll+0x836ca3]
V  [jvm.dll+0x247dbf]
V  [jvm.dll+0x67a269]
V  [jvm.dll+0x66ecda]
V  [jvm.dll+0x30797b]
V  [jvm.dll+0x30ee26]
V  [jvm.dll+0x35e80e]
V  [jvm.dll+0x35ea3f]
V  [jvm.dll+0x2de6b8]
V  [jvm.dll+0x2dcac4]
V  [jvm.dll+0x2dc0cc]
V  [jvm.dll+0x31facb]
V  [jvm.dll+0x83b19b]
V  [jvm.dll+0x83bed2]
V  [jvm.dll+0x83c3ed]
V  [jvm.dll+0x83c7c4]
V  [jvm.dll+0x83c890]
V  [jvm.dll+0x7e410a]
V  [jvm.dll+0x67c315]
C  [ucrtbase.dll+0x21bb2]
C  [KERNEL32.DLL+0x17374]
C  [ntdll.dll+0x4cc91]

VM_Operation (0x00000021c98fef60): G1CollectForAllocation, mode: safepoint, requested by thread 0x000001630bc9be10


---------------  P R O C E S S  ---------------

Threads class SMR info:
_java_thread_list=0x000001630f8e7520, length=50, elements={
0x00000163064b3260, 0x0000016306481f00, 0x00000163064d6540, 0x00000163064d7100,
0x000001630649e260, 0x00000163064fdcb0, 0x00000163064ff4f0, 0x0000016306500740,
0x000001630650dd30, 0x000001630667d3d0, 0x0000016306689850, 0x000001630b426040,
0x000001630b4c7070, 0x000001630b4c7d60, 0x000001630b3bf8e0, 0x000001630b3bfdf0,
0x000001630bca2350, 0x000001630bca2860, 0x000001630bc9eba0, 0x000001630bc9f0b0,
0x000001630da97290, 0x000001630bca1930, 0x000001630bca1e40, 0x000001630bc9fad0,
0x000001630b3bd060, 0x000001630c26d0e0, 0x000001630c26d5f0, 0x000001630c26a350,
0x000001630c26f450, 0x000001630c26b280, 0x000001630c26b790, 0x000001630c26fe70,
0x000001630c270da0, 0x000001630c26e520, 0x000001630c270380, 0x000001630c26c6c0,
0x000001630c26cbd0, 0x000001630c2717c0, 0x000001630c2712b0, 0x000001630c26db00,
0x000001630fe8f3c0, 0x000001630c26bca0, 0x000001630c26ef40, 0x000001630c26a860,
0x000001630c26e010, 0x000001630c26ea30, 0x000001630c270890, 0x000001630bca2d70,
0x000001630bc9e690, 0x000001630bc9be10
}

Java Threads: ( => current thread )
  0x00000163064b3260 JavaThread "Reference Handler" daemon [_thread_blocked, id=49356, stack(0x00000021c5000000,0x00000021c5100000)]
  0x0000016306481f00 JavaThread "Finalizer" daemon [_thread_blocked, id=49360, stack(0x00000021c5100000,0x00000021c5200000)]
  0x00000163064d6540 JavaThread "Signal Dispatcher" daemon [_thread_blocked, id=49364, stack(0x00000021c5200000,0x00000021c5300000)]
  0x00000163064d7100 JavaThread "Attach Listener" daemon [_thread_blocked, id=49368, stack(0x00000021c5300000,0x00000021c5400000)]
  0x000001630649e260 JavaThread "Service Thread" daemon [_thread_blocked, id=49372, stack(0x00000021c5400000,0x00000021c5500000)]
  0x00000163064fdcb0 JavaThread "Monitor Deflation Thread" daemon [_thread_blocked, id=49376, stack(0x00000021c5500000,0x00000021c5600000)]
  0x00000163064ff4f0 JavaThread "C2 CompilerThread0" daemon [_thread_blocked, id=49380, stack(0x00000021c5600000,0x00000021c5700000)]
  0x0000016306500740 JavaThread "C1 CompilerThread0" daemon [_thread_blocked, id=49384, stack(0x00000021c5700000,0x00000021c5800000)]
  0x000001630650dd30 JavaThread "Sweeper thread" daemon [_thread_blocked, id=49388, stack(0x00000021c5800000,0x00000021c5900000)]
  0x000001630667d3d0 JavaThread "Notification Thread" daemon [_thread_blocked, id=49392, stack(0x00000021c5900000,0x00000021c5a00000)]
  0x0000016306689850 JavaThread "Common-Cleaner" daemon [_thread_blocked, id=49400, stack(0x00000021c5b00000,0x00000021c5c00000)]
  0x000001630b426040 JavaThread "Java2D Disposer" daemon [_thread_blocked, id=49484, stack(0x00000021c6400000,0x00000021c6500000)]
  0x000001630b4c7070 JavaThread "AWT-Shutdown" [_thread_blocked, id=49488, stack(0x00000021c6500000,0x00000021c6600000)]
  0x000001630b4c7d60 JavaThread "AWT-Windows" daemon [_thread_in_native, id=49492, stack(0x00000021c6600000,0x00000021c6700000)]
  0x000001630b3bf8e0 JavaThread "AWT-EventQueue-0" [_thread_blocked, id=49500, stack(0x00000021c6800000,0x00000021c6900000)]
  0x000001630b3bfdf0 JavaThread "DestroyJavaVM" [_thread_blocked, id=49324, stack(0x00000021c4900000,0x00000021c4a00000)]
  0x000001630bca2350 JavaThread "TimerQueue" daemon [_thread_blocked, id=49544, stack(0x00000021c7000000,0x00000021c7100000)]
  0x000001630bca2860 JavaThread "IPC Server Thread" daemon [_thread_in_native, id=49744, stack(0x00000021c7200000,0x00000021c7300000)]
  0x000001630bc9eba0 JavaThread "Chromium Process Thread" [_thread_in_native, id=49748, stack(0x00000021c7a00000,0x00000021c7b00000)]
  0x000001630bc9f0b0 JavaThread "Chromium Process Logger" daemon [_thread_in_native, id=49764, stack(0x00000021c6a00000,0x00000021c6b00000)]
  0x000001630da97290 JavaThread "C2 CompilerThread1" daemon [_thread_blocked, id=49828, stack(0x00000021c6d00000,0x00000021c6e00000)]
  0x000001630bca1930 JavaThread "IPC Memory Reader Thread" [_thread_in_native, id=49932, stack(0x00000021c7c00000,0x00000021c7d00000)]
  0x000001630bca1e40 JavaThread "Browser Thread: bb43462e-dead-47ad-89d6-ae5b442623db" daemon [_thread_blocked, id=49936, stack(0x00000021c7d00000,0x00000021c7e00000)]
  0x000001630bc9fad0 JavaThread "Socket Connection Checker: bb43462e-dead-47ad-89d6-ae5b442623db" [_thread_in_native, id=49940, stack(0x00000021c7e00000,0x00000021c7f00000)]
  0x000001630b3bd060 JavaThread "GPU Thread: 908f7b90-10c4-4e35-bffe-8d33e57f677b" daemon [_thread_blocked, id=50148, stack(0x00000021c8100000,0x00000021c8200000)]
  0x000001630c26d0e0 JavaThread "Socket Connection Checker: 908f7b90-10c4-4e35-bffe-8d33e57f677b" [_thread_in_native, id=50152, stack(0x00000021c8200000,0x00000021c8300000)]
  0x000001630c26d5f0 JavaThread "IPC Memory Reader Thread" [_thread_in_native, id=50144, stack(0x00000021c8000000,0x00000021c8100000)]
  0x000001630c26a350 JavaThread "SwingWorker-pool-3-thread-1" daemon [_thread_blocked, id=50180, stack(0x00000021c6f00000,0x00000021c7000000)]
  0x000001630c26f450 JavaThread "Render Thread: 06e99de5-f71b-4a3e-9c69-e5c8dccd3264" daemon [_thread_blocked, id=50304, stack(0x00000021c7400000,0x00000021c7500000)]
  0x000001630c26b280 JavaThread "Socket Connection Checker: 06e99de5-f71b-4a3e-9c69-e5c8dccd3264" [_thread_in_native, id=50308, stack(0x00000021c8600000,0x00000021c8700000)]
  0x000001630c26b790 JavaThread "IPC Memory Reader Thread" [_thread_in_native, id=50300, stack(0x00000021c7300000,0x00000021c7400000)]
  0x000001630c26fe70 JavaThread "Thread-47" daemon [_thread_blocked, id=50608, stack(0x00000021c8700000,0x00000021c8800000)]
  0x000001630c270da0 JavaThread "Thread-52" daemon [_thread_blocked, id=50628, stack(0x00000021c8800000,0x00000021c8900000)]
  0x000001630c26e520 JavaThread "Thread-64" daemon [_thread_blocked, id=50712, stack(0x00000021c8900000,0x00000021c8a00000)]
  0x000001630c270380 JavaThread "Thread-67" daemon [_thread_blocked, id=50736, stack(0x00000021c7500000,0x00000021c7600000)]
  0x000001630c26c6c0 JavaThread "Render Thread: 8e4c646a-398b-4b14-84f4-3c279075a9bf" daemon [_thread_blocked, id=50864, stack(0x00000021c8d00000,0x00000021c8e00000)]
  0x000001630c26cbd0 JavaThread "IPC Memory Reader Thread" [_thread_in_native, id=50860, stack(0x00000021c8c00000,0x00000021c8d00000)]
  0x000001630c2717c0 JavaThread "Socket Connection Checker: 8e4c646a-398b-4b14-84f4-3c279075a9bf" [_thread_in_native, id=50868, stack(0x00000021c8e00000,0x00000021c8f00000)]
  0x000001630c2712b0 JavaThread "Thread-80" daemon [_thread_blocked, id=50924, stack(0x00000021c8f00000,0x00000021c9000000)]
  0x000001630c26db00 JavaThread "Thread-82" daemon [_thread_blocked, id=50940, stack(0x00000021c9000000,0x00000021c9100000)]
  0x000001630fe8f3c0 JavaThread "C2 CompilerThread2" daemon [_thread_blocked, id=51064, stack(0x00000021c8b00000,0x00000021c8c00000)]
  0x000001630c26bca0 JavaThread "Thread-112" daemon [_thread_blocked, id=51164, stack(0x00000021c9100000,0x00000021c9200000)]
  0x000001630c26ef40 JavaThread "Thread-116" daemon [_thread_blocked, id=45140, stack(0x00000021c9200000,0x00000021c9300000)]
  0x000001630c26a860 JavaThread "Thread-120" daemon [_thread_blocked, id=39788, stack(0x00000021c9400000,0x00000021c9500000)]
  0x000001630c26e010 JavaThread "Thread-123" daemon [_thread_blocked, id=49204, stack(0x00000021c9300000,0x00000021c9400000)]
  0x000001630c26ea30 JavaThread "Thread-128" daemon [_thread_blocked, id=50184, stack(0x00000021c9500000,0x00000021c9600000)]
  0x000001630c270890 JavaThread "Thread-131" daemon [_thread_blocked, id=49612, stack(0x00000021c9600000,0x00000021c9700000)]
  0x000001630bca2d70 JavaThread "Thread-1747" daemon [_thread_blocked, id=49224, stack(0x00000021c6e00000,0x00000021c6f00000)]
  0x000001630bc9e690 JavaThread "Thread-1804" daemon [_thread_blocked, id=50352, stack(0x00000021c7900000,0x00000021c7a00000)]
  0x000001630bc9be10 JavaThread "Thread-2508" daemon [_thread_blocked, id=29684, stack(0x00000021c9800000,0x00000021c9900000)]

Other Threads:
=>0x000001630647e060 VMThread "VM Thread" [stack: 0x00000021c4f00000,0x00000021c5000000] [id=49352]
  0x00000163066800d0 WatcherThread [stack: 0x00000021c5a00000,0x00000021c5b00000] [id=49396]
  0x000001636790ab20 GCTaskThread "GC Thread#0" [stack: 0x00000021c4a00000,0x00000021c4b00000] [id=49332]
  0x000001630b42cdc0 GCTaskThread "GC Thread#1" [stack: 0x00000021c5d00000,0x00000021c5e00000] [id=49456]
  0x000001630b348040 GCTaskThread "GC Thread#2" [stack: 0x00000021c5e00000,0x00000021c5f00000] [id=49460]
  0x000001630b486c40 GCTaskThread "GC Thread#3" [stack: 0x00000021c5f00000,0x00000021c6000000] [id=49464]
  0x000001630b44a440 GCTaskThread "GC Thread#4" [stack: 0x00000021c6000000,0x00000021c6100000] [id=49468]
  0x000001630b44a700 GCTaskThread "GC Thread#5" [stack: 0x00000021c6100000,0x00000021c6200000] [id=49472]
  0x000001630b5b8db0 GCTaskThread "GC Thread#6" [stack: 0x00000021c6200000,0x00000021c6300000] [id=49476]
  0x000001630b5b9070 GCTaskThread "GC Thread#7" [stack: 0x00000021c6300000,0x00000021c6400000] [id=49480]
  0x000001636791b7b0 ConcurrentGCThread "G1 Main Marker" [stack: 0x00000021c4b00000,0x00000021c4c00000] [id=49336]
  0x000001636791c1d0 ConcurrentGCThread "G1 Conc#0" [stack: 0x00000021c4c00000,0x00000021c4d00000] [id=49340]
  0x000001630b7cba20 ConcurrentGCThread "G1 Conc#1" [stack: 0x00000021c6700000,0x00000021c6800000] [id=49496]
  0x00000163062d4c70 ConcurrentGCThread "G1 Refine#0" [stack: 0x00000021c4d00000,0x00000021c4e00000] [id=49344]
  0x000001630bf4b090 ConcurrentGCThread "G1 Refine#1" [stack: 0x00000021c6b00000,0x00000021c6c00000] [id=49520]
  0x000001630db43af0 ConcurrentGCThread "G1 Refine#2" [stack: 0x00000021c6c00000,0x00000021c6d00000] [id=49524]
  0x000001630e749680 ConcurrentGCThread "G1 Refine#3" [stack: 0x00000021c8300000,0x00000021c8400000] [id=50076]
  0x000001630fefcd00 ConcurrentGCThread "G1 Refine#4" [stack: 0x00000021c8400000,0x00000021c8500000] [id=49232]
  0x0000016311224f50 ConcurrentGCThread "G1 Refine#5" [stack: 0x00000021c8500000,0x00000021c8600000] [id=49172]
  0x00000163062d56a0 ConcurrentGCThread "G1 Service" [stack: 0x00000021c4e00000,0x00000021c4f00000] [id=49348]

Threads with active compile tasks:
C2 CompilerThread0    21657 7988       4       com.st.microxplorer.altova.db.IP_Modes.RefParameterType::instantiateMembers (599 bytes)
C2 CompilerThread1    21657 7985   !   4       com.st.microxplorer.mcu.RefParameter::<init> (536 bytes)

VM state: at safepoint (normal execution)

VM Mutex/Monitor currently owned by a thread:  ([mutex/lock_event])
[0x00000163678aaad0] Threads_lock - owner thread: 0x000001630647e060
[0x00000163678aa0b0] Heap_lock - owner thread: 0x000001630bc9be10

Heap address: 0x0000000081600000, size: 2026 MB, Compressed Oops mode: 32-bit

CDS archive(s) not mapped
Compressed class space mapped at: 0x0000000100000000-0x0000000140000000, reserved size: 1073741824
Narrow klass base: 0x0000000000000000, Narrow klass shift: 3, Narrow klass range: 0x140000000

GC Precious Log:
 CPUs: 8 total, 8 available
 Memory: 8101M
 Large Page Support: Disabled
 NUMA Support: Disabled
 Compressed Oops: Enabled (32-bit)
 Heap Region Size: 1M
 Heap Min Capacity: 8M
 Heap Initial Capacity: 128M
 Heap Max Capacity: 2026M
 Pre-touch: Disabled
 Parallel Workers: 8
 Concurrent Workers: 2
 Concurrent Refinement Workers: 8
 Periodic GC: Disabled

Heap:
 garbage-first heap   total 271360K, used 119612K [0x0000000081600000, 0x0000000100000000)
  region size 1024K, 4 young (4096K), 4 survivors (4096K)
 Metaspace       used 85596K, committed 86528K, reserved 1179648K
  class space    used 9665K, committed 10112K, reserved 1048576K

Heap Regions: E=young(eden), S=young(survivor), O=old, HS=humongous(starts), HC=humongous(continues), CS=collection set, F=free, OA=open archive, CA=closed archive, TAMS=top-at-mark-start (previous, next)
|   0|0x0000000081600000, 0x0000000081700000, 0x0000000081700000|100%|HS|  |TAMS 0x0000000081700000, 0x0000000081600000| Complete 
|   1|0x0000000081700000, 0x0000000081800000, 0x0000000081800000|100%|HC|  |TAMS 0x0000000081800000, 0x0000000081700000| Complete 
|   2|0x0000000081800000, 0x0000000081900000, 0x0000000081900000|100%|HC|  |TAMS 0x0000000081900000, 0x0000000081800000| Complete 
|   3|0x0000000081900000, 0x0000000081a00000, 0x0000000081a00000|100%|HC|  |TAMS 0x0000000081a00000, 0x0000000081900000| Complete 
|   4|0x0000000081a00000, 0x0000000081b00000, 0x0000000081b00000|100%|HC|  |TAMS 0x0000000081b00000, 0x0000000081a00000| Complete 
|   5|0x0000000081b00000, 0x0000000081c00000, 0x0000000081c00000|100%|HC|  |TAMS 0x0000000081c00000, 0x0000000081b00000| Complete 
|   6|0x0000000081c00000, 0x0000000081d00000, 0x0000000081d00000|100%|HS|  |TAMS 0x0000000081d00000, 0x0000000081c00000| Complete 
|   7|0x0000000081d00000, 0x0000000081e00000, 0x0000000081e00000|100%| O|  |TAMS 0x0000000081e00000, 0x0000000081d00000| Untracked 
|   8|0x0000000081e00000, 0x0000000081f00000, 0x0000000081f00000|100%|HS|  |TAMS 0x0000000081f00000, 0x0000000081e00000| Complete 
|   9|0x0000000081f00000, 0x0000000082000000, 0x0000000082000000|100%| O|  |TAMS 0x0000000082000000, 0x0000000081f00000| Untracked 
|  10|0x0000000082000000, 0x0000000082100000, 0x0000000082100000|100%| O|  |TAMS 0x0000000082100000, 0x0000000082000000| Untracked 
|  11|0x0000000082100000, 0x0000000082200000, 0x0000000082200000|100%| O|  |TAMS 0x0000000082200000, 0x0000000082100000| Untracked 
|  12|0x0000000082200000, 0x0000000082300000, 0x0000000082300000|100%| O|  |TAMS 0x0000000082300000, 0x0000000082200000| Untracked 
|  13|0x0000000082300000, 0x0000000082400000, 0x0000000082400000|100%| O|  |TAMS 0x0000000082400000, 0x0000000082300000| Untracked 
|  14|0x0000000082400000, 0x0000000082500000, 0x0000000082500000|100%|HS|  |TAMS 0x0000000082500000, 0x0000000082400000| Complete 
|  15|0x0000000082500000, 0x0000000082600000, 0x0000000082600000|100%|HC|  |TAMS 0x0000000082600000, 0x0000000082500000| Complete 
|  16|0x0000000082600000, 0x0000000082700000, 0x0000000082700000|100%|HC|  |TAMS 0x0000000082700000, 0x0000000082600000| Complete 
|  17|0x0000000082700000, 0x0000000082800000, 0x0000000082800000|100%|HC|  |TAMS 0x0000000082800000, 0x0000000082700000| Complete 
|  18|0x0000000082800000, 0x0000000082900000, 0x0000000082900000|100%|HC|  |TAMS 0x0000000082900000, 0x0000000082800000| Complete 
|  19|0x0000000082900000, 0x0000000082a00000, 0x0000000082a00000|100%| O|  |TAMS 0x0000000082a00000, 0x0000000082900000| Untracked 
|  20|0x0000000082a00000, 0x0000000082b00000, 0x0000000082b00000|100%| O|  |TAMS 0x0000000082b00000, 0x0000000082a00000| Untracked 
|  21|0x0000000082b00000, 0x0000000082c00000, 0x0000000082c00000|100%| O|  |TAMS 0x0000000082c00000, 0x0000000082b00000| Untracked 
|  22|0x0000000082c00000, 0x0000000082d00000, 0x0000000082d00000|100%| O|  |TAMS 0x0000000082d00000, 0x0000000082c00000| Untracked 
|  23|0x0000000082d00000, 0x0000000082e00000, 0x0000000082e00000|100%|HS|  |TAMS 0x0000000082e00000, 0x0000000082d00000| Complete 
|  24|0x0000000082e00000, 0x0000000082f00000, 0x0000000082f00000|100%| O|  |TAMS 0x0000000082f00000, 0x0000000082e00000| Untracked 
|  25|0x0000000082f00000, 0x0000000083000000, 0x0000000083000000|100%| O|  |TAMS 0x0000000083000000, 0x0000000082f00000| Untracked 
|  26|0x0000000083000000, 0x0000000083100000, 0x0000000083100000|100%| O|  |TAMS 0x0000000083100000, 0x0000000083000000| Untracked 
|  27|0x0000000083100000, 0x0000000083200000, 0x0000000083200000|100%| O|  |TAMS 0x0000000083200000, 0x0000000083100000| Untracked 
|  28|0x0000000083200000, 0x0000000083300000, 0x0000000083300000|100%| O|  |TAMS 0x0000000083300000, 0x0000000083200000| Untracked 
|  29|0x0000000083300000, 0x0000000083400000, 0x0000000083400000|100%| O|  |TAMS 0x0000000083400000, 0x0000000083300000| Untracked 
|  30|0x0000000083400000, 0x0000000083500000, 0x0000000083500000|100%| O|  |TAMS 0x0000000083500000, 0x0000000083400000| Untracked 
|  31|0x0000000083500000, 0x0000000083600000, 0x0000000083600000|100%| O|  |TAMS 0x0000000083600000, 0x0000000083500000| Untracked 
|  32|0x0000000083600000, 0x0000000083700000, 0x0000000083700000|100%|HS|  |TAMS 0x0000000083700000, 0x0000000083600000| Complete 
|  33|0x0000000083700000, 0x0000000083800000, 0x0000000083800000|100%|HC|  |TAMS 0x0000000083800000, 0x0000000083700000| Complete 
|  34|0x0000000083800000, 0x0000000083900000, 0x0000000083900000|100%| O|  |TAMS 0x0000000083900000, 0x0000000083800000| Untracked 
|  35|0x0000000083900000, 0x0000000083a00000, 0x0000000083a00000|100%| O|  |TAMS 0x0000000083a00000, 0x0000000083900000| Untracked 
|  36|0x0000000083a00000, 0x0000000083b00000, 0x0000000083b00000|100%| O|  |TAMS 0x0000000083b00000, 0x0000000083a00000| Untracked 
|  37|0x0000000083b00000, 0x0000000083c00000, 0x0000000083c00000|100%| O|  |TAMS 0x0000000083c00000, 0x0000000083b00000| Untracked 
|  38|0x0000000083c00000, 0x0000000083d00000, 0x0000000083d00000|100%| O|  |TAMS 0x0000000083d00000, 0x0000000083c00000| Untracked 
|  39|0x0000000083d00000, 0x0000000083e00000, 0x0000000083e00000|100%| O|  |TAMS 0x0000000083e00000, 0x0000000083d00000| Untracked 
|  40|0x0000000083e00000, 0x0000000083f00000, 0x0000000083f00000|100%| O|  |TAMS 0x0000000083f00000, 0x0000000083e00000| Untracked 
|  41|0x0000000083f00000, 0x0000000084000000, 0x0000000084000000|100%|HS|  |TAMS 0x0000000084000000, 0x0000000083f00000| Complete 
|  42|0x0000000084000000, 0x0000000084100000, 0x0000000084100000|100%|HC|  |TAMS 0x0000000084100000, 0x0000000084000000| Complete 
|  43|0x0000000084100000, 0x0000000084200000, 0x0000000084200000|100%|HS|  |TAMS 0x0000000084200000, 0x0000000084100000| Complete 
|  44|0x0000000084200000, 0x0000000084300000, 0x0000000084300000|100%|HC|  |TAMS 0x0000000084300000, 0x0000000084200000| Complete 
|  45|0x0000000084300000, 0x0000000084400000, 0x0000000084400000|100%|HC|  |TAMS 0x0000000084400000, 0x0000000084300000| Complete 
|  46|0x0000000084400000, 0x0000000084500000, 0x0000000084500000|100%| O|  |TAMS 0x0000000084500000, 0x0000000084400000| Untracked 
|  47|0x0000000084500000, 0x0000000084600000, 0x0000000084600000|100%| O|  |TAMS 0x0000000084600000, 0x0000000084500000| Untracked 
|  48|0x0000000084600000, 0x0000000084700000, 0x0000000084700000|100%| O|  |TAMS 0x0000000084700000, 0x0000000084600000| Untracked 
|  49|0x0000000084700000, 0x0000000084800000, 0x0000000084800000|100%| O|  |TAMS 0x0000000084800000, 0x0000000084700000| Untracked 
|  50|0x0000000084800000, 0x0000000084900000, 0x0000000084900000|100%|HS|  |TAMS 0x0000000084900000, 0x0000000084800000| Complete 
|  51|0x0000000084900000, 0x0000000084a00000, 0x0000000084a00000|100%|HC|  |TAMS 0x0000000084a00000, 0x0000000084900000| Complete 
|  52|0x0000000084a00000, 0x0000000084b00000, 0x0000000084b00000|100%|HC|  |TAMS 0x0000000084b00000, 0x0000000084a00000| Complete 
|  53|0x0000000084b00000, 0x0000000084c00000, 0x0000000084c00000|100%|HS|  |TAMS 0x0000000084c00000, 0x0000000084b00000| Complete 
|  54|0x0000000084c00000, 0x0000000084d00000, 0x0000000084d00000|100%|HC|  |TAMS 0x0000000084d00000, 0x0000000084c00000| Complete 
|  55|0x0000000084d00000, 0x0000000084e00000, 0x0000000084e00000|100%|HC|  |TAMS 0x0000000084e00000, 0x0000000084d00000| Complete 
|  56|0x0000000084e00000, 0x0000000084f00000, 0x0000000084f00000|100%|HS|  |TAMS 0x0000000084f00000, 0x0000000084e00000| Complete 
|  57|0x0000000084f00000, 0x0000000085000000, 0x0000000085000000|100%|HC|  |TAMS 0x0000000085000000, 0x0000000084f00000| Complete 
|  58|0x0000000085000000, 0x0000000085100000, 0x0000000085100000|100%|HC|  |TAMS 0x0000000085100000, 0x0000000085000000| Complete 
|  59|0x0000000085100000, 0x0000000085200000, 0x0000000085200000|100%|HS|  |TAMS 0x0000000085200000, 0x0000000085100000| Complete 
|  60|0x0000000085200000, 0x0000000085300000, 0x0000000085300000|100%|HC|  |TAMS 0x0000000085300000, 0x0000000085200000| Complete 
|  61|0x0000000085300000, 0x0000000085400000, 0x0000000085400000|100%|HC|  |TAMS 0x0000000085400000, 0x0000000085300000| Complete 
|  62|0x0000000085400000, 0x0000000085500000, 0x0000000085500000|100%|HS|  |TAMS 0x0000000085500000, 0x0000000085400000| Complete 
|  63|0x0000000085500000, 0x0000000085600000, 0x0000000085600000|100%|HC|  |TAMS 0x0000000085600000, 0x0000000085500000| Complete 
|  64|0x0000000085600000, 0x0000000085700000, 0x0000000085700000|100%|HC|  |TAMS 0x0000000085700000, 0x0000000085600000| Complete 
|  65|0x0000000085700000, 0x0000000085800000, 0x0000000085800000|100%|HC|  |TAMS 0x0000000085800000, 0x0000000085700000| Complete 
|  66|0x0000000085800000, 0x0000000085900000, 0x0000000085900000|100%|HS|  |TAMS 0x0000000085900000, 0x0000000085800000| Complete 
|  67|0x0000000085900000, 0x0000000085a00000, 0x0000000085a00000|100%|HC|  |TAMS 0x0000000085a00000, 0x0000000085900000| Complete 
|  68|0x0000000085a00000, 0x0000000085b00000, 0x0000000085b00000|100%|HC|  |TAMS 0x0000000085b00000, 0x0000000085a00000| Complete 
|  69|0x0000000085b00000, 0x0000000085c00000, 0x0000000085c00000|100%|HC|  |TAMS 0x0000000085c00000, 0x0000000085b00000| Complete 
|  70|0x0000000085c00000, 0x0000000085d00000, 0x0000000085d00000|100%|HS|  |TAMS 0x0000000085d00000, 0x0000000085c00000| Complete 
|  71|0x0000000085d00000, 0x0000000085e00000, 0x0000000085e00000|100%|HC|  |TAMS 0x0000000085e00000, 0x0000000085d00000| Complete 
|  72|0x0000000085e00000, 0x0000000085f00000, 0x0000000085f00000|100%|HC|  |TAMS 0x0000000085f00000, 0x0000000085e00000| Complete 
|  73|0x0000000085f00000, 0x0000000086000000, 0x0000000086000000|100%|HC|  |TAMS 0x0000000086000000, 0x0000000085f00000| Complete 
|  74|0x0000000086000000, 0x0000000086100000, 0x0000000086100000|100%|HS|  |TAMS 0x0000000086100000, 0x0000000086000000| Complete 
|  75|0x0000000086100000, 0x0000000086200000, 0x0000000086200000|100%|HC|  |TAMS 0x0000000086200000, 0x0000000086100000| Complete 
|  76|0x0000000086200000, 0x0000000086300000, 0x0000000086300000|100%|HC|  |TAMS 0x0000000086300000, 0x0000000086200000| Complete 
|  77|0x0000000086300000, 0x0000000086400000, 0x0000000086400000|100%|HC|  |TAMS 0x0000000086400000, 0x0000000086300000| Complete 
|  78|0x0000000086400000, 0x0000000086500000, 0x0000000086500000|100%|HS|  |TAMS 0x0000000086500000, 0x0000000086400000| Complete 
|  79|0x0000000086500000, 0x0000000086600000, 0x0000000086600000|100%|HC|  |TAMS 0x0000000086600000, 0x0000000086500000| Complete 
|  80|0x0000000086600000, 0x0000000086700000, 0x0000000086700000|100%|HC|  |TAMS 0x0000000086700000, 0x0000000086600000| Complete 
|  81|0x0000000086700000, 0x0000000086800000, 0x0000000086800000|100%|HC|  |TAMS 0x0000000086800000, 0x0000000086700000| Complete 
|  82|0x0000000086800000, 0x0000000086900000, 0x0000000086900000|100%| O|  |TAMS 0x0000000086900000, 0x0000000086800000| Untracked 
|  83|0x0000000086900000, 0x0000000086a00000, 0x0000000086a00000|100%| O|  |TAMS 0x0000000086a00000, 0x0000000086900000| Untracked 
|  84|0x0000000086a00000, 0x0000000086b00000, 0x0000000086b00000|100%| O|  |TAMS 0x0000000086b00000, 0x0000000086a00000| Untracked 
|  85|0x0000000086b00000, 0x0000000086c00000, 0x0000000086c00000|100%| O|  |TAMS 0x0000000086c00000, 0x0000000086b00000| Untracked 
|  86|0x0000000086c00000, 0x0000000086d00000, 0x0000000086d00000|100%| O|  |TAMS 0x0000000086d00000, 0x0000000086c00000| Untracked 
|  87|0x0000000086d00000, 0x0000000086e00000, 0x0000000086e00000|100%| O|  |TAMS 0x0000000086e00000, 0x0000000086d00000| Untracked 
|  88|0x0000000086e00000, 0x0000000086f00000, 0x0000000086f00000|100%| O|  |TAMS 0x0000000086f00000, 0x0000000086e00000| Untracked 
|  89|0x0000000086f00000, 0x0000000087000000, 0x0000000087000000|100%| O|  |TAMS 0x0000000087000000, 0x0000000086f00000| Untracked 
|  90|0x0000000087000000, 0x0000000087100000, 0x0000000087100000|100%| O|  |TAMS 0x0000000087100000, 0x0000000087000000| Untracked 
|  91|0x0000000087100000, 0x0000000087200000, 0x0000000087200000|100%| O|  |TAMS 0x0000000087200000, 0x0000000087100000| Untracked 
|  92|0x0000000087200000, 0x0000000087300000, 0x0000000087300000|100%| O|  |TAMS 0x0000000087300000, 0x0000000087200000| Untracked 
|  93|0x0000000087300000, 0x0000000087400000, 0x0000000087400000|100%| O|  |TAMS 0x0000000087400000, 0x0000000087300000| Untracked 
|  94|0x0000000087400000, 0x0000000087500000, 0x0000000087500000|100%| O|  |TAMS 0x0000000087500000, 0x0000000087400000| Untracked 
|  95|0x0000000087500000, 0x0000000087600000, 0x0000000087600000|100%| O|  |TAMS 0x0000000087600000, 0x0000000087500000| Untracked 
|  96|0x0000000087600000, 0x0000000087700000, 0x0000000087700000|100%| O|  |TAMS 0x0000000087700000, 0x0000000087600000| Untracked 
|  97|0x0000000087700000, 0x0000000087800000, 0x0000000087800000|100%| O|  |TAMS 0x0000000087700000, 0x0000000087700000| Untracked 
|  98|0x0000000087800000, 0x0000000087900000, 0x0000000087900000|100%| O|  |TAMS 0x0000000087900000, 0x0000000087800000| Untracked 
|  99|0x0000000087900000, 0x0000000087900000, 0x0000000087a00000|  0%| F|  |TAMS 0x0000000087900000, 0x0000000087900000| Untracked 
| 100|0x0000000087a00000, 0x0000000087b00000, 0x0000000087b00000|100%| O|  |TAMS 0x0000000087b00000, 0x0000000087a00000| Untracked 
| 101|0x0000000087b00000, 0x0000000087c00000, 0x0000000087c00000|100%| O|  |TAMS 0x0000000087b00000, 0x0000000087b00000| Untracked 
| 102|0x0000000087c00000, 0x0000000087d00000, 0x0000000087d00000|100%| O|  |TAMS 0x0000000087d00000, 0x0000000087c00000| Untracked 
| 103|0x0000000087d00000, 0x0000000087d00000, 0x0000000087e00000|  0%| F|  |TAMS 0x0000000087d00000, 0x0000000087d00000| Untracked 
| 104|0x0000000087e00000, 0x0000000087f00000, 0x0000000087f00000|100%|HS|  |TAMS 0x0000000087f00000, 0x0000000087e00000| Complete 
| 105|0x0000000087f00000, 0x0000000088000000, 0x0000000088000000|100%|HC|  |TAMS 0x0000000088000000, 0x0000000087f00000| Complete 
| 106|0x0000000088000000, 0x0000000088100000, 0x0000000088100000|100%|HC|  |TAMS 0x0000000088100000, 0x0000000088000000| Complete 
| 107|0x0000000088100000, 0x0000000088200000, 0x0000000088200000|100%|HC|  |TAMS 0x0000000088200000, 0x0000000088100000| Complete 
| 108|0x0000000088200000, 0x0000000088300000, 0x0000000088300000|100%|HC|  |TAMS 0x0000000088300000, 0x0000000088200000| Complete 
| 109|0x0000000088300000, 0x0000000088400000, 0x0000000088400000|100%| O|  |TAMS 0x0000000088400000, 0x0000000088300000| Untracked 
| 110|0x0000000088400000, 0x0000000088500000, 0x0000000088500000|100%| O|  |TAMS 0x0000000088500000, 0x0000000088400000| Untracked 
| 111|0x0000000088500000, 0x0000000088600000, 0x0000000088600000|100%| O|  |TAMS 0x0000000088600000, 0x0000000088500000| Untracked 
| 112|0x0000000088600000, 0x0000000088700000, 0x0000000088700000|100%| O|  |TAMS 0x0000000088700000, 0x0000000088600000| Untracked 
| 113|0x0000000088700000, 0x0000000088800000, 0x0000000088800000|100%| O|  |TAMS 0x0000000088740800, 0x0000000088700000| Untracked 
| 114|0x0000000088800000, 0x0000000088900000, 0x0000000088900000|100%| O|  |TAMS 0x0000000088800000, 0x0000000088800000| Untracked 
| 115|0x0000000088900000, 0x00000000889be400, 0x0000000088a00000| 74%| O|  |TAMS 0x0000000088900000, 0x0000000088900000| Untracked 
| 116|0x0000000088a00000, 0x0000000088a00000, 0x0000000088b00000|  0%| F|  |TAMS 0x0000000088a00000, 0x0000000088a00000| Untracked 
| 117|0x0000000088b00000, 0x0000000088b00000, 0x0000000088c00000|  0%| F|  |TAMS 0x0000000088b00000, 0x0000000088b00000| Untracked 
| 118|0x0000000088c00000, 0x0000000088c00000, 0x0000000088d00000|  0%| F|  |TAMS 0x0000000088c00000, 0x0000000088c00000| Untracked 
| 119|0x0000000088d00000, 0x0000000088d00000, 0x0000000088e00000|  0%| F|  |TAMS 0x0000000088d00000, 0x0000000088d00000| Untracked 
| 120|0x0000000088e00000, 0x0000000088e00000, 0x0000000088f00000|  0%| F|  |TAMS 0x0000000088e00000, 0x0000000088e00000| Untracked 
| 121|0x0000000088f00000, 0x0000000088f00000, 0x0000000089000000|  0%| F|  |TAMS 0x0000000088f00000, 0x0000000088f00000| Untracked 
| 122|0x0000000089000000, 0x0000000089000000, 0x0000000089100000|  0%| F|  |TAMS 0x0000000089000000, 0x0000000089000000| Untracked 
| 123|0x0000000089100000, 0x0000000089100000, 0x0000000089200000|  0%| F|  |TAMS 0x0000000089100000, 0x0000000089100000| Untracked 
| 124|0x0000000089200000, 0x0000000089200000, 0x0000000089300000|  0%| F|  |TAMS 0x0000000089200000, 0x0000000089200000| Untracked 
| 125|0x0000000089300000, 0x0000000089300000, 0x0000000089400000|  0%| F|  |TAMS 0x0000000089300000, 0x0000000089300000| Untracked 
| 126|0x0000000089400000, 0x0000000089400000, 0x0000000089500000|  0%| F|  |TAMS 0x0000000089400000, 0x0000000089400000| Untracked 
| 127|0x0000000089500000, 0x0000000089500000, 0x0000000089600000|  0%| F|  |TAMS 0x0000000089500000, 0x0000000089500000| Untracked 
| 128|0x0000000089600000, 0x0000000089600000, 0x0000000089700000|  0%| F|  |TAMS 0x0000000089600000, 0x0000000089600000| Untracked 
| 129|0x0000000089700000, 0x0000000089700000, 0x0000000089800000|  0%| F|  |TAMS 0x0000000089700000, 0x0000000089700000| Untracked 
| 130|0x0000000089800000, 0x0000000089800000, 0x0000000089900000|  0%| F|  |TAMS 0x0000000089800000, 0x0000000089800000| Untracked 
| 131|0x0000000089900000, 0x0000000089900000, 0x0000000089a00000|  0%| F|  |TAMS 0x0000000089900000, 0x0000000089900000| Untracked 
| 132|0x0000000089a00000, 0x0000000089a00000, 0x0000000089b00000|  0%| F|  |TAMS 0x0000000089a00000, 0x0000000089a00000| Untracked 
| 133|0x0000000089b00000, 0x0000000089b00000, 0x0000000089c00000|  0%| F|  |TAMS 0x0000000089b00000, 0x0000000089b00000| Untracked 
| 134|0x0000000089c00000, 0x0000000089c00000, 0x0000000089d00000|  0%| F|  |TAMS 0x0000000089c00000, 0x0000000089c00000| Untracked 
| 135|0x0000000089d00000, 0x0000000089d00000, 0x0000000089e00000|  0%| F|  |TAMS 0x0000000089d00000, 0x0000000089d00000| Untracked 
| 136|0x0000000089e00000, 0x0000000089e00000, 0x0000000089f00000|  0%| F|  |TAMS 0x0000000089e00000, 0x0000000089e00000| Untracked 
| 137|0x0000000089f00000, 0x0000000089f00000, 0x000000008a000000|  0%| F|  |TAMS 0x0000000089f00000, 0x0000000089f00000| Untracked 
| 138|0x000000008a000000, 0x000000008a000000, 0x000000008a100000|  0%| F|  |TAMS 0x000000008a000000, 0x000000008a000000| Untracked 
| 139|0x000000008a100000, 0x000000008a100000, 0x000000008a200000|  0%| F|  |TAMS 0x000000008a100000, 0x000000008a100000| Untracked 
| 140|0x000000008a200000, 0x000000008a200000, 0x000000008a300000|  0%| F|  |TAMS 0x000000008a200000, 0x000000008a200000| Untracked 
| 141|0x000000008a300000, 0x000000008a300000, 0x000000008a400000|  0%| F|  |TAMS 0x000000008a300000, 0x000000008a300000| Untracked 
| 142|0x000000008a400000, 0x000000008a400000, 0x000000008a500000|  0%| F|  |TAMS 0x000000008a400000, 0x000000008a400000| Untracked 
| 143|0x000000008a500000, 0x000000008a500000, 0x000000008a600000|  0%| F|  |TAMS 0x000000008a500000, 0x000000008a500000| Untracked 
| 144|0x000000008a600000, 0x000000008a600000, 0x000000008a700000|  0%| F|  |TAMS 0x000000008a600000, 0x000000008a600000| Untracked 
| 145|0x000000008a700000, 0x000000008a700000, 0x000000008a800000|  0%| F|  |TAMS 0x000000008a700000, 0x000000008a700000| Untracked 
| 146|0x000000008a800000, 0x000000008a800000, 0x000000008a900000|  0%| F|  |TAMS 0x000000008a800000, 0x000000008a800000| Untracked 
| 147|0x000000008a900000, 0x000000008a900000, 0x000000008aa00000|  0%| F|  |TAMS 0x000000008a900000, 0x000000008a900000| Untracked 
| 148|0x000000008aa00000, 0x000000008aa00000, 0x000000008ab00000|  0%| F|  |TAMS 0x000000008aa00000, 0x000000008aa00000| Untracked 
| 149|0x000000008ab00000, 0x000000008ab00000, 0x000000008ac00000|  0%| F|  |TAMS 0x000000008ab00000, 0x000000008ab00000| Untracked 
| 150|0x000000008ac00000, 0x000000008ac00000, 0x000000008ad00000|  0%| F|  |TAMS 0x000000008ac00000, 0x000000008ac00000| Untracked 
| 151|0x000000008ad00000, 0x000000008ad10e80, 0x000000008ae00000|  6%| S|CS|TAMS 0x000000008ad00000, 0x000000008ad00000| Complete 
| 152|0x000000008ae00000, 0x000000008af00000, 0x000000008af00000|100%| S|CS|TAMS 0x000000008ae00000, 0x000000008ae00000| Complete 
| 153|0x000000008af00000, 0x000000008b000000, 0x000000008b000000|100%| S|CS|TAMS 0x000000008af00000, 0x000000008af00000| Complete 
| 154|0x000000008b000000, 0x000000008b100000, 0x000000008b100000|100%| S|CS|TAMS 0x000000008b000000, 0x000000008b000000| Complete 
| 155|0x000000008b100000, 0x000000008b100000, 0x000000008b200000|  0%| F|  |TAMS 0x000000008b100000, 0x000000008b100000| Untracked 
| 156|0x000000008b200000, 0x000000008b200000, 0x000000008b300000|  0%| F|  |TAMS 0x000000008b200000, 0x000000008b200000| Untracked 
| 157|0x000000008b300000, 0x000000008b300000, 0x000000008b400000|  0%| F|  |TAMS 0x000000008b300000, 0x000000008b300000| Untracked 
| 158|0x000000008b400000, 0x000000008b400000, 0x000000008b500000|  0%| F|  |TAMS 0x000000008b400000, 0x000000008b400000| Untracked 
| 159|0x000000008b500000, 0x000000008b500000, 0x000000008b600000|  0%| F|  |TAMS 0x000000008b500000, 0x000000008b500000| Untracked 
| 160|0x000000008b600000, 0x000000008b600000, 0x000000008b700000|  0%| F|  |TAMS 0x000000008b600000, 0x000000008b600000| Untracked 
| 161|0x000000008b700000, 0x000000008b700000, 0x000000008b800000|  0%| F|  |TAMS 0x000000008b700000, 0x000000008b700000| Untracked 
| 162|0x000000008b800000, 0x000000008b800000, 0x000000008b900000|  0%| F|  |TAMS 0x000000008b800000, 0x000000008b800000| Untracked 
| 163|0x000000008b900000, 0x000000008b900000, 0x000000008ba00000|  0%| F|  |TAMS 0x000000008b900000, 0x000000008b900000| Untracked 
| 164|0x000000008ba00000, 0x000000008ba00000, 0x000000008bb00000|  0%| F|  |TAMS 0x000000008ba00000, 0x000000008ba00000| Untracked 
| 165|0x000000008bb00000, 0x000000008bb00000, 0x000000008bc00000|  0%| F|  |TAMS 0x000000008bb00000, 0x000000008bb00000| Untracked 
| 166|0x000000008bc00000, 0x000000008bc00000, 0x000000008bd00000|  0%| F|  |TAMS 0x000000008bc00000, 0x000000008bc00000| Untracked 
| 167|0x000000008bd00000, 0x000000008bd00000, 0x000000008be00000|  0%| F|  |TAMS 0x000000008bd00000, 0x000000008bd00000| Untracked 
| 168|0x000000008be00000, 0x000000008be00000, 0x000000008bf00000|  0%| F|  |TAMS 0x000000008be00000, 0x000000008be00000| Untracked 
| 169|0x000000008bf00000, 0x000000008bf00000, 0x000000008c000000|  0%| F|  |TAMS 0x000000008bf00000, 0x000000008bf00000| Untracked 
| 170|0x000000008c000000, 0x000000008c000000, 0x000000008c100000|  0%| F|  |TAMS 0x000000008c000000, 0x000000008c000000| Untracked 
| 171|0x000000008c100000, 0x000000008c100000, 0x000000008c200000|  0%| F|  |TAMS 0x000000008c100000, 0x000000008c100000| Untracked 
| 172|0x000000008c200000, 0x000000008c200000, 0x000000008c300000|  0%| F|  |TAMS 0x000000008c200000, 0x000000008c200000| Untracked 
| 173|0x000000008c300000, 0x000000008c300000, 0x000000008c400000|  0%| F|  |TAMS 0x000000008c300000, 0x000000008c300000| Untracked 
| 174|0x000000008c400000, 0x000000008c400000, 0x000000008c500000|  0%| F|  |TAMS 0x000000008c400000, 0x000000008c400000| Untracked 
| 175|0x000000008c500000, 0x000000008c500000, 0x000000008c600000|  0%| F|  |TAMS 0x000000008c500000, 0x000000008c500000| Untracked 
| 176|0x000000008c600000, 0x000000008c600000, 0x000000008c700000|  0%| F|  |TAMS 0x000000008c600000, 0x000000008c600000| Untracked 
| 177|0x000000008c700000, 0x000000008c700000, 0x000000008c800000|  0%| F|  |TAMS 0x000000008c700000, 0x000000008c700000| Untracked 
| 178|0x000000008c800000, 0x000000008c800000, 0x000000008c900000|  0%| F|  |TAMS 0x000000008c800000, 0x000000008c800000| Untracked 
| 179|0x000000008c900000, 0x000000008c900000, 0x000000008ca00000|  0%| F|  |TAMS 0x000000008c900000, 0x000000008c900000| Untracked 
| 180|0x000000008ca00000, 0x000000008ca00000, 0x000000008cb00000|  0%| F|  |TAMS 0x000000008ca00000, 0x000000008ca00000| Untracked 
| 181|0x000000008cb00000, 0x000000008cb00000, 0x000000008cc00000|  0%| F|  |TAMS 0x000000008cb00000, 0x000000008cb00000| Untracked 
| 182|0x000000008cc00000, 0x000000008cc00000, 0x000000008cd00000|  0%| F|  |TAMS 0x000000008cc00000, 0x000000008cc00000| Untracked 
| 183|0x000000008cd00000, 0x000000008cd00000, 0x000000008ce00000|  0%| F|  |TAMS 0x000000008cd00000, 0x000000008cd00000| Untracked 
| 184|0x000000008ce00000, 0x000000008ce00000, 0x000000008cf00000|  0%| F|  |TAMS 0x000000008ce00000, 0x000000008ce00000| Untracked 
| 185|0x000000008cf00000, 0x000000008cf00000, 0x000000008d000000|  0%| F|  |TAMS 0x000000008cf00000, 0x000000008cf00000| Untracked 
| 186|0x000000008d000000, 0x000000008d000000, 0x000000008d100000|  0%| F|  |TAMS 0x000000008d000000, 0x000000008d000000| Untracked 
| 187|0x000000008d100000, 0x000000008d100000, 0x000000008d200000|  0%| F|  |TAMS 0x000000008d100000, 0x000000008d100000| Untracked 
| 188|0x000000008d200000, 0x000000008d200000, 0x000000008d300000|  0%| F|  |TAMS 0x000000008d200000, 0x000000008d200000| Untracked 
| 189|0x000000008d300000, 0x000000008d300000, 0x000000008d400000|  0%| F|  |TAMS 0x000000008d300000, 0x000000008d300000| Untracked 
| 190|0x000000008d400000, 0x000000008d400000, 0x000000008d500000|  0%| F|  |TAMS 0x000000008d400000, 0x000000008d400000| Untracked 
| 191|0x000000008d500000, 0x000000008d500000, 0x000000008d600000|  0%| F|  |TAMS 0x000000008d500000, 0x000000008d500000| Untracked 
| 192|0x000000008d600000, 0x000000008d600000, 0x000000008d700000|  0%| F|  |TAMS 0x000000008d600000, 0x000000008d600000| Untracked 
| 193|0x000000008d700000, 0x000000008d700000, 0x000000008d800000|  0%| F|  |TAMS 0x000000008d700000, 0x000000008d700000| Untracked 
| 194|0x000000008d800000, 0x000000008d800000, 0x000000008d900000|  0%| F|  |TAMS 0x000000008d800000, 0x000000008d800000| Untracked 
| 195|0x000000008d900000, 0x000000008d900000, 0x000000008da00000|  0%| F|  |TAMS 0x000000008d900000, 0x000000008d900000| Untracked 
| 196|0x000000008da00000, 0x000000008da00000, 0x000000008db00000|  0%| F|  |TAMS 0x000000008da00000, 0x000000008da00000| Untracked 
| 197|0x000000008db00000, 0x000000008db00000, 0x000000008dc00000|  0%| F|  |TAMS 0x000000008db00000, 0x000000008db00000| Untracked 
| 198|0x000000008dc00000, 0x000000008dc00000, 0x000000008dd00000|  0%| F|  |TAMS 0x000000008dc00000, 0x000000008dc00000| Untracked 
| 199|0x000000008dd00000, 0x000000008dd00000, 0x000000008de00000|  0%| F|  |TAMS 0x000000008dd00000, 0x000000008dd00000| Untracked 
| 200|0x000000008de00000, 0x000000008de00000, 0x000000008df00000|  0%| F|  |TAMS 0x000000008de00000, 0x000000008de00000| Untracked 
| 201|0x000000008df00000, 0x000000008df00000, 0x000000008e000000|  0%| F|  |TAMS 0x000000008df00000, 0x000000008df00000| Untracked 
| 202|0x000000008e000000, 0x000000008e000000, 0x000000008e100000|  0%| F|  |TAMS 0x000000008e000000, 0x000000008e000000| Untracked 
| 203|0x000000008e100000, 0x000000008e100000, 0x000000008e200000|  0%| F|  |TAMS 0x000000008e100000, 0x000000008e100000| Untracked 
| 204|0x000000008e200000, 0x000000008e200000, 0x000000008e300000|  0%| F|  |TAMS 0x000000008e200000, 0x000000008e200000| Untracked 
| 205|0x000000008e300000, 0x000000008e300000, 0x000000008e400000|  0%| F|  |TAMS 0x000000008e300000, 0x000000008e300000| Untracked 
| 206|0x000000008e400000, 0x000000008e400000, 0x000000008e500000|  0%| F|  |TAMS 0x000000008e400000, 0x000000008e400000| Untracked 
| 207|0x000000008e500000, 0x000000008e500000, 0x000000008e600000|  0%| F|  |TAMS 0x000000008e500000, 0x000000008e500000| Untracked 
| 208|0x000000008e600000, 0x000000008e600000, 0x000000008e700000|  0%| F|  |TAMS 0x000000008e600000, 0x000000008e600000| Untracked 
| 209|0x000000008e700000, 0x000000008e700000, 0x000000008e800000|  0%| F|  |TAMS 0x000000008e700000, 0x000000008e700000| Untracked 
| 210|0x000000008e800000, 0x000000008e800000, 0x000000008e900000|  0%| F|  |TAMS 0x000000008e800000, 0x000000008e800000| Untracked 
| 211|0x000000008e900000, 0x000000008e900000, 0x000000008ea00000|  0%| F|  |TAMS 0x000000008e900000, 0x000000008e900000| Untracked 
| 212|0x000000008ea00000, 0x000000008ea00000, 0x000000008eb00000|  0%| F|  |TAMS 0x000000008ea00000, 0x000000008ea00000| Untracked 
| 213|0x000000008eb00000, 0x000000008eb00000, 0x000000008ec00000|  0%| F|  |TAMS 0x000000008eb00000, 0x000000008eb00000| Untracked 
| 214|0x000000008ec00000, 0x000000008ec00000, 0x000000008ed00000|  0%| F|  |TAMS 0x000000008ec00000, 0x000000008ec00000| Untracked 
| 215|0x000000008ed00000, 0x000000008ed00000, 0x000000008ee00000|  0%| F|  |TAMS 0x000000008ed00000, 0x000000008ed00000| Untracked 
| 216|0x000000008ee00000, 0x000000008ee00000, 0x000000008ef00000|  0%| F|  |TAMS 0x000000008ee00000, 0x000000008ee00000| Untracked 
| 217|0x000000008ef00000, 0x000000008ef00000, 0x000000008f000000|  0%| F|  |TAMS 0x000000008ef00000, 0x000000008ef00000| Untracked 
| 218|0x000000008f000000, 0x000000008f000000, 0x000000008f100000|  0%| F|  |TAMS 0x000000008f000000, 0x000000008f000000| Untracked 
| 219|0x000000008f100000, 0x000000008f100000, 0x000000008f200000|  0%| F|  |TAMS 0x000000008f100000, 0x000000008f100000| Untracked 
| 220|0x000000008f200000, 0x000000008f200000, 0x000000008f300000|  0%| F|  |TAMS 0x000000008f200000, 0x000000008f200000| Untracked 
| 221|0x000000008f300000, 0x000000008f300000, 0x000000008f400000|  0%| F|  |TAMS 0x000000008f300000, 0x000000008f300000| Untracked 
| 222|0x000000008f400000, 0x000000008f400000, 0x000000008f500000|  0%| F|  |TAMS 0x000000008f400000, 0x000000008f400000| Untracked 
| 223|0x000000008f500000, 0x000000008f500000, 0x000000008f600000|  0%| F|  |TAMS 0x000000008f500000, 0x000000008f500000| Untracked 
| 224|0x000000008f600000, 0x000000008f600000, 0x000000008f700000|  0%| F|  |TAMS 0x000000008f600000, 0x000000008f600000| Untracked 
| 225|0x000000008f700000, 0x000000008f700000, 0x000000008f800000|  0%| F|  |TAMS 0x000000008f700000, 0x000000008f700000| Untracked 
| 226|0x000000008f800000, 0x000000008f800000, 0x000000008f900000|  0%| F|  |TAMS 0x000000008f800000, 0x000000008f800000| Untracked 
| 227|0x000000008f900000, 0x000000008f900000, 0x000000008fa00000|  0%| F|  |TAMS 0x000000008f900000, 0x000000008f900000| Untracked 
| 228|0x000000008fa00000, 0x000000008fa00000, 0x000000008fb00000|  0%| F|  |TAMS 0x000000008fa00000, 0x000000008fa00000| Untracked 
| 229|0x000000008fb00000, 0x000000008fb00000, 0x000000008fc00000|  0%| F|  |TAMS 0x000000008fb00000, 0x000000008fb00000| Untracked 
| 230|0x000000008fc00000, 0x000000008fc00000, 0x000000008fd00000|  0%| F|  |TAMS 0x000000008fc00000, 0x000000008fc00000| Untracked 
| 231|0x000000008fd00000, 0x000000008fd00000, 0x000000008fe00000|  0%| F|  |TAMS 0x000000008fd00000, 0x000000008fd00000| Untracked 
| 232|0x000000008fe00000, 0x000000008fe00000, 0x000000008ff00000|  0%| F|  |TAMS 0x000000008fe00000, 0x000000008fe00000| Untracked 
| 233|0x000000008ff00000, 0x000000008ff00000, 0x0000000090000000|  0%| F|  |TAMS 0x000000008ff00000, 0x000000008ff00000| Untracked 
| 234|0x0000000090000000, 0x0000000090000000, 0x0000000090100000|  0%| F|  |TAMS 0x0000000090000000, 0x0000000090000000| Untracked 
| 235|0x0000000090100000, 0x0000000090100000, 0x0000000090200000|  0%| F|  |TAMS 0x0000000090100000, 0x0000000090100000| Untracked 
| 236|0x0000000090200000, 0x0000000090200000, 0x0000000090300000|  0%| F|  |TAMS 0x0000000090200000, 0x0000000090200000| Untracked 
| 237|0x0000000090300000, 0x0000000090300000, 0x0000000090400000|  0%| F|  |TAMS 0x0000000090300000, 0x0000000090300000| Untracked 
| 238|0x0000000090400000, 0x0000000090400000, 0x0000000090500000|  0%| F|  |TAMS 0x0000000090400000, 0x0000000090400000| Untracked 
| 239|0x0000000090500000, 0x0000000090500000, 0x0000000090600000|  0%| F|  |TAMS 0x0000000090500000, 0x0000000090500000| Untracked 
| 240|0x0000000090600000, 0x0000000090600000, 0x0000000090700000|  0%| F|  |TAMS 0x0000000090600000, 0x0000000090600000| Untracked 
| 241|0x0000000090700000, 0x0000000090700000, 0x0000000090800000|  0%| F|  |TAMS 0x0000000090700000, 0x0000000090700000| Untracked 
| 242|0x0000000090800000, 0x0000000090800000, 0x0000000090900000|  0%| F|  |TAMS 0x0000000090800000, 0x0000000090800000| Untracked 
| 243|0x0000000090900000, 0x0000000090900000, 0x0000000090a00000|  0%| F|  |TAMS 0x0000000090900000, 0x0000000090900000| Untracked 
| 244|0x0000000090a00000, 0x0000000090a00000, 0x0000000090b00000|  0%| F|  |TAMS 0x0000000090a00000, 0x0000000090a00000| Untracked 
| 245|0x0000000090b00000, 0x0000000090b00000, 0x0000000090c00000|  0%| F|  |TAMS 0x0000000090b00000, 0x0000000090b00000| Untracked 
| 246|0x0000000090c00000, 0x0000000090c00000, 0x0000000090d00000|  0%| F|  |TAMS 0x0000000090c00000, 0x0000000090c00000| Untracked 
| 247|0x0000000090d00000, 0x0000000090d00000, 0x0000000090e00000|  0%| F|  |TAMS 0x0000000090d00000, 0x0000000090d00000| Untracked 
| 248|0x0000000090e00000, 0x0000000090e00000, 0x0000000090f00000|  0%| F|  |TAMS 0x0000000090e00000, 0x0000000090e00000| Untracked 
| 249|0x0000000090f00000, 0x0000000090f00000, 0x0000000091000000|  0%| F|  |TAMS 0x0000000090f00000, 0x0000000090f00000| Untracked 
| 250|0x0000000091000000, 0x0000000091000000, 0x0000000091100000|  0%| F|  |TAMS 0x0000000091000000, 0x0000000091000000| Untracked 
| 251|0x0000000091100000, 0x0000000091100000, 0x0000000091200000|  0%| F|  |TAMS 0x0000000091100000, 0x0000000091100000| Untracked 
| 252|0x0000000091200000, 0x0000000091200000, 0x0000000091300000|  0%| F|  |TAMS 0x0000000091200000, 0x0000000091200000| Untracked 
| 253|0x0000000091300000, 0x0000000091300000, 0x0000000091400000|  0%| F|  |TAMS 0x0000000091300000, 0x0000000091300000| Untracked 
| 254|0x0000000091400000, 0x0000000091400000, 0x0000000091500000|  0%| F|  |TAMS 0x0000000091400000, 0x0000000091400000| Untracked 
| 255|0x0000000091500000, 0x0000000091500000, 0x0000000091600000|  0%| F|  |TAMS 0x0000000091500000, 0x0000000091500000| Untracked 
| 256|0x0000000091600000, 0x0000000091600000, 0x0000000091700000|  0%| F|  |TAMS 0x0000000091600000, 0x0000000091600000| Untracked 
| 257|0x0000000091700000, 0x0000000091700000, 0x0000000091800000|  0%| F|  |TAMS 0x0000000091700000, 0x0000000091700000| Untracked 
| 258|0x0000000091800000, 0x0000000091800000, 0x0000000091900000|  0%| F|  |TAMS 0x0000000091800000, 0x0000000091800000| Untracked 
| 259|0x0000000091900000, 0x0000000091900000, 0x0000000091a00000|  0%| F|  |TAMS 0x0000000091900000, 0x0000000091900000| Untracked 
| 260|0x0000000091a00000, 0x0000000091a00000, 0x0000000091b00000|  0%| F|  |TAMS 0x0000000091a00000, 0x0000000091a00000| Untracked 
| 261|0x0000000091b00000, 0x0000000091b00000, 0x0000000091c00000|  0%| F|  |TAMS 0x0000000091b00000, 0x0000000091b00000| Untracked 
| 262|0x0000000091c00000, 0x0000000091c00000, 0x0000000091d00000|  0%| F|  |TAMS 0x0000000091c00000, 0x0000000091c00000| Untracked 
| 263|0x0000000091d00000, 0x0000000091d00000, 0x0000000091e00000|  0%| F|  |TAMS 0x0000000091d00000, 0x0000000091d00000| Untracked 
| 264|0x0000000091e00000, 0x0000000091e00000, 0x0000000091f00000|  0%| F|  |TAMS 0x0000000091e00000, 0x0000000091e00000| Untracked 

Card table byte_map: [0x000001637f250000,0x000001637f650000] _byte_map_base: 0x000001637ee45000

Marking Bits (Prev, Next): (CMBitMap*) 0x000001636790b140, (CMBitMap*) 0x000001636790b180
 Prev Bits: [0x0000016300000000, 0x0000016301fa8000)
 Next Bits: [0x0000016301fb0000, 0x0000016303f58000)

Polling page: 0x0000016365700000

Metaspace:

Usage:
  Non-class:     74.15 MB used.
      Class:      9.44 MB used.
       Both:     83.59 MB used.

Virtual space:
  Non-class space:      128.00 MB reserved,      74.62 MB ( 58%) committed,  2 nodes.
      Class space:        1.00 GB reserved,       9.88 MB ( <1%) committed,  1 nodes.
             Both:        1.12 GB reserved,      84.50 MB (  7%) committed. 

Chunk freelists:
   Non-Class:  4.62 MB
       Class:  6.08 MB
        Both:  10.70 MB

MaxMetaspaceSize: unlimited
CompressedClassSpaceSize: 1.00 GB
Initial GC threshold: 21.00 MB
Current GC threshold: 140.75 MB
CDS: off
MetaspaceReclaimPolicy: balanced
 - commit_granule_bytes: 65536.
 - commit_granule_words: 8192.
 - virtual_space_node_default_size: 8388608.
 - enlarge_chunks_in_place: 1.
 - new_chunks_are_fully_committed: 0.
 - uncommit_free_chunks: 1.
 - use_allocation_guard: 0.
 - handle_deallocations: 1.


Internal statistics:

num_allocs_failed_limit: 6.
num_arena_births: 808.
num_arena_deaths: 0.
num_vsnodes_births: 3.
num_vsnodes_deaths: 0.
num_space_committed: 1352.
num_space_uncommitted: 0.
num_chunks_returned_to_freelist: 6.
num_chunks_taken_from_freelist: 3025.
num_chunk_merges: 3.
num_chunk_splits: 2196.
num_chunks_enlarged: 1612.
num_inconsistent_stats: 0.

CodeHeap 'non-profiled nmethods': size=120000Kb used=4926Kb max_used=5491Kb free=115073Kb
 bounds [0x00000163775f0000, 0x0000016377b50000, 0x000001637eb20000]
CodeHeap 'profiled nmethods': size=120000Kb used=12692Kb max_used=14890Kb free=107307Kb
 bounds [0x000001636fb20000, 0x00000163709b0000, 0x0000016377050000]
CodeHeap 'non-nmethods': size=5760Kb used=1501Kb max_used=1645Kb free=4259Kb
 bounds [0x0000016377050000, 0x00000163772c0000, 0x00000163775f0000]
 total_blobs=7319 nmethods=6445 adapters=785
 compilation: enabled
              stopped_count=0, restarted_count=0
 full_count=0

Compilation events (20 events):
Event: 21.485 Thread 0x000001630fe8f3c0 7987       4       com.st.microxplorer.mcu.McuExternalApplication::isOSField (72 bytes)
Event: 21.491 Thread 0x00000163064ff4f0 nmethod 7984 0x0000016377980e90 code [0x0000016377981040, 0x0000016377981558]
Event: 21.491 Thread 0x00000163064ff4f0 7988       4       com.st.microxplorer.altova.db.IP_Modes.RefParameterType::instantiateMembers (599 bytes)
Event: 21.497 Thread 0x000001630fe8f3c0 nmethod 7987 0x0000016377ab0890 code [0x0000016377ab0a60, 0x0000016377ab0e00]
Event: 21.497 Thread 0x000001630fe8f3c0 7989       4       com.st.microxplorer.altova.db.IP_Modes.RefModeType$MemberElement_ConfigForMode$MemberElement_ConfigForMode_Iterator::hasNext (44 bytes)
Event: 21.501 Thread 0x000001630fe8f3c0 nmethod 7989 0x0000016377733490 code [0x0000016377733620, 0x0000016377733828]
Event: 21.508 Thread 0x000001630fe8f3c0 7990       4       com.st.microxplorer.altova.db.IP_Modes.xs.stringType::getValue (22 bytes)
Event: 21.510 Thread 0x000001630fe8f3c0 nmethod 7990 0x00000163779a5b90 code [0x00000163779a5d20, 0x00000163779a5e08]
Event: 21.516 Thread 0x000001630fe8f3c0 7991       4       com.st.microxplorer.mcu.IP::addParameterPossibleValuesToRefMode (15 bytes)
Event: 21.520 Thread 0x0000016306500740 7995       1       org.apache.xerces.impl.dtd.DTDGrammarBucket::setStandalone (6 bytes)
Event: 21.520 Thread 0x0000016306500740 nmethod 7995 0x00000163777f6f10 code [0x00000163777f70a0, 0x00000163777f7178]
Event: 21.529 Thread 0x000001630fe8f3c0 nmethod 7991 0x0000016377789590 code [0x0000016377789740, 0x0000016377789d88]
Event: 21.529 Thread 0x000001630fe8f3c0 7992       4       com.st.microxplorer.altova.db.IP_Modes.ParameterType$MemberElement_Condition::exists (13 bytes)
Event: 21.529 Thread 0x0000016306500740 7996       3       com.st.microxplorer.altova.db.IP_Modes.RefSignalType$MemberAttribute_Virtual::getValue (22 bytes)
Event: 21.530 Thread 0x0000016306500740 nmethod 7996 0x00000163707ea110 code [0x00000163707ea340, 0x00000163707eab68]
Event: 21.534 Thread 0x000001630fe8f3c0 nmethod 7992 0x00000163776aaa90 code [0x00000163776aac40, 0x00000163776aae58]
Event: 21.534 Thread 0x000001630fe8f3c0 7993       4       com.st.microxplorer.altova.db.IP_Modes.ParameterType$MemberAttribute_Group::exists (20 bytes)
Event: 21.549 Thread 0x000001630fe8f3c0 nmethod 7993 0x00000163778d7790 code [0x00000163778d7940, 0x00000163778d7f78]
Event: 21.549 Thread 0x000001630fe8f3c0 7994       4       com.st.microxplorer.altova.db.IP_Modes.ParameterType$MemberAttribute_TabName::exists (20 bytes)
Event: 21.567 Thread 0x000001630fe8f3c0 nmethod 7994 0x0000016377a86510 code [0x0000016377a866c0, 0x0000016377a86cd8]

GC Heap History (20 events):
Event: 19.052 GC heap after
{Heap after GC invocations=46 (full 0):
 garbage-first heap   total 199680K, used 111740K [0x0000000081600000, 0x0000000100000000)
  region size 1024K, 6 young (6144K), 6 survivors (6144K)
 Metaspace       used 85477K, committed 86464K, reserved 1179648K
  class space    used 9659K, committed 10112K, reserved 1048576K
}
Event: 19.167 GC heap before
{Heap before GC invocations=46 (full 0):
 garbage-first heap   total 199680K, used 114812K [0x0000000081600000, 0x0000000100000000)
  region size 1024K, 9 young (9216K), 6 survivors (6144K)
 Metaspace       used 85479K, committed 86464K, reserved 1179648K
  class space    used 9659K, committed 10112K, reserved 1048576K
}
Event: 19.171 GC heap after
{Heap after GC invocations=47 (full 0):
 garbage-first heap   total 199680K, used 110197K [0x0000000081600000, 0x0000000100000000)
  region size 1024K, 1 young (1024K), 1 survivors (1024K)
 Metaspace       used 85479K, committed 86464K, reserved 1179648K
  class space    used 9659K, committed 10112K, reserved 1048576K
}
Event: 19.665 GC heap before
{Heap before GC invocations=47 (full 0):
 garbage-first heap   total 199680K, used 159349K [0x0000000081600000, 0x0000000100000000)
  region size 1024K, 49 young (50176K), 1 survivors (1024K)
 Metaspace       used 85479K, committed 86464K, reserved 1179648K
  class space    used 9659K, committed 10112K, reserved 1048576K
}
Event: 19.667 GC heap after
{Heap after GC invocations=48 (full 0):
 garbage-first heap   total 239616K, used 109941K [0x0000000081600000, 0x0000000100000000)
  region size 1024K, 1 young (1024K), 1 survivors (1024K)
 Metaspace       used 85479K, committed 86464K, reserved 1179648K
  class space    used 9659K, committed 10112K, reserved 1048576K
}
Event: 20.070 GC heap before
{Heap before GC invocations=49 (full 0):
 garbage-first heap   total 239616K, used 193909K [0x0000000081600000, 0x0000000100000000)
  region size 1024K, 83 young (84992K), 1 survivors (1024K)
 Metaspace       used 85512K, committed 86464K, reserved 1179648K
  class space    used 9659K, committed 10112K, reserved 1048576K
}
Event: 20.075 GC heap after
{Heap after GC invocations=50 (full 0):
 garbage-first heap   total 239616K, used 115850K [0x0000000081600000, 0x0000000100000000)
  region size 1024K, 7 young (7168K), 7 survivors (7168K)
 Metaspace       used 85512K, committed 86464K, reserved 1179648K
  class space    used 9659K, committed 10112K, reserved 1048576K
}
Event: 20.100 GC heap before
{Heap before GC invocations=50 (full 0):
 garbage-first heap   total 239616K, used 119946K [0x0000000081600000, 0x0000000100000000)
  region size 1024K, 11 young (11264K), 7 survivors (7168K)
 Metaspace       used 85512K, committed 86464K, reserved 1179648K
  class space    used 9659K, committed 10112K, reserved 1048576K
}
Event: 20.105 GC heap after
{Heap after GC invocations=51 (full 0):
 garbage-first heap   total 239616K, used 114471K [0x0000000081600000, 0x0000000100000000)
  region size 1024K, 1 young (1024K), 1 survivors (1024K)
 Metaspace       used 85512K, committed 86464K, reserved 1179648K
  class space    used 9659K, committed 10112K, reserved 1048576K
}
Event: 20.379 GC heap before
{Heap before GC invocations=51 (full 0):
 garbage-first heap   total 239616K, used 195367K [0x0000000081600000, 0x0000000100000000)
  region size 1024K, 80 young (81920K), 1 survivors (1024K)
 Metaspace       used 85535K, committed 86528K, reserved 1179648K
  class space    used 9659K, committed 10112K, reserved 1048576K
}
Event: 20.380 GC heap after
{Heap after GC invocations=52 (full 0):
 garbage-first heap   total 239616K, used 114974K [0x0000000081600000, 0x0000000100000000)
  region size 1024K, 2 young (2048K), 2 survivors (2048K)
 Metaspace       used 85535K, committed 86528K, reserved 1179648K
  class space    used 9659K, committed 10112K, reserved 1048576K
}
Event: 20.782 GC heap before
{Heap before GC invocations=52 (full 0):
 garbage-first heap   total 239616K, used 197918K [0x0000000081600000, 0x0000000100000000)
  region size 1024K, 83 young (84992K), 2 survivors (2048K)
 Metaspace       used 85574K, committed 86528K, reserved 1179648K
  class space    used 9665K, committed 10112K, reserved 1048576K
}
Event: 20.785 GC heap after
{Heap after GC invocations=53 (full 0):
 garbage-first heap   total 239616K, used 116548K [0x0000000081600000, 0x0000000100000000)
  region size 1024K, 3 young (3072K), 3 survivors (3072K)
 Metaspace       used 85574K, committed 86528K, reserved 1179648K
  class space    used 9665K, committed 10112K, reserved 1048576K
}
Event: 21.073 GC heap before
{Heap before GC invocations=53 (full 0):
 garbage-first heap   total 239616K, used 200516K [0x0000000081600000, 0x0000000100000000)
  region size 1024K, 85 young (87040K), 3 survivors (3072K)
 Metaspace       used 85592K, committed 86528K, reserved 1179648K
  class space    used 9665K, committed 10112K, reserved 1048576K
}
Event: 21.076 GC heap after
{Heap after GC invocations=54 (full 0):
 garbage-first heap   total 239616K, used 117731K [0x0000000081600000, 0x0000000100000000)
  region size 1024K, 4 young (4096K), 4 survivors (4096K)
 Metaspace       used 85592K, committed 86528K, reserved 1179648K
  class space    used 9665K, committed 10112K, reserved 1048576K
}
Event: 21.289 GC heap before
{Heap before GC invocations=55 (full 0):
 garbage-first heap   total 271360K, used 201699K [0x0000000081600000, 0x0000000100000000)
  region size 1024K, 86 young (88064K), 4 survivors (4096K)
 Metaspace       used 85593K, committed 86528K, reserved 1179648K
  class space    used 9665K, committed 10112K, reserved 1048576K
}
Event: 21.294 GC heap after
{Heap after GC invocations=56 (full 0):
 garbage-first heap   total 271360K, used 118468K [0x0000000081600000, 0x0000000100000000)
  region size 1024K, 5 young (5120K), 5 survivors (5120K)
 Metaspace       used 85593K, committed 86528K, reserved 1179648K
  class space    used 9665K, committed 10112K, reserved 1048576K
}
Event: 21.334 GC heap before
{Heap before GC invocations=56 (full 0):
 garbage-first heap   total 271360K, used 126660K [0x0000000081600000, 0x0000000100000000)
  region size 1024K, 13 young (13312K), 5 survivors (5120K)
 Metaspace       used 85593K, committed 86528K, reserved 1179648K
  class space    used 9665K, committed 10112K, reserved 1048576K
}
Event: 21.338 GC heap after
{Heap after GC invocations=57 (full 0):
 garbage-first heap   total 271360K, used 117427K [0x0000000081600000, 0x0000000100000000)
  region size 1024K, 1 young (1024K), 1 survivors (1024K)
 Metaspace       used 85593K, committed 86528K, reserved 1179648K
  class space    used 9665K, committed 10112K, reserved 1048576K
}
Event: 21.586 GC heap before
{Heap before GC invocations=57 (full 0):
 garbage-first heap   total 271360K, used 229043K [0x0000000081600000, 0x0000000100000000)
  region size 1024K, 110 young (112640K), 1 survivors (1024K)
 Metaspace       used 85596K, committed 86528K, reserved 1179648K
  class space    used 9665K, committed 10112K, reserved 1048576K
}

Dll operation events (18 events):
Event: 0.027 Loaded shared library C:\Users\Ken.Liang\AppData\Local\Programs\STM32CubeMX\jre\bin\java.dll
Event: 0.124 Loaded shared library C:\Users\Ken.Liang\AppData\Local\Programs\STM32CubeMX\jre\bin\jsvml.dll
Event: 0.231 Loaded shared library C:\Users\Ken.Liang\AppData\Local\Programs\STM32CubeMX\jre\bin\net.dll
Event: 0.233 Loaded shared library C:\Users\Ken.Liang\AppData\Local\Programs\STM32CubeMX\jre\bin\nio.dll
Event: 0.276 Loaded shared library C:\Users\Ken.Liang\AppData\Local\Programs\STM32CubeMX\jre\bin\zip.dll
Event: 0.309 Loaded shared library C:\Users\Ken.Liang\AppData\Local\Programs\STM32CubeMX\jre\bin\jimage.dll
Event: 0.487 Loaded shared library C:\Users\Ken.Liang\AppData\Local\Programs\STM32CubeMX\jre\bin\management.dll
Event: 0.492 Loaded shared library C:\Users\Ken.Liang\AppData\Local\Programs\STM32CubeMX\jre\bin\management_ext.dll
Event: 0.979 Loaded shared library C:\Users\Ken.Liang\AppData\Local\Programs\STM32CubeMX\jre\bin\awt.dll
Event: 1.353 Loaded shared library C:\Users\Ken.Liang\AppData\Local\Programs\STM32CubeMX\jre\bin\freetype.dll
Event: 1.357 Loaded shared library C:\Users\Ken.Liang\AppData\Local\Programs\STM32CubeMX\jre\bin\fontmanager.dll
Event: 1.559 Loaded shared library C:\Users\Ken.Liang\AppData\Local\Programs\STM32CubeMX\jre\bin\verify.dll
Event: 1.659 Loaded shared library C:\Users\Ken.Liang\AppData\Local\Programs\STM32CubeMX\jre\bin\prefs.dll
Event: 6.314 Loaded shared library C:\Users\Ken.Liang\AppData\Local\Programs\STM32CubeMX\jre\bin\sunmscapi.dll
Event: 9.543 Loaded shared library C:\Users\Ken.Liang\AppData\Local\Programs\STM32CubeMX\jre\bin\extnet.dll
Event: 10.017 Loaded shared library C:\Users\Ken.Liang\AppData\Local\Programs\STM32CubeMX\jre\bin\javajpeg.dll
Event: 11.896 Loaded shared library C:\Users\Ken.Liang\.stm32cubemx\.jxbrowser-7.38.2\Chromium\toolkit64.dll
Event: 12.667 Loaded shared library C:\Users\Ken.Liang\.stm32cubemx\.jxbrowser-7.38.2\Chromium\ipc64.dll

Deoptimization events (20 events):
Event: 20.652 Thread 0x000001630c26a350 DEOPT PACKING pc=0x0000016377b282e0 sp=0x00000021c6ffe150
Event: 20.652 Thread 0x000001630c26a350 DEOPT UNPACKING pc=0x00000163770a69a3 sp=0x00000021c6ffe0f8 mode 2
Event: 20.652 Thread 0x000001630c26a350 Uncommon trap: trap_request=0xffffffd6 fr.pc=0x0000016377b282e0 relative=0x00000000000003c0
Event: 20.652 Thread 0x000001630c26a350 Uncommon trap: reason=array_check action=maybe_recompile pc=0x0000016377b282e0 method=java.util.LinkedHashMap.keysToArray([Ljava/lang/Object;)[Ljava/lang/Object; @ 25 c2
Event: 20.652 Thread 0x000001630c26a350 DEOPT PACKING pc=0x0000016377b282e0 sp=0x00000021c6ffe150
Event: 20.652 Thread 0x000001630c26a350 DEOPT UNPACKING pc=0x00000163770a69a3 sp=0x00000021c6ffe0f8 mode 2
Event: 20.655 Thread 0x000001630c26a350 DEOPT PACKING pc=0x000001637088d5ec sp=0x00000021c6ffe3a0
Event: 20.655 Thread 0x000001630c26a350 DEOPT UNPACKING pc=0x00000163770a7143 sp=0x00000021c6ffd8b0 mode 0
Event: 20.668 Thread 0x000001630c26a350 DEOPT PACKING pc=0x000001637088e93f sp=0x00000021c6ffe570
Event: 20.668 Thread 0x000001630c26a350 DEOPT UNPACKING pc=0x00000163770a7143 sp=0x00000021c6ffda18 mode 0
Event: 20.670 Thread 0x000001630c26a350 DEOPT PACKING pc=0x000001637088e93f sp=0x00000021c6ffe570
Event: 20.670 Thread 0x000001630c26a350 DEOPT UNPACKING pc=0x00000163770a7143 sp=0x00000021c6ffda18 mode 0
Event: 20.682 Thread 0x000001630bc9d250 Uncommon trap: trap_request=0xffffff45 fr.pc=0x0000016377b21064 relative=0x0000000000001384
Event: 20.682 Thread 0x000001630bc9d250 Uncommon trap: reason=unstable_if action=reinterpret pc=0x0000016377b21064 method=jp.ac.kobe_u.cs.cream.Constraint.isModified([Ljp/ac/kobe_u/cs/cream/Variable;)Z @ 9 c2
Event: 20.682 Thread 0x000001630bc9d250 DEOPT PACKING pc=0x0000016377b21064 sp=0x00000021c97ff150
Event: 20.682 Thread 0x000001630bc9d250 DEOPT UNPACKING pc=0x00000163770a69a3 sp=0x00000021c97ff000 mode 2
Event: 21.113 Thread 0x000001630c26a350 DEOPT PACKING pc=0x000001637094ca19 sp=0x00000021c6ffd840
Event: 21.113 Thread 0x000001630c26a350 DEOPT UNPACKING pc=0x00000163770a7143 sp=0x00000021c6ffce30 mode 0
Event: 21.301 Thread 0x000001630c26a350 DEOPT PACKING pc=0x000001637094ca19 sp=0x00000021c6ffdc20
Event: 21.301 Thread 0x000001630c26a350 DEOPT UNPACKING pc=0x00000163770a7143 sp=0x00000021c6ffd210 mode 0

Classes unloaded (0 events):
No events

Classes redefined (0 events):
No events

Internal exceptions (20 events):
Event: 18.699 Thread 0x000001630c26a350 Implicit null exception at 0x0000016370807b19 to 0x0000016370808638
Event: 18.699 Thread 0x000001630c26a350 Exception <a 'java/lang/NullPointerException'{0x000000008d130870}> (0x000000008d130870) 
thrown [s\src\hotspot\share\runtime\sharedRuntime.cpp, line 631]
Event: 18.699 Thread 0x000001630c26a350 Implicit null exception at 0x0000016370807b19 to 0x0000016370808638
Event: 18.699 Thread 0x000001630c26a350 Exception <a 'java/lang/NullPointerException'{0x000000008d130b68}> (0x000000008d130b68) 
thrown [s\src\hotspot\share\runtime\sharedRuntime.cpp, line 631]
Event: 19.851 Thread 0x000001630c26a350 Exception <a 'java/lang/NullPointerException'{0x000000008e017800}> (0x000000008e017800) 
thrown [s\src\hotspot\share\interpreter\linkResolver.cpp, line 1350]
Event: 19.852 Thread 0x000001630c26a350 Exception <a 'java/lang/NullPointerException'{0x000000008e017ad8}> (0x000000008e017ad8) 
thrown [s\src\hotspot\share\interpreter\linkResolver.cpp, line 1350]
Event: 19.852 Thread 0x000001630c26a350 Exception <a 'java/lang/NullPointerException'{0x000000008e01a5c8}> (0x000000008e01a5c8) 
thrown [s\src\hotspot\share\interpreter\linkResolver.cpp, line 1350]
Event: 19.852 Thread 0x000001630c26a350 Exception <a 'java/lang/NullPointerException'{0x000000008e01a8a0}> (0x000000008e01a8a0) 
thrown [s\src\hotspot\share\interpreter\linkResolver.cpp, line 1350]
Event: 19.853 Thread 0x000001630c26a350 Exception <a 'java/lang/NullPointerException'{0x000000008e01d0b8}> (0x000000008e01d0b8) 
thrown [s\src\hotspot\share\interpreter\linkResolver.cpp, line 1350]
Event: 19.853 Thread 0x000001630c26a350 Exception <a 'java/lang/NullPointerException'{0x000000008e01d390}> (0x000000008e01d390) 
thrown [s\src\hotspot\share\interpreter\linkResolver.cpp, line 1350]
Event: 19.853 Thread 0x000001630c26a350 Exception <a 'java/lang/NullPointerException'{0x000000008e01f448}> (0x000000008e01f448) 
thrown [s\src\hotspot\share\interpreter\linkResolver.cpp, line 1350]
Event: 19.853 Thread 0x000001630c26a350 Exception <a 'java/lang/NullPointerException'{0x000000008e01f720}> (0x000000008e01f720) 
thrown [s\src\hotspot\share\interpreter\linkResolver.cpp, line 1350]
Event: 19.854 Thread 0x000001630c26a350 Exception <a 'java/lang/NullPointerException'{0x000000008e020d98}> (0x000000008e020d98) 
thrown [s\src\hotspot\share\interpreter\linkResolver.cpp, line 1350]
Event: 19.854 Thread 0x000001630c26a350 Exception <a 'java/lang/NullPointerException'{0x000000008e021070}> (0x000000008e021070) 
thrown [s\src\hotspot\share\interpreter\linkResolver.cpp, line 1350]
Event: 19.854 Thread 0x000001630c26a350 Exception <a 'java/lang/NullPointerException'{0x000000008e0220b8}> (0x000000008e0220b8) 
thrown [s\src\hotspot\share\interpreter\linkResolver.cpp, line 1350]
Event: 19.854 Thread 0x000001630c26a350 Exception <a 'java/lang/NullPointerException'{0x000000008e022390}> (0x000000008e022390) 
thrown [s\src\hotspot\share\interpreter\linkResolver.cpp, line 1350]
Event: 19.855 Thread 0x000001630c26a350 Exception <a 'java/lang/NullPointerException'{0x000000008e023350}> (0x000000008e023350) 
thrown [s\src\hotspot\share\interpreter\linkResolver.cpp, line 1350]
Event: 19.855 Thread 0x000001630c26a350 Exception <a 'java/lang/NullPointerException'{0x000000008e023628}> (0x000000008e023628) 
thrown [s\src\hotspot\share\interpreter\linkResolver.cpp, line 1350]
Event: 19.855 Thread 0x000001630c26a350 Exception <a 'java/lang/NullPointerException'{0x000000008e0244c0}> (0x000000008e0244c0) 
thrown [s\src\hotspot\share\interpreter\linkResolver.cpp, line 1350]
Event: 19.855 Thread 0x000001630c26a350 Exception <a 'java/lang/NullPointerException'{0x000000008e024798}> (0x000000008e024798) 
thrown [s\src\hotspot\share\interpreter\linkResolver.cpp, line 1350]

VM Operations (20 events):
Event: 20.380 Executing VM operation: G1CollectForAllocation done
Event: 20.782 Executing VM operation: G1CollectForAllocation
Event: 20.785 Executing VM operation: G1CollectForAllocation done
Event: 21.034 Executing VM operation: HandshakeAllThreads
Event: 21.034 Executing VM operation: HandshakeAllThreads done
Event: 21.073 Executing VM operation: G1CollectForAllocation
Event: 21.076 Executing VM operation: G1CollectForAllocation done
Event: 21.162 Executing VM operation: G1PauseRemark
Event: 21.168 Executing VM operation: G1PauseRemark done
Event: 21.208 Executing VM operation: G1PauseCleanup
Event: 21.209 Executing VM operation: G1PauseCleanup done
Event: 21.263 Executing VM operation: HandshakeAllThreads
Event: 21.263 Executing VM operation: HandshakeAllThreads done
Event: 21.289 Executing VM operation: G1CollectForAllocation
Event: 21.294 Executing VM operation: G1CollectForAllocation done
Event: 21.333 Executing VM operation: HandshakeAllThreads
Event: 21.333 Executing VM operation: HandshakeAllThreads done
Event: 21.334 Executing VM operation: G1CollectForAllocation
Event: 21.338 Executing VM operation: G1CollectForAllocation done
Event: 21.586 Executing VM operation: G1CollectForAllocation

Events (20 events):
Event: 21.582 Thread 0x000001630bc9be10 Thread exited: 0x000001630bc9be10
Event: 21.582 Thread 0x000001630bc9be10 Thread added: 0x000001630bc9be10
Event: 21.582 Thread 0x000001630bc9be10 Thread exited: 0x000001630bc9be10
Event: 21.583 Thread 0x000001630bca0a00 Thread added: 0x000001630bca0a00
Event: 21.583 Thread 0x000001630bca0a00 Thread exited: 0x000001630bca0a00
Event: 21.583 Thread 0x000001630bc9be10 Thread added: 0x000001630bc9be10
Event: 21.583 Thread 0x000001630bc9be10 Thread exited: 0x000001630bc9be10
Event: 21.583 Thread 0x000001630bc9d250 Thread added: 0x000001630bc9d250
Event: 21.584 Thread 0x000001630bc9d250 Thread exited: 0x000001630bc9d250
Event: 21.584 Thread 0x000001630bca0a00 Thread added: 0x000001630bca0a00
Event: 21.584 Thread 0x000001630bca0a00 Thread exited: 0x000001630bca0a00
Event: 21.584 Thread 0x000001630bc9d250 Thread added: 0x000001630bc9d250
Event: 21.585 Thread 0x000001630bc9d250 Thread exited: 0x000001630bc9d250
Event: 21.585 Thread 0x000001630bca0a00 Thread added: 0x000001630bca0a00
Event: 21.585 Thread 0x000001630bca0a00 Thread exited: 0x000001630bca0a00
Event: 21.585 Thread 0x000001630bc9be10 Thread added: 0x000001630bc9be10
Event: 21.585 Thread 0x000001630bc9be10 Thread exited: 0x000001630bc9be10
Event: 21.585 Thread 0x000001630bca0a00 Thread added: 0x000001630bca0a00
Event: 21.586 Thread 0x000001630bca0a00 Thread exited: 0x000001630bca0a00
Event: 21.586 Thread 0x000001630bc9be10 Thread added: 0x000001630bc9be10


Dynamic libraries:
0x00007ff7029b0000 - 0x00007ff7029be000 	C:\Users\Ken.Liang\AppData\Local\Programs\STM32CubeMX\jre\bin\javaw.exe
0x00007ff81aad0000 - 0x00007ff81acc8000 	C:\WINDOWS\SYSTEM32\ntdll.dll
0x00007ff818b00000 - 0x00007ff818bc1000 	C:\WINDOWS\System32\KERNEL32.DLL
0x00007ff818540000 - 0x00007ff818836000 	C:\WINDOWS\System32\KERNELBASE.dll
0x00007ff816750000 - 0x00007ff816767000 	C:\Users\Ken.Liang\AppData\Local\Programs\STM32CubeMX\jre\bin\jli.dll
0x00007ff816710000 - 0x00007ff81672b000 	C:\Users\Ken.Liang\AppData\Local\Programs\STM32CubeMX\jre\bin\VCRUNTIME140.dll
0x00007ff819130000 - 0x00007ff8192cf000 	C:\WINDOWS\System32\USER32.dll
0x00007ff818480000 - 0x00007ff8184a2000 	C:\WINDOWS\System32\win32u.dll
0x00007ff808240000 - 0x00007ff8084da000 	C:\WINDOWS\WinSxS\amd64_microsoft.windows.common-controls_6595b64144ccf1df_6.0.19041.4355_none_60b8b9eb71f62e16\COMCTL32.dll
0x00007ff81a820000 - 0x00007ff81a84b000 	C:\WINDOWS\System32\GDI32.dll
0x00007ff81a0b0000 - 0x00007ff81a14e000 	C:\WINDOWS\System32\msvcrt.dll
0x00007ff8189e0000 - 0x00007ff818af7000 	C:\WINDOWS\System32\gdi32full.dll
0x00007ff818840000 - 0x00007ff8188dd000 	C:\WINDOWS\System32\msvcp_win.dll
0x00007ff818380000 - 0x00007ff818480000 	C:\WINDOWS\System32\ucrtbase.dll
0x00007ff81a7f0000 - 0x00007ff81a81f000 	C:\WINDOWS\System32\IMM32.DLL
0x00007ff810f90000 - 0x00007ff810f9c000 	C:\Users\Ken.Liang\AppData\Local\Programs\STM32CubeMX\jre\bin\vcruntime140_1.dll
0x00007fffd9200000 - 0x00007fffd928d000 	C:\Users\Ken.Liang\AppData\Local\Programs\STM32CubeMX\jre\bin\msvcp140.dll
0x00007fffb0930000 - 0x00007fffb1592000 	C:\Users\Ken.Liang\AppData\Local\Programs\STM32CubeMX\jre\bin\server\jvm.dll
0x00007ff818d10000 - 0x00007ff818dc0000 	C:\WINDOWS\System32\ADVAPI32.dll
0x00007ff819440000 - 0x00007ff8194e0000 	C:\WINDOWS\System32\sechost.dll
0x00007ff81a6c0000 - 0x00007ff81a7e3000 	C:\WINDOWS\System32\RPCRT4.dll
0x00007ff8181f0000 - 0x00007ff818217000 	C:\WINDOWS\System32\bcrypt.dll
0x00007ff817700000 - 0x00007ff81774b000 	C:\WINDOWS\SYSTEM32\POWRPROF.dll
0x00007ff810330000 - 0x00007ff810339000 	C:\WINDOWS\SYSTEM32\WSOCK32.dll
0x00007ff819e30000 - 0x00007ff819e9b000 	C:\WINDOWS\System32\WS2_32.dll
0x00007ff809290000 - 0x00007ff8092b7000 	C:\WINDOWS\SYSTEM32\WINMM.dll
0x00007ff810f60000 - 0x00007ff810f6a000 	C:\WINDOWS\SYSTEM32\VERSION.dll
0x00007ff817570000 - 0x00007ff817582000 	C:\WINDOWS\SYSTEM32\UMPDC.dll
0x00007ff816990000 - 0x00007ff8169a2000 	C:\WINDOWS\SYSTEM32\kernel.appcore.dll
0x00007ff80a460000 - 0x00007ff80a46a000 	C:\Users\Ken.Liang\AppData\Local\Programs\STM32CubeMX\jre\bin\jimage.dll
0x00007ff807a20000 - 0x00007ff807c04000 	C:\WINDOWS\SYSTEM32\DBGHELP.DLL
0x00007ff804800000 - 0x00007ff804834000 	C:\WINDOWS\SYSTEM32\dbgcore.DLL
0x00007ff8184b0000 - 0x00007ff818532000 	C:\WINDOWS\System32\bcryptPrimitives.dll
0x00007ffff6750000 - 0x00007ffff6775000 	C:\Users\Ken.Liang\AppData\Local\Programs\STM32CubeMX\jre\bin\java.dll
0x00007fffd8130000 - 0x00007fffd8207000 	C:\Users\Ken.Liang\AppData\Local\Programs\STM32CubeMX\jre\bin\jsvml.dll
0x00007ff8196c0000 - 0x00007ff819e2c000 	C:\WINDOWS\System32\SHELL32.dll
0x00007ff815f60000 - 0x00007ff8166fe000 	C:\WINDOWS\SYSTEM32\windows.storage.dll
0x00007ff818dc0000 - 0x00007ff819113000 	C:\WINDOWS\System32\combase.dll
0x00007ff817ba0000 - 0x00007ff817bce000 	C:\WINDOWS\SYSTEM32\Wldp.dll
0x00007ff81a170000 - 0x00007ff81a23d000 	C:\WINDOWS\System32\OLEAUT32.dll
0x00007ff8194e0000 - 0x00007ff81958d000 	C:\WINDOWS\System32\SHCORE.dll
0x00007ff819380000 - 0x00007ff8193d5000 	C:\WINDOWS\System32\shlwapi.dll
0x00007ff8180b0000 - 0x00007ff8180d4000 	C:\WINDOWS\SYSTEM32\profapi.dll
0x00007ff808100000 - 0x00007ff808119000 	C:\Users\Ken.Liang\AppData\Local\Programs\STM32CubeMX\jre\bin\net.dll
0x00007ff80eeb0000 - 0x00007ff80efba000 	C:\WINDOWS\SYSTEM32\WINHTTP.dll
0x00007ff817900000 - 0x00007ff81796a000 	C:\WINDOWS\system32\mswsock.dll
0x00007ff8076e0000 - 0x00007ff8076f6000 	C:\Users\Ken.Liang\AppData\Local\Programs\STM32CubeMX\jre\bin\nio.dll
0x00007ff807600000 - 0x00007ff807618000 	C:\Users\Ken.Liang\AppData\Local\Programs\STM32CubeMX\jre\bin\zip.dll
0x00007ff8074c0000 - 0x00007ff8074c9000 	C:\Users\Ken.Liang\AppData\Local\Programs\STM32CubeMX\jre\bin\management.dll
0x00007ff805c90000 - 0x00007ff805c9b000 	C:\Users\Ken.Liang\AppData\Local\Programs\STM32CubeMX\jre\bin\management_ext.dll
0x00007ff81a6b0000 - 0x00007ff81a6b8000 	C:\WINDOWS\System32\PSAPI.DLL
0x00007ff808e70000 - 0x00007ff808e87000 	C:\WINDOWS\system32\napinsp.dll
0x00007ff808a30000 - 0x00007ff808a4b000 	C:\WINDOWS\system32\pnrpnsp.dll
0x00007ff814980000 - 0x00007ff814995000 	C:\WINDOWS\system32\wshbth.dll
0x00007ff812dd0000 - 0x00007ff812ded000 	C:\WINDOWS\system32\NLAapi.dll
0x00007ff817590000 - 0x00007ff8175cb000 	C:\WINDOWS\SYSTEM32\IPHLPAPI.DLL
0x00007ff8175e0000 - 0x00007ff8176aa000 	C:\WINDOWS\SYSTEM32\DNSAPI.dll
0x00007ff819120000 - 0x00007ff819128000 	C:\WINDOWS\System32\NSI.dll
0x00007ff808960000 - 0x00007ff808972000 	C:\WINDOWS\System32\winrnr.dll
0x0000000063560000 - 0x0000000063569000 	C:\Program Files\National Instruments\Shared\mDNS Responder\nimdnsNSP.dll
0x00000000537f0000 - 0x0000000053893000 	C:\WINDOWS\WinSxS\amd64_microsoft.vc90.crt_1fc8b3b9a1e18e3b_9.0.30729.9625_none_08e1c10da83fbc83\MSVCR90.dll
0x0000000063550000 - 0x000000006355e000 	C:\WINDOWS\SYSTEM32\nimdnsResponder.dll
0x00007ff810620000 - 0x00007ff81062a000 	C:\Windows\System32\rasadhlp.dll
0x00007ff807020000 - 0x00007ff8070a0000 	C:\WINDOWS\System32\fwpuclnt.dll
0x00007fffd6670000 - 0x00007fffd6800000 	C:\Users\Ken.Liang\AppData\Local\Programs\STM32CubeMX\jre\bin\awt.dll
0x00007ff814400000 - 0x00007ff814494000 	C:\WINDOWS\SYSTEM32\apphelp.dll
0x00007ff817af0000 - 0x00007ff817b08000 	C:\WINDOWS\SYSTEM32\CRYPTSP.dll
0x00007ff8171b0000 - 0x00007ff8171e4000 	C:\WINDOWS\system32\rsaenh.dll
0x00007ff818060000 - 0x00007ff81808e000 	C:\WINDOWS\SYSTEM32\USERENV.dll
0x00007ff817b10000 - 0x00007ff817b1c000 	C:\WINDOWS\SYSTEM32\CRYPTBASE.dll
0x00007ff810690000 - 0x00007ff8106a7000 	C:\WINDOWS\SYSTEM32\dhcpcsvc6.DLL
0x00007ff810b50000 - 0x00007ff810b6d000 	C:\WINDOWS\SYSTEM32\dhcpcsvc.DLL
0x00007ff8158a0000 - 0x00007ff81593e000 	C:\WINDOWS\system32\uxtheme.dll
0x00007ff819f90000 - 0x00007ff81a0a4000 	C:\WINDOWS\System32\MSCTF.dll
0x00007ff819590000 - 0x00007ff8196bb000 	C:\WINDOWS\System32\ole32.dll
0x00007ff815a90000 - 0x00007ff815abf000 	C:\WINDOWS\system32\DWMAPI.DLL
0x00007fffedda0000 - 0x00007fffedec8000 	C:\WINDOWS\system32\opengl32.dll
0x00007fffedd30000 - 0x00007fffedd5c000 	C:\WINDOWS\SYSTEM32\GLU32.dll
0x00007fffd9310000 - 0x00007fffd9397000 	C:\Users\Ken.Liang\AppData\Local\Programs\STM32CubeMX\jre\bin\freetype.dll
0x00007fffd8be0000 - 0x00007fffd8cc2000 	C:\Users\Ken.Liang\AppData\Local\Programs\STM32CubeMX\jre\bin\fontmanager.dll
0x00007ff812e20000 - 0x00007ff812e30000 	C:\Users\Ken.Liang\AppData\Local\Programs\STM32CubeMX\jre\bin\verify.dll
0x00007ff805770000 - 0x00007ff805779000 	C:\Users\Ken.Liang\AppData\Local\Programs\STM32CubeMX\jre\bin\prefs.dll
0x00007ff801710000 - 0x00007ff80171e000 	C:\Users\Ken.Liang\AppData\Local\Programs\STM32CubeMX\jre\bin\sunmscapi.dll
0x00007ff818220000 - 0x00007ff81837e000 	C:\WINDOWS\System32\CRYPT32.dll
0x00007ff817c10000 - 0x00007ff817c39000 	C:\WINDOWS\SYSTEM32\ncrypt.dll
0x00007ff817bd0000 - 0x00007ff817c0b000 	C:\WINDOWS\SYSTEM32\NTASN1.dll
0x00007ff817d30000 - 0x00007ff817d42000 	C:\WINDOWS\SYSTEM32\MSASN1.dll
0x00007ff8169b0000 - 0x00007ff8169d3000 	C:\WINDOWS\SYSTEM32\gpapi.dll
0x00007ff817f60000 - 0x00007ff817f6a000 	C:\WINDOWS\SYSTEM32\DPAPI.dll
0x00007ff801700000 - 0x00007ff801709000 	C:\Users\Ken.Liang\AppData\Local\Programs\STM32CubeMX\jre\bin\extnet.dll
0x00007ffff63b0000 - 0x00007ffff63dd000 	C:\Users\Ken.Liang\AppData\Local\Programs\STM32CubeMX\jre\bin\javajpeg.dll
0x00007ff8192d0000 - 0x00007ff819379000 	C:\WINDOWS\System32\clbcatq.dll
0x00007ff815690000 - 0x00007ff815846000 	C:\WINDOWS\SYSTEM32\WindowsCodecs.dll
0x00007fffea5c0000 - 0x00007fffea5fe000 	C:\WINDOWS\system32\dataexchange.dll
0x00007ff812140000 - 0x00007ff8123a3000 	C:\WINDOWS\system32\d3d11.dll
0x00007ff812e30000 - 0x00007ff813014000 	C:\WINDOWS\system32\dcomp.dll
0x00007ff816a00000 - 0x00007ff816af5000 	C:\WINDOWS\system32\dxgi.dll
0x00007ff810be0000 - 0x00007ff810de3000 	C:\WINDOWS\system32\twinapi.appcore.dll
0x00007ffff4720000 - 0x00007ffff4819000 	C:\WINDOWS\SYSTEM32\textinputframework.dll
0x00007ff813510000 - 0x00007ff81386b000 	C:\WINDOWS\System32\CoreUIComponents.dll
0x00007ff813d00000 - 0x00007ff813df2000 	C:\WINDOWS\System32\CoreMessaging.dll
0x00007ff8149a0000 - 0x00007ff814af7000 	C:\WINDOWS\SYSTEM32\wintypes.dll
0x00007ff8172d0000 - 0x00007ff817303000 	C:\WINDOWS\SYSTEM32\ntmarta.dll
0x00007fffd3d70000 - 0x00007fffd3e7b000 	C:\Users\Ken.Liang\.stm32cubemx\.jxbrowser-7.38.2\Chromium\toolkit64.dll
0x00007fffd3b10000 - 0x00007fffd3c1c000 	C:\Users\Ken.Liang\.stm32cubemx\.jxbrowser-7.38.2\Chromium\ipc64.dll

dbghelp: loaded successfully - version: 4.0.5 - missing functions: none
symbol engine: initialized successfully - sym options: 0x614 - pdb path: .;C:\Users\Ken.Liang\AppData\Local\Programs\STM32CubeMX\jre\bin;C:\WINDOWS\SYSTEM32;C:\WINDOWS\WinSxS\amd64_microsoft.windows.common-controls_6595b64144ccf1df_6.0.19041.4355_none_60b8b9eb71f62e16;C:\Users\Ken.Liang\AppData\Local\Programs\STM32CubeMX\jre\bin\server;C:\Program Files\National Instruments\Shared\mDNS Responder;C:\WINDOWS\WinSxS\amd64_microsoft.vc90.crt_1fc8b3b9a1e18e3b_9.0.30729.9625_none_08e1c10da83fbc83;C:\Users\Ken.Liang\.stm32cubemx\.jxbrowser-7.38.2\Chromium

VM Arguments:
jvm_args: -Djavax.net.ssl.trustStoreType=WINDOWS-ROOT -Dsun.java2d.d3d=false 
java_command: com.st.microxplorer.maingui.STM32CubeMX C:\Test\before\weixin_doc\WeChat Files\wxid_s3uhsshj5fwy22\FileStorage\File\2024-07\robot_arm\robot_arm.ioc
java_class_path (initial): C:\Users\Ken.Liang\AppData\Local\Programs\STM32CubeMX\STM32CubeMX.exe;anything
Launcher Type: SUN_STANDARD

[Global flags]
     intx CICompilerCount                          = 4                                         {product} {ergonomic}
     uint ConcGCThreads                            = 2                                         {product} {ergonomic}
     uint G1ConcRefinementThreads                  = 8                                         {product} {ergonomic}
   size_t G1HeapRegionSize                         = 1048576                                   {product} {ergonomic}
    uintx GCDrainStackTargetSize                   = 64                                        {product} {ergonomic}
   size_t InitialHeapSize                          = 134217728                                 {product} {ergonomic}
   size_t MarkStackSize                            = 4194304                                   {product} {ergonomic}
   size_t MaxHeapSize                              = 2124414976                                {product} {ergonomic}
   size_t MaxNewSize                               = 1274019840                                {product} {ergonomic}
   size_t MinHeapDeltaBytes                        = 1048576                                   {product} {ergonomic}
   size_t MinHeapSize                              = 8388608                                   {product} {ergonomic}
    uintx NonNMethodCodeHeapSize                   = 5839372                                {pd product} {ergonomic}
    uintx NonProfiledCodeHeapSize                  = 122909434                              {pd product} {ergonomic}
    uintx ProfiledCodeHeapSize                     = 122909434                              {pd product} {ergonomic}
    uintx ReservedCodeCacheSize                    = 251658240                              {pd product} {ergonomic}
     bool SegmentedCodeCache                       = true                                      {product} {ergonomic}
   size_t SoftMaxHeapSize                          = 2124414976                             {manageable} {ergonomic}
     bool UseCompressedClassPointers               = true                           {product lp64_product} {ergonomic}
     bool UseCompressedOops                        = true                           {product lp64_product} {ergonomic}
     bool UseG1GC                                  = true                                      {product} {ergonomic}
     bool UseLargePagesIndividualAllocation        = false                                  {pd product} {ergonomic}

Logging:
Log output configuration:
 #0: stdout all=warning uptime,level,tags
 #1: stderr all=off uptime,level,tags

Environment Variables:
JAVA_HOME=C:\Test\java_JDK_JRE\JDK
CLASSPATH=.;C:\Test\java_JDK_JRE\JDK\lib;C:\Test\java_JDK_JRE\JDK\lib\tools.jar
PATH=C:\Users\Ken.Liang\AppData\Local\Programs\STM32CubeMX\;C:\Program Files (x86)\Common Files\Oracle\Java\javapath;C:\Windows\system32;C:\Windows;C:\Windows\System32\Wbem;C:\Windows\System32\WindowsPowerShell\v1.0\;C:\Windows\System32\OpenSSH\;"C:\Test\java_JDK_JRE\JDK\bin;C:\Test\java_JDK_JRE\JDK\jre\bin";C:\Program Files (x86)\Windows Kits\8.1\Windows Performance Toolkit\;C:\WINDOWS\system32;C:\WINDOWS;C:\WINDOWS\System32\Wbem;C:\WINDOWS\System32\WindowsPowerShell\v1.0\;C:\WINDOWS\System32\OpenSSH\;C:\Program Files\Intel\WiFi\bin\;C:\Program Files\Common Files\Intel\WirelessCommon\;C:\Program Files\Microsoft SQL Server\Client SDK\ODBC\110\Tools\Binn\;C:\Program Files (x86)\Microsoft SQL Server\120\Tools\Binn\;C:\Program Files\Microsoft SQL Server\120\Tools\Binn\;C:\Program Files\Microsoft SQL Server\120\DTS\Binn\;C:\Program Files\Git\cmd;C:\Program Files\dotnet\;C:\Users\Ken.Liang\AppData\Local\Programs\Python\Python312\Scripts\;C:\Users\Ken.Liang\AppData\Local\Programs\Python\Python312\;C:\Users\Ken.Liang\Anaconda3;C:\Users\Ken.Liang\Anaconda3\Library\mingw-w64\bin;C:\Users\Ken.Liang\Anaconda3\Library\usr\bin;C:\Users\Ken.Liang\Anaconda3\Library\bin;C:\Users\Ken.Liang\Anaconda3\Scripts;C:\Users\Ken.Liang\AppData\Local\Microsoft\WindowsApps;C:\Users\Ken.Liang\AppData\Local\Microsoft\WindowsApps;C:\Users\Ken.Liang\AppData\Local\Programs\Microsoft VS Code\bin;C:\Users\Ken.Liang\AppData\Local\Programs\STM32CubeMX\.\jre\\bin
USERNAME=Ken.Liang
OS=Windows_NT
PROCESSOR_IDENTIFIER=Intel64 Family 6 Model 142 Stepping 10, GenuineIntel
TMP=C:\Users\KEN~1.LIA\AppData\Local\Temp
TEMP=C:\Users\KEN~1.LIA\AppData\Local\Temp



Periodic native trim disabled


---------------  S Y S T E M  ---------------

OS:
 Windows 10 , 64 bit Build 19041 (10.0.19041.4597)
OS uptime: 1 days 13:49 hours

CPU: total 8 (initial active 8) (4 cores per cpu, 2 threads per core) family 6 model 142 stepping 10 microcode 0xb4, cx8, cmov, fxsr, ht, mmx, 3dnowpref, sse, sse2, sse3, ssse3, sse4.1, sse4.2, popcnt, lzcnt, tsc, tscinvbit, avx, avx2, aes, erms, clmul, bmi1, bmi2, adx, fma, vzeroupper, clflush, clflushopt
Processor Information for all 8 processors :
  Max Mhz: 1992, Current Mhz: 1792, Mhz Limit: 1792

Memory: 4k page, system-wide physical 8101M (1064M free)
TotalPageFile size 8101M (AvailPageFile size 62M)
current process WorkingSet (physical memory assigned to process): 462M, peak: 474M
current process commit charge ("private bytes"): 520M, peak: 733M

vm_info: OpenJDK 64-Bit Server VM (17.0.11+9) for windows-amd64 JRE (17.0.11+9), built on Apr 17 2024 06:07:48 by "admin" with MS VC++ 16.10 / 16.11 (VS2019)

END.
