#
# There is insufficient memory for the Java Runtime Environment to continue.
# Native memory allocation (malloc) failed to allocate 709216 bytes. Error detail: Chunk::new
# Possible reasons:
#   The system is out of physical RAM or swap space
#   This process is running with CompressedOops enabled, and the Java Heap may be blocking the growth of the native heap
# Possible solutions:
#   Reduce memory load on the system
#   Increase physical memory or swap space
#   Check if swap backing store is full
#   Decrease Java heap size (-Xmx/-Xms)
#   Decrease number of Java threads
#   Decrease Java thread stack sizes (-Xss)
#   Set larger code cache with -XX:ReservedCodeCacheSize=
#   JVM is running with Unscaled Compressed Oops mode in which the Java heap is
#     placed in the first 4GB address space. The Java Heap base address is the
#     maximum limit for the native heap growth. Please use -XX:HeapBaseMinAddress
#     to set the Java Heap base and to place the Java Heap above 4GB virtual address.
# This output file may be truncated or incomplete.
#
#  Out of Memory Error (arena.cpp:191), pid=7800, tid=1736
#
# JRE version: OpenJDK Runtime Environment Temurin-17.0.11+9 (17.0.11+9) (build 17.0.11+9)
# Java VM: OpenJDK 64-Bit Server VM Temurin-17.0.11+9 (17.0.11+9, mixed mode, tiered, compressed oops, compressed class ptrs, g1 gc, windows-amd64)
# No core dump will be written. Minidumps are not enabled by default on client versions of Windows
#

---------------  S U M M A R Y ------------

Command Line: -Djavax.net.ssl.trustStoreType=WINDOWS-ROOT -Dsun.java2d.d3d=false com.st.microxplorer.maingui.STM32CubeMX C:\Test\university learn\diansai\diansaixiaoche\diansaixiaoche.ioc

Host: Intel(R) Core(TM) i7-8550U CPU @ 1.80GHz, 8 cores, 7G,  Windows 10 , 64 bit Build 19041 (10.0.19041.4597)
Time: Fri Jul 26 10:55:06 2024  Windows 10 , 64 bit Build 19041 (10.0.19041.4597) elapsed time: 20.007304 seconds (0d 0h 0m 20s)

---------------  T H R E A D  ---------------

Current thread (0x0000029d509dd450):  JavaThread "C2 CompilerThread0" daemon [_thread_in_native, id=1736, stack(0x000000ae19400000,0x000000ae19500000)]


Current CompileTask:
C2:  20007 8251       4       com.st.microxplorer.mcu.Signal::getBlocks (69 bytes)

Stack: [0x000000ae19400000,0x000000ae19500000]
Native frames: (J=compiled Java code, j=interpreted, Vv=VM code, C=native code)
V  [jvm.dll+0x67d429]
V  [jvm.dll+0x834b7a]
V  [jvm.dll+0x83663e]
V  [jvm.dll+0x836ca3]
V  [jvm.dll+0x247dbf]
V  [jvm.dll+0xac534]
V  [jvm.dll+0xacb7c]
V  [jvm.dll+0x2af2cf]
V  [jvm.dll+0x5848b7]
V  [jvm.dll+0x222d82]
V  [jvm.dll+0x22317f]
V  [jvm.dll+0x21c2a0]
V  [jvm.dll+0x2197a1]
V  [jvm.dll+0x1a534d]
V  [jvm.dll+0x2295cd]
V  [jvm.dll+0x22779c]
V  [jvm.dll+0x7e9d07]
V  [jvm.dll+0x7e410a]
V  [jvm.dll+0x67c315]
C  [ucrtbase.dll+0x21bb2]
C  [KERNEL32.DLL+0x17374]
C  [ntdll.dll+0x4cc91]


---------------  P R O C E S S  ---------------

Threads class SMR info:
_java_thread_list=0x0000029d5a87fbc0, length=34, elements={
0x0000029d509d3260, 0x0000029d509a5980, 0x0000029d50a06560, 0x0000029d50a07120,
0x0000029d509bcfe0, 0x0000029d509be140, 0x0000029d509dd450, 0x0000029d509e0cb0,
0x0000029d509e16b0, 0x0000029d50b9c2c0, 0x0000029d50bb1f00, 0x0000029d554c6030,
0x0000029d5568a040, 0x0000029d5566c2b0, 0x0000029d560e98e0, 0x0000029d55ff4490,
0x0000029d55ff4eb0, 0x0000029d556159e0, 0x0000029d55615ef0, 0x0000029d55616400,
0x0000029d5561a5d0, 0x0000029d55614ab0, 0x0000029d55617330, 0x0000029d5561aae0,
0x0000029d55617d50, 0x0000029d55613670, 0x0000029d567d4160, 0x0000029d5b282a80,
0x0000029d55616e20, 0x0000029d55618260, 0x0000029d556196a0, 0x0000029d55619bb0,
0x0000029d55616910, 0x0000029d5561aff0
}

Java Threads: ( => current thread )
  0x0000029d509d3260 JavaThread "Reference Handler" daemon [_thread_blocked, id=656, stack(0x000000ae18e00000,0x000000ae18f00000)]
  0x0000029d509a5980 JavaThread "Finalizer" daemon [_thread_blocked, id=1556, stack(0x000000ae18f00000,0x000000ae19000000)]
  0x0000029d50a06560 JavaThread "Signal Dispatcher" daemon [_thread_blocked, id=15416, stack(0x000000ae19000000,0x000000ae19100000)]
  0x0000029d50a07120 JavaThread "Attach Listener" daemon [_thread_blocked, id=10136, stack(0x000000ae19100000,0x000000ae19200000)]
  0x0000029d509bcfe0 JavaThread "Service Thread" daemon [_thread_blocked, id=8348, stack(0x000000ae19200000,0x000000ae19300000)]
  0x0000029d509be140 JavaThread "Monitor Deflation Thread" daemon [_thread_blocked, id=8596, stack(0x000000ae19300000,0x000000ae19400000)]
=>0x0000029d509dd450 JavaThread "C2 CompilerThread0" daemon [_thread_in_native, id=1736, stack(0x000000ae19400000,0x000000ae19500000)]
  0x0000029d509e0cb0 JavaThread "C1 CompilerThread0" daemon [_thread_in_vm, id=15372, stack(0x000000ae19500000,0x000000ae19600000)]
  0x0000029d509e16b0 JavaThread "Sweeper thread" daemon [_thread_blocked, id=8924, stack(0x000000ae19600000,0x000000ae19700000)]
  0x0000029d50b9c2c0 JavaThread "Notification Thread" daemon [_thread_blocked, id=444, stack(0x000000ae19700000,0x000000ae19800000)]
  0x0000029d50bb1f00 JavaThread "Common-Cleaner" daemon [_thread_blocked, id=10836, stack(0x000000ae19900000,0x000000ae19a00000)]
  0x0000029d554c6030 JavaThread "Java2D Disposer" daemon [_thread_blocked, id=648, stack(0x000000ae1a200000,0x000000ae1a300000)]
  0x0000029d5568a040 JavaThread "AWT-Shutdown" [_thread_blocked, id=5280, stack(0x000000ae1a300000,0x000000ae1a400000)]
  0x0000029d5566c2b0 JavaThread "AWT-Windows" daemon [_thread_in_native, id=16388, stack(0x000000ae1a400000,0x000000ae1a500000)]
  0x0000029d560e98e0 JavaThread "AWT-EventQueue-0" [_thread_in_Java, id=16400, stack(0x000000ae1a600000,0x000000ae1a700000)]
  0x0000029d55ff4490 JavaThread "DestroyJavaVM" [_thread_blocked, id=11108, stack(0x000000ae18700000,0x000000ae18800000)]
  0x0000029d55ff4eb0 JavaThread "TimerQueue" daemon [_thread_blocked, id=16436, stack(0x000000ae1ad00000,0x000000ae1ae00000)]
  0x0000029d556159e0 JavaThread "Keep-Alive-Timer" daemon [_thread_blocked, id=16580, stack(0x000000ae1b100000,0x000000ae1b200000)]
  0x0000029d55615ef0 JavaThread "Thread-2" [_thread_in_Java, id=16600, stack(0x000000ae1b000000,0x000000ae1b100000)]
  0x0000029d55616400 JavaThread "SwingWorker-pool-2-thread-1" daemon [_thread_blocked, id=16624, stack(0x000000ae1aa00000,0x000000ae1ab00000)]
  0x0000029d5561a5d0 JavaThread "IPC Server Thread" daemon [_thread_in_native, id=17224, stack(0x000000ae1a800000,0x000000ae1a900000)]
  0x0000029d55614ab0 JavaThread "Chromium Process Thread" [_thread_in_native, id=17228, stack(0x000000ae1ab00000,0x000000ae1ac00000)]
  0x0000029d55617330 JavaThread "Chromium Process Logger" daemon [_thread_in_native, id=17252, stack(0x000000ae1ac00000,0x000000ae1ad00000)]
  0x0000029d5561aae0 JavaThread "IPC Memory Reader Thread" [_thread_in_native, id=17384, stack(0x000000ae1a700000,0x000000ae1a800000)]
  0x0000029d55617d50 JavaThread "Browser Thread: 765e691d-df30-4fc8-9f1f-90824a0869e9" daemon [_thread_blocked, id=17388, stack(0x000000ae1b200000,0x000000ae1b300000)]
  0x0000029d55613670 JavaThread "Socket Connection Checker: 765e691d-df30-4fc8-9f1f-90824a0869e9" [_thread_in_native, id=17392, stack(0x000000ae1b600000,0x000000ae1b700000)]
  0x0000029d567d4160 JavaThread "C2 CompilerThread1" daemon [_thread_in_native, id=16536, stack(0x000000ae1b700000,0x000000ae1b800000)]
  0x0000029d5b282a80 JavaThread "C2 CompilerThread2" daemon [_thread_in_vm, id=16532, stack(0x000000ae1b800000,0x000000ae1b900000)]
  0x0000029d55616e20 JavaThread "Thread-2547" daemon [_thread_blocked, id=16040, stack(0x000000ae1b900000,0x000000ae1ba00000)]
  0x0000029d55618260 JavaThread "GPU Thread: a3bb8d6f-f893-45c8-aeba-b0abdb33c4ca" daemon [_thread_blocked, id=17064, stack(0x000000ae1bd00000,0x000000ae1be00000)]
  0x0000029d556196a0 JavaThread "Socket Connection Checker: a3bb8d6f-f893-45c8-aeba-b0abdb33c4ca" [_thread_in_native, id=17068, stack(0x000000ae1ba00000,0x000000ae1bb00000)]
  0x0000029d55619bb0 JavaThread "IPC Memory Reader Thread" [_thread_in_native, id=17060, stack(0x000000ae1bc00000,0x000000ae1bd00000)]
  0x0000029d55616910 JavaThread "Thread-2891" daemon [_thread_blocked, id=16988, stack(0x000000ae1be00000,0x000000ae1bf00000)]
  0x0000029d5561aff0 JavaThread "Thread-2894" daemon [_thread_blocked, id=17008, stack(0x000000ae1bf00000,0x000000ae1c000000)]

Other Threads:
  0x0000029d5099e040 VMThread "VM Thread" [stack: 0x000000ae18d00000,0x000000ae18e00000] [id=12100]
  0x0000029d50ba07b0 WatcherThread [stack: 0x000000ae19800000,0x000000ae19900000] [id=13120]
  0x0000029d31e9bcd0 GCTaskThread "GC Thread#0" [stack: 0x000000ae18800000,0x000000ae18900000] [id=14564]
  0x0000029d554ce450 GCTaskThread "GC Thread#1" [stack: 0x000000ae19a00000,0x000000ae19b00000] [id=6160]
  0x0000029d554ce710 GCTaskThread "GC Thread#2" [stack: 0x000000ae19b00000,0x000000ae19c00000] [id=11704]
  0x0000029d553bc830 GCTaskThread "GC Thread#3" [stack: 0x000000ae19c00000,0x000000ae19d00000] [id=12492]
  0x0000029d554cfc30 GCTaskThread "GC Thread#4" [stack: 0x000000ae19d00000,0x000000ae19e00000] [id=11860]
  0x0000029d554de8f0 GCTaskThread "GC Thread#5" [stack: 0x000000ae19e00000,0x000000ae19f00000] [id=14400]
  0x0000029d5542f8a0 GCTaskThread "GC Thread#6" [stack: 0x000000ae19f00000,0x000000ae1a000000] [id=15364]
  0x0000029d5542fb60 GCTaskThread "GC Thread#7" [stack: 0x000000ae1a000000,0x000000ae1a100000] [id=15480]
  0x0000029d31ead100 ConcurrentGCThread "G1 Main Marker" [stack: 0x000000ae18900000,0x000000ae18a00000] [id=1292]
  0x0000029d31eadb20 ConcurrentGCThread "G1 Conc#0" [stack: 0x000000ae18a00000,0x000000ae18b00000] [id=3276]
  0x0000029d556dce60 ConcurrentGCThread "G1 Conc#1" [stack: 0x000000ae1a500000,0x000000ae1a600000] [id=16396]
  0x0000029d507f64e0 ConcurrentGCThread "G1 Refine#0" [stack: 0x000000ae18b00000,0x000000ae18c00000] [id=15000]
  0x0000029d56280520 ConcurrentGCThread "G1 Refine#1" [stack: 0x000000ae1a900000,0x000000ae1aa00000] [id=16412]
  0x0000029d507f6d20 ConcurrentGCThread "G1 Service" [stack: 0x000000ae18c00000,0x000000ae18d00000] [id=7844]

Threads with active compile tasks:
C2 CompilerThread0    20103 8251       4       com.st.microxplorer.mcu.Signal::getBlocks (69 bytes)
C1 CompilerThread0    20103 8327       3       com.teamdev.jxbrowser.deps.com.google.protobuf.DescriptorProtos$FieldDescriptorProto::getSerializedSize (269 bytes)
C2 CompilerThread1    20103 8298       4       java.net.URLStreamHandler::toExternalForm (156 bytes)
C2 CompilerThread2    20103 8329       4       java.util.TreeMap::getEntry (77 bytes)

VM state: not at safepoint (normal execution)

VM Mutex/Monitor currently owned by a thread: None

OutOfMemory and StackOverflow Exception counts:
OutOfMemoryError java_heap_errors=1
LinkageErrors=56

Heap address: 0x0000000081600000, size: 2026 MB, Compressed Oops mode: 32-bit

CDS archive(s) not mapped
Compressed class space mapped at: 0x0000000100000000-0x0000000140000000, reserved size: 1073741824
Narrow klass base: 0x0000000000000000, Narrow klass shift: 3, Narrow klass range: 0x140000000

GC Precious Log:
 CPUs: 8 total, 8 available
 Memory: 8101M
 Large Page Support: Disabled
 NUMA Support: Disabled
 Compressed Oops: Enabled (32-bit)
 Heap Region Size: 1M
 Heap Min Capacity: 8M
 Heap Initial Capacity: 128M
 Heap Max Capacity: 2026M
 Pre-touch: Disabled
 Parallel Workers: 8
 Concurrent Workers: 2
 Concurrent Refinement Workers: 8
 Periodic GC: Disabled

Heap:
 garbage-first heap   total 258048K, used 211540K [0x0000000081600000, 0x0000000100000000)
  region size 1024K, 109 young (111616K), 15 survivors (15360K)
 Metaspace       used 75544K, committed 76480K, reserved 1179648K
  class space    used 8603K, committed 9024K, reserved 1048576K

Heap Regions: E=young(eden), S=young(survivor), O=old, HS=humongous(starts), HC=humongous(continues), CS=collection set, F=free, OA=open archive, CA=closed archive, TAMS=top-at-mark-start (previous, next)
|   0|0x0000000081600000, 0x0000000081700000, 0x0000000081700000|100%|HS|  |TAMS 0x0000000081700000, 0x0000000081600000| Complete 
|   1|0x0000000081700000, 0x0000000081800000, 0x0000000081800000|100%|HC|  |TAMS 0x0000000081800000, 0x0000000081700000| Complete 
|   2|0x0000000081800000, 0x0000000081900000, 0x0000000081900000|100%|HC|  |TAMS 0x0000000081900000, 0x0000000081800000| Complete 
|   3|0x0000000081900000, 0x0000000081a00000, 0x0000000081a00000|100%|HC|  |TAMS 0x0000000081a00000, 0x0000000081900000| Complete 
|   4|0x0000000081a00000, 0x0000000081b00000, 0x0000000081b00000|100%|HC|  |TAMS 0x0000000081b00000, 0x0000000081a00000| Complete 
|   5|0x0000000081b00000, 0x0000000081c00000, 0x0000000081c00000|100%|HC|  |TAMS 0x0000000081c00000, 0x0000000081b00000| Complete 
|   6|0x0000000081c00000, 0x0000000081d00000, 0x0000000081d00000|100%|HS|  |TAMS 0x0000000081d00000, 0x0000000081c00000| Complete 
|   7|0x0000000081d00000, 0x0000000081e00000, 0x0000000081e00000|100%| O|  |TAMS 0x0000000081e00000, 0x0000000081d00000| Untracked 
|   8|0x0000000081e00000, 0x0000000081f00000, 0x0000000081f00000|100%|HS|  |TAMS 0x0000000081f00000, 0x0000000081e00000| Complete 
|   9|0x0000000081f00000, 0x0000000082000000, 0x0000000082000000|100%| O|  |TAMS 0x0000000082000000, 0x0000000081f00000| Untracked 
|  10|0x0000000082000000, 0x0000000082100000, 0x0000000082100000|100%| O|  |TAMS 0x0000000082100000, 0x0000000082000000| Untracked 
|  11|0x0000000082100000, 0x0000000082200000, 0x0000000082200000|100%| O|  |TAMS 0x0000000082200000, 0x0000000082100000| Untracked 
|  12|0x0000000082200000, 0x0000000082300000, 0x0000000082300000|100%| O|  |TAMS 0x0000000082200000, 0x0000000082200000| Untracked 
|  13|0x0000000082300000, 0x0000000082400000, 0x0000000082400000|100%| O|  |TAMS 0x0000000082300000, 0x0000000082300000| Untracked 
|  14|0x0000000082400000, 0x0000000082500000, 0x0000000082500000|100%|HS|  |TAMS 0x0000000082500000, 0x0000000082400000| Complete 
|  15|0x0000000082500000, 0x0000000082600000, 0x0000000082600000|100%|HC|  |TAMS 0x0000000082600000, 0x0000000082500000| Complete 
|  16|0x0000000082600000, 0x0000000082700000, 0x0000000082700000|100%|HC|  |TAMS 0x0000000082700000, 0x0000000082600000| Complete 
|  17|0x0000000082700000, 0x0000000082800000, 0x0000000082800000|100%|HC|  |TAMS 0x0000000082800000, 0x0000000082700000| Complete 
|  18|0x0000000082800000, 0x0000000082900000, 0x0000000082900000|100%|HC|  |TAMS 0x0000000082900000, 0x0000000082800000| Complete 
|  19|0x0000000082900000, 0x0000000082a00000, 0x0000000082a00000|100%| O|  |TAMS 0x0000000082a00000, 0x0000000082900000| Untracked 
|  20|0x0000000082a00000, 0x0000000082b00000, 0x0000000082b00000|100%| O|  |TAMS 0x0000000082b00000, 0x0000000082a00000| Untracked 
|  21|0x0000000082b00000, 0x0000000082c00000, 0x0000000082c00000|100%| O|  |TAMS 0x0000000082c00000, 0x0000000082b00000| Untracked 
|  22|0x0000000082c00000, 0x0000000082d00000, 0x0000000082d00000|100%| O|  |TAMS 0x0000000082d00000, 0x0000000082c00000| Untracked 
|  23|0x0000000082d00000, 0x0000000082e00000, 0x0000000082e00000|100%| O|  |TAMS 0x0000000082e00000, 0x0000000082d00000| Untracked 
|  24|0x0000000082e00000, 0x0000000082f00000, 0x0000000082f00000|100%| O|  |TAMS 0x0000000082f00000, 0x0000000082e00000| Untracked 
|  25|0x0000000082f00000, 0x0000000083000000, 0x0000000083000000|100%| O|  |TAMS 0x0000000083000000, 0x0000000082f00000| Untracked 
|  26|0x0000000083000000, 0x0000000083100000, 0x0000000083100000|100%| O|  |TAMS 0x0000000083100000, 0x0000000083000000| Untracked 
|  27|0x0000000083100000, 0x0000000083200000, 0x0000000083200000|100%| O|  |TAMS 0x0000000083200000, 0x0000000083100000| Untracked 
|  28|0x0000000083200000, 0x0000000083300000, 0x0000000083300000|100%| O|  |TAMS 0x0000000083300000, 0x0000000083200000| Untracked 
|  29|0x0000000083300000, 0x0000000083400000, 0x0000000083400000|100%|HS|  |TAMS 0x0000000083400000, 0x0000000083300000| Complete 
|  30|0x0000000083400000, 0x0000000083500000, 0x0000000083500000|100%|HS|  |TAMS 0x0000000083500000, 0x0000000083400000| Complete 
|  31|0x0000000083500000, 0x0000000083600000, 0x0000000083600000|100%|HC|  |TAMS 0x0000000083600000, 0x0000000083500000| Complete 
|  32|0x0000000083600000, 0x0000000083700000, 0x0000000083700000|100%| O|  |TAMS 0x0000000083700000, 0x0000000083600000| Untracked 
|  33|0x0000000083700000, 0x0000000083800000, 0x0000000083800000|100%| O|  |TAMS 0x0000000083800000, 0x0000000083700000| Untracked 
|  34|0x0000000083800000, 0x0000000083900000, 0x0000000083900000|100%| O|  |TAMS 0x0000000083900000, 0x0000000083800000| Untracked 
|  35|0x0000000083900000, 0x0000000083a00000, 0x0000000083a00000|100%| O|  |TAMS 0x0000000083a00000, 0x0000000083900000| Untracked 
|  36|0x0000000083a00000, 0x0000000083b00000, 0x0000000083b00000|100%| O|  |TAMS 0x0000000083b00000, 0x0000000083a00000| Untracked 
|  37|0x0000000083b00000, 0x0000000083c00000, 0x0000000083c00000|100%| O|  |TAMS 0x0000000083c00000, 0x0000000083b00000| Untracked 
|  38|0x0000000083c00000, 0x0000000083d00000, 0x0000000083d00000|100%| O|  |TAMS 0x0000000083d00000, 0x0000000083c00000| Untracked 
|  39|0x0000000083d00000, 0x0000000083e00000, 0x0000000083e00000|100%| O|  |TAMS 0x0000000083e00000, 0x0000000083d00000| Untracked 
|  40|0x0000000083e00000, 0x0000000083f00000, 0x0000000083f00000|100%| O|  |TAMS 0x0000000083f00000, 0x0000000083e00000| Untracked 
|  41|0x0000000083f00000, 0x0000000084000000, 0x0000000084000000|100%| O|  |TAMS 0x0000000084000000, 0x0000000083f00000| Untracked 
|  42|0x0000000084000000, 0x0000000084100000, 0x0000000084100000|100%| O|  |TAMS 0x0000000084100000, 0x0000000084000000| Untracked 
|  43|0x0000000084100000, 0x0000000084200000, 0x0000000084200000|100%| O|  |TAMS 0x0000000084200000, 0x0000000084100000| Untracked 
|  44|0x0000000084200000, 0x0000000084300000, 0x0000000084300000|100%|HS|  |TAMS 0x0000000084300000, 0x0000000084200000| Complete 
|  45|0x0000000084300000, 0x0000000084400000, 0x0000000084400000|100%|HC|  |TAMS 0x0000000084400000, 0x0000000084300000| Complete 
|  46|0x0000000084400000, 0x0000000084500000, 0x0000000084500000|100%|HS|  |TAMS 0x0000000084500000, 0x0000000084400000| Complete 
|  47|0x0000000084500000, 0x0000000084600000, 0x0000000084600000|100%|HC|  |TAMS 0x0000000084600000, 0x0000000084500000| Complete 
|  48|0x0000000084600000, 0x0000000084700000, 0x0000000084700000|100%|HC|  |TAMS 0x0000000084700000, 0x0000000084600000| Complete 
|  49|0x0000000084700000, 0x0000000084800000, 0x0000000084800000|100%|HS|  |TAMS 0x0000000084800000, 0x0000000084700000| Complete 
|  50|0x0000000084800000, 0x0000000084900000, 0x0000000084900000|100%|HC|  |TAMS 0x0000000084900000, 0x0000000084800000| Complete 
|  51|0x0000000084900000, 0x0000000084a00000, 0x0000000084a00000|100%|HC|  |TAMS 0x0000000084a00000, 0x0000000084900000| Complete 
|  52|0x0000000084a00000, 0x0000000084b00000, 0x0000000084b00000|100%|HS|  |TAMS 0x0000000084b00000, 0x0000000084a00000| Complete 
|  53|0x0000000084b00000, 0x0000000084c00000, 0x0000000084c00000|100%|HC|  |TAMS 0x0000000084c00000, 0x0000000084b00000| Complete 
|  54|0x0000000084c00000, 0x0000000084d00000, 0x0000000084d00000|100%|HC|  |TAMS 0x0000000084d00000, 0x0000000084c00000| Complete 
|  55|0x0000000084d00000, 0x0000000084e00000, 0x0000000084e00000|100%|HS|  |TAMS 0x0000000084e00000, 0x0000000084d00000| Complete 
|  56|0x0000000084e00000, 0x0000000084f00000, 0x0000000084f00000|100%|HC|  |TAMS 0x0000000084f00000, 0x0000000084e00000| Complete 
|  57|0x0000000084f00000, 0x0000000085000000, 0x0000000085000000|100%|HC|  |TAMS 0x0000000085000000, 0x0000000084f00000| Complete 
|  58|0x0000000085000000, 0x0000000085100000, 0x0000000085100000|100%|HS|  |TAMS 0x0000000085100000, 0x0000000085000000| Complete 
|  59|0x0000000085100000, 0x0000000085200000, 0x0000000085200000|100%|HC|  |TAMS 0x0000000085200000, 0x0000000085100000| Complete 
|  60|0x0000000085200000, 0x0000000085300000, 0x0000000085300000|100%|HC|  |TAMS 0x0000000085300000, 0x0000000085200000| Complete 
|  61|0x0000000085300000, 0x0000000085400000, 0x0000000085400000|100%|HS|  |TAMS 0x0000000085400000, 0x0000000085300000| Complete 
|  62|0x0000000085400000, 0x0000000085500000, 0x0000000085500000|100%|HC|  |TAMS 0x0000000085500000, 0x0000000085400000| Complete 
|  63|0x0000000085500000, 0x0000000085600000, 0x0000000085600000|100%|HC|  |TAMS 0x0000000085600000, 0x0000000085500000| Complete 
|  64|0x0000000085600000, 0x0000000085700000, 0x0000000085700000|100%|HC|  |TAMS 0x0000000085700000, 0x0000000085600000| Complete 
|  65|0x0000000085700000, 0x0000000085800000, 0x0000000085800000|100%| O|  |TAMS 0x0000000085800000, 0x0000000085700000| Untracked 
|  66|0x0000000085800000, 0x0000000085900000, 0x0000000085900000|100%| O|  |TAMS 0x0000000085900000, 0x0000000085800000| Untracked 
|  67|0x0000000085900000, 0x0000000085a00000, 0x0000000085a00000|100%|HS|  |TAMS 0x0000000085a00000, 0x0000000085900000| Complete 
|  68|0x0000000085a00000, 0x0000000085b00000, 0x0000000085b00000|100%|HC|  |TAMS 0x0000000085b00000, 0x0000000085a00000| Complete 
|  69|0x0000000085b00000, 0x0000000085c00000, 0x0000000085c00000|100%|HC|  |TAMS 0x0000000085c00000, 0x0000000085b00000| Complete 
|  70|0x0000000085c00000, 0x0000000085d00000, 0x0000000085d00000|100%|HC|  |TAMS 0x0000000085d00000, 0x0000000085c00000| Complete 
|  71|0x0000000085d00000, 0x0000000085e00000, 0x0000000085e00000|100%|HS|  |TAMS 0x0000000085e00000, 0x0000000085d00000| Complete 
|  72|0x0000000085e00000, 0x0000000085f00000, 0x0000000085f00000|100%|HC|  |TAMS 0x0000000085f00000, 0x0000000085e00000| Complete 
|  73|0x0000000085f00000, 0x0000000086000000, 0x0000000086000000|100%|HC|  |TAMS 0x0000000086000000, 0x0000000085f00000| Complete 
|  74|0x0000000086000000, 0x0000000086100000, 0x0000000086100000|100%|HC|  |TAMS 0x0000000086100000, 0x0000000086000000| Complete 
|  75|0x0000000086100000, 0x0000000086200000, 0x0000000086200000|100%|HS|  |TAMS 0x0000000086200000, 0x0000000086100000| Complete 
|  76|0x0000000086200000, 0x0000000086300000, 0x0000000086300000|100%|HC|  |TAMS 0x0000000086300000, 0x0000000086200000| Complete 
|  77|0x0000000086300000, 0x0000000086400000, 0x0000000086400000|100%|HC|  |TAMS 0x0000000086400000, 0x0000000086300000| Complete 
|  78|0x0000000086400000, 0x0000000086500000, 0x0000000086500000|100%|HC|  |TAMS 0x0000000086500000, 0x0000000086400000| Complete 
|  79|0x0000000086500000, 0x0000000086600000, 0x0000000086600000|100%|HS|  |TAMS 0x0000000086600000, 0x0000000086500000| Complete 
|  80|0x0000000086600000, 0x0000000086700000, 0x0000000086700000|100%|HC|  |TAMS 0x0000000086700000, 0x0000000086600000| Complete 
|  81|0x0000000086700000, 0x0000000086800000, 0x0000000086800000|100%|HC|  |TAMS 0x0000000086800000, 0x0000000086700000| Complete 
|  82|0x0000000086800000, 0x0000000086900000, 0x0000000086900000|100%|HC|  |TAMS 0x0000000086900000, 0x0000000086800000| Complete 
|  83|0x0000000086900000, 0x0000000086a00000, 0x0000000086a00000|100%| O|  |TAMS 0x0000000086a00000, 0x0000000086900000| Untracked 
|  84|0x0000000086a00000, 0x0000000086b00000, 0x0000000086b00000|100%| O|  |TAMS 0x0000000086b00000, 0x0000000086a00000| Untracked 
|  85|0x0000000086b00000, 0x0000000086c00000, 0x0000000086c00000|100%| O|  |TAMS 0x0000000086c00000, 0x0000000086b00000| Untracked 
|  86|0x0000000086c00000, 0x0000000086d00000, 0x0000000086d00000|100%|HS|  |TAMS 0x0000000086d00000, 0x0000000086c00000| Complete 
|  87|0x0000000086d00000, 0x0000000086e00000, 0x0000000086e00000|100%|HC|  |TAMS 0x0000000086e00000, 0x0000000086d00000| Complete 
|  88|0x0000000086e00000, 0x0000000086f00000, 0x0000000086f00000|100%|HC|  |TAMS 0x0000000086f00000, 0x0000000086e00000| Complete 
|  89|0x0000000086f00000, 0x0000000087000000, 0x0000000087000000|100%|HC|  |TAMS 0x0000000087000000, 0x0000000086f00000| Complete 
|  90|0x0000000087000000, 0x0000000087100000, 0x0000000087100000|100%|HC|  |TAMS 0x0000000087100000, 0x0000000087000000| Complete 
|  91|0x0000000087100000, 0x0000000087200000, 0x0000000087200000|100%|HC|  |TAMS 0x0000000087200000, 0x0000000087100000| Complete 
|  92|0x0000000087200000, 0x0000000087300000, 0x0000000087300000|100%|HC|  |TAMS 0x0000000087300000, 0x0000000087200000| Complete 
|  93|0x0000000087300000, 0x0000000087400000, 0x0000000087400000|100%|HC|  |TAMS 0x0000000087400000, 0x0000000087300000| Complete 
|  94|0x0000000087400000, 0x0000000087500000, 0x0000000087500000|100%| O|  |TAMS 0x0000000087500000, 0x0000000087400000| Untracked 
|  95|0x0000000087500000, 0x0000000087600000, 0x0000000087600000|100%| O|  |TAMS 0x0000000087600000, 0x0000000087500000| Untracked 
|  96|0x0000000087600000, 0x0000000087700000, 0x0000000087700000|100%| O|  |TAMS 0x0000000087700000, 0x0000000087600000| Untracked 
|  97|0x0000000087700000, 0x0000000087800000, 0x0000000087800000|100%| O|  |TAMS 0x0000000087800000, 0x0000000087700000| Untracked 
|  98|0x0000000087800000, 0x0000000087900000, 0x0000000087900000|100%| O|  |TAMS 0x0000000087895400, 0x0000000087800000| Untracked 
|  99|0x0000000087900000, 0x0000000087a00000, 0x0000000087a00000|100%| O|  |TAMS 0x0000000087900000, 0x0000000087900000| Untracked 
| 100|0x0000000087a00000, 0x0000000087a35600, 0x0000000087b00000| 20%| O|  |TAMS 0x0000000087a00000, 0x0000000087a00000| Untracked 
| 101|0x0000000087b00000, 0x0000000087b00000, 0x0000000087c00000|  0%| F|  |TAMS 0x0000000087b00000, 0x0000000087b00000| Untracked 
| 102|0x0000000087c00000, 0x0000000087c00000, 0x0000000087d00000|  0%| F|  |TAMS 0x0000000087c00000, 0x0000000087c00000| Untracked 
| 103|0x0000000087d00000, 0x0000000087d00000, 0x0000000087e00000|  0%| F|  |TAMS 0x0000000087d00000, 0x0000000087d00000| Untracked 
| 104|0x0000000087e00000, 0x0000000087e00000, 0x0000000087f00000|  0%| F|  |TAMS 0x0000000087e00000, 0x0000000087e00000| Untracked 
| 105|0x0000000087f00000, 0x0000000087f00000, 0x0000000088000000|  0%| F|  |TAMS 0x0000000087f00000, 0x0000000087f00000| Untracked 
| 106|0x0000000088000000, 0x0000000088000000, 0x0000000088100000|  0%| F|  |TAMS 0x0000000088000000, 0x0000000088000000| Untracked 
| 107|0x0000000088100000, 0x0000000088100000, 0x0000000088200000|  0%| F|  |TAMS 0x0000000088100000, 0x0000000088100000| Untracked 
| 108|0x0000000088200000, 0x0000000088200000, 0x0000000088300000|  0%| F|  |TAMS 0x0000000088200000, 0x0000000088200000| Untracked 
| 109|0x0000000088300000, 0x0000000088300000, 0x0000000088400000|  0%| F|  |TAMS 0x0000000088300000, 0x0000000088300000| Untracked 
| 110|0x0000000088400000, 0x0000000088400000, 0x0000000088500000|  0%| F|  |TAMS 0x0000000088400000, 0x0000000088400000| Untracked 
| 111|0x0000000088500000, 0x0000000088500000, 0x0000000088600000|  0%| F|  |TAMS 0x0000000088500000, 0x0000000088500000| Untracked 
| 112|0x0000000088600000, 0x0000000088600000, 0x0000000088700000|  0%| F|  |TAMS 0x0000000088600000, 0x0000000088600000| Untracked 
| 113|0x0000000088700000, 0x0000000088700000, 0x0000000088800000|  0%| F|  |TAMS 0x0000000088700000, 0x0000000088700000| Untracked 
| 114|0x0000000088800000, 0x0000000088800000, 0x0000000088900000|  0%| F|  |TAMS 0x0000000088800000, 0x0000000088800000| Untracked 
| 115|0x0000000088900000, 0x0000000088900000, 0x0000000088a00000|  0%| F|  |TAMS 0x0000000088900000, 0x0000000088900000| Untracked 
| 116|0x0000000088a00000, 0x0000000088a00000, 0x0000000088b00000|  0%| F|  |TAMS 0x0000000088a00000, 0x0000000088a00000| Untracked 
| 117|0x0000000088b00000, 0x0000000088b00000, 0x0000000088c00000|  0%| F|  |TAMS 0x0000000088b00000, 0x0000000088b00000| Untracked 
| 118|0x0000000088c00000, 0x0000000088c00000, 0x0000000088d00000|  0%| F|  |TAMS 0x0000000088c00000, 0x0000000088c00000| Untracked 
| 119|0x0000000088d00000, 0x0000000088d00000, 0x0000000088e00000|  0%| F|  |TAMS 0x0000000088d00000, 0x0000000088d00000| Untracked 
| 120|0x0000000088e00000, 0x0000000088e5fa40, 0x0000000088f00000| 37%| S|CS|TAMS 0x0000000088e00000, 0x0000000088e00000| Complete 
| 121|0x0000000088f00000, 0x0000000089000000, 0x0000000089000000|100%| S|CS|TAMS 0x0000000088f00000, 0x0000000088f00000| Complete 
| 122|0x0000000089000000, 0x0000000089100000, 0x0000000089100000|100%| S|CS|TAMS 0x0000000089000000, 0x0000000089000000| Complete 
| 123|0x0000000089100000, 0x0000000089200000, 0x0000000089200000|100%| S|CS|TAMS 0x0000000089100000, 0x0000000089100000| Complete 
| 124|0x0000000089200000, 0x0000000089300000, 0x0000000089300000|100%| S|CS|TAMS 0x0000000089200000, 0x0000000089200000| Complete 
| 125|0x0000000089300000, 0x0000000089300000, 0x0000000089400000|  0%| F|  |TAMS 0x0000000089300000, 0x0000000089300000| Untracked 
| 126|0x0000000089400000, 0x0000000089400000, 0x0000000089500000|  0%| F|  |TAMS 0x0000000089400000, 0x0000000089400000| Untracked 
| 127|0x0000000089500000, 0x0000000089500000, 0x0000000089600000|  0%| F|  |TAMS 0x0000000089500000, 0x0000000089500000| Untracked 
| 128|0x0000000089600000, 0x0000000089700000, 0x0000000089700000|100%| S|CS|TAMS 0x0000000089600000, 0x0000000089600000| Complete 
| 129|0x0000000089700000, 0x0000000089800000, 0x0000000089800000|100%| S|CS|TAMS 0x0000000089700000, 0x0000000089700000| Complete 
| 130|0x0000000089800000, 0x0000000089900000, 0x0000000089900000|100%| S|CS|TAMS 0x0000000089800000, 0x0000000089800000| Complete 
| 131|0x0000000089900000, 0x0000000089a00000, 0x0000000089a00000|100%| S|CS|TAMS 0x0000000089900000, 0x0000000089900000| Complete 
| 132|0x0000000089a00000, 0x0000000089b00000, 0x0000000089b00000|100%| S|CS|TAMS 0x0000000089a00000, 0x0000000089a00000| Complete 
| 133|0x0000000089b00000, 0x0000000089b00000, 0x0000000089c00000|  0%| F|  |TAMS 0x0000000089b00000, 0x0000000089b00000| Untracked 
| 134|0x0000000089c00000, 0x0000000089c00000, 0x0000000089d00000|  0%| F|  |TAMS 0x0000000089c00000, 0x0000000089c00000| Untracked 
| 135|0x0000000089d00000, 0x0000000089d00000, 0x0000000089e00000|  0%| F|  |TAMS 0x0000000089d00000, 0x0000000089d00000| Untracked 
| 136|0x0000000089e00000, 0x0000000089e00000, 0x0000000089f00000|  0%| F|  |TAMS 0x0000000089e00000, 0x0000000089e00000| Untracked 
| 137|0x0000000089f00000, 0x0000000089f00000, 0x000000008a000000|  0%| F|  |TAMS 0x0000000089f00000, 0x0000000089f00000| Untracked 
| 138|0x000000008a000000, 0x000000008a000000, 0x000000008a100000|  0%| F|  |TAMS 0x000000008a000000, 0x000000008a000000| Untracked 
| 139|0x000000008a100000, 0x000000008a200000, 0x000000008a200000|100%| S|CS|TAMS 0x000000008a100000, 0x000000008a100000| Complete 
| 140|0x000000008a200000, 0x000000008a300000, 0x000000008a300000|100%| S|CS|TAMS 0x000000008a200000, 0x000000008a200000| Complete 
| 141|0x000000008a300000, 0x000000008a400000, 0x000000008a400000|100%| S|CS|TAMS 0x000000008a300000, 0x000000008a300000| Complete 
| 142|0x000000008a400000, 0x000000008a500000, 0x000000008a500000|100%| S|CS|TAMS 0x000000008a400000, 0x000000008a400000| Complete 
| 143|0x000000008a500000, 0x000000008a600000, 0x000000008a600000|100%| S|CS|TAMS 0x000000008a500000, 0x000000008a500000| Complete 
| 144|0x000000008a600000, 0x000000008a600000, 0x000000008a700000|  0%| F|  |TAMS 0x000000008a600000, 0x000000008a600000| Untracked 
| 145|0x000000008a700000, 0x000000008a700000, 0x000000008a800000|  0%| F|  |TAMS 0x000000008a700000, 0x000000008a700000| Untracked 
| 146|0x000000008a800000, 0x000000008a800000, 0x000000008a900000|  0%| F|  |TAMS 0x000000008a800000, 0x000000008a800000| Untracked 
| 147|0x000000008a900000, 0x000000008a900000, 0x000000008aa00000|  0%| F|  |TAMS 0x000000008a900000, 0x000000008a900000| Untracked 
| 148|0x000000008aa00000, 0x000000008aa00000, 0x000000008ab00000|  0%| F|  |TAMS 0x000000008aa00000, 0x000000008aa00000| Untracked 
| 149|0x000000008ab00000, 0x000000008ab00000, 0x000000008ac00000|  0%| F|  |TAMS 0x000000008ab00000, 0x000000008ab00000| Untracked 
| 150|0x000000008ac00000, 0x000000008ac00000, 0x000000008ad00000|  0%| F|  |TAMS 0x000000008ac00000, 0x000000008ac00000| Untracked 
| 151|0x000000008ad00000, 0x000000008ad00000, 0x000000008ae00000|  0%| F|  |TAMS 0x000000008ad00000, 0x000000008ad00000| Untracked 
| 152|0x000000008ae00000, 0x000000008ae00000, 0x000000008af00000|  0%| F|  |TAMS 0x000000008ae00000, 0x000000008ae00000| Untracked 
| 153|0x000000008af00000, 0x000000008af00000, 0x000000008b000000|  0%| F|  |TAMS 0x000000008af00000, 0x000000008af00000| Untracked 
| 154|0x000000008b000000, 0x000000008b000000, 0x000000008b100000|  0%| F|  |TAMS 0x000000008b000000, 0x000000008b000000| Untracked 
| 155|0x000000008b100000, 0x000000008b100000, 0x000000008b200000|  0%| F|  |TAMS 0x000000008b100000, 0x000000008b100000| Untracked 
| 156|0x000000008b200000, 0x000000008b200000, 0x000000008b300000|  0%| F|  |TAMS 0x000000008b200000, 0x000000008b200000| Untracked 
| 157|0x000000008b300000, 0x000000008b300000, 0x000000008b400000|  0%| F|  |TAMS 0x000000008b300000, 0x000000008b300000| Untracked 
| 158|0x000000008b400000, 0x000000008b44d660, 0x000000008b500000| 30%| E|  |TAMS 0x000000008b400000, 0x000000008b400000| Complete 
| 159|0x000000008b500000, 0x000000008b600000, 0x000000008b600000|100%| E|CS|TAMS 0x000000008b500000, 0x000000008b500000| Complete 
| 160|0x000000008b600000, 0x000000008b700000, 0x000000008b700000|100%| E|CS|TAMS 0x000000008b600000, 0x000000008b600000| Complete 
| 161|0x000000008b700000, 0x000000008b800000, 0x000000008b800000|100%| E|CS|TAMS 0x000000008b700000, 0x000000008b700000| Complete 
| 162|0x000000008b800000, 0x000000008b900000, 0x000000008b900000|100%| E|CS|TAMS 0x000000008b800000, 0x000000008b800000| Complete 
| 163|0x000000008b900000, 0x000000008ba00000, 0x000000008ba00000|100%| E|CS|TAMS 0x000000008b900000, 0x000000008b900000| Complete 
| 164|0x000000008ba00000, 0x000000008bb00000, 0x000000008bb00000|100%| E|CS|TAMS 0x000000008ba00000, 0x000000008ba00000| Complete 
| 165|0x000000008bb00000, 0x000000008bc00000, 0x000000008bc00000|100%| E|CS|TAMS 0x000000008bb00000, 0x000000008bb00000| Complete 
| 166|0x000000008bc00000, 0x000000008bd00000, 0x000000008bd00000|100%| E|  |TAMS 0x000000008bc00000, 0x000000008bc00000| Complete 
| 167|0x000000008bd00000, 0x000000008be00000, 0x000000008be00000|100%| E|CS|TAMS 0x000000008bd00000, 0x000000008bd00000| Complete 
| 168|0x000000008be00000, 0x000000008bf00000, 0x000000008bf00000|100%| E|CS|TAMS 0x000000008be00000, 0x000000008be00000| Complete 
| 169|0x000000008bf00000, 0x000000008c000000, 0x000000008c000000|100%| E|CS|TAMS 0x000000008bf00000, 0x000000008bf00000| Complete 
| 170|0x000000008c000000, 0x000000008c100000, 0x000000008c100000|100%| E|CS|TAMS 0x000000008c000000, 0x000000008c000000| Complete 
| 171|0x000000008c100000, 0x000000008c200000, 0x000000008c200000|100%| E|CS|TAMS 0x000000008c100000, 0x000000008c100000| Complete 
| 172|0x000000008c200000, 0x000000008c300000, 0x000000008c300000|100%| E|CS|TAMS 0x000000008c200000, 0x000000008c200000| Complete 
| 173|0x000000008c300000, 0x000000008c400000, 0x000000008c400000|100%| E|CS|TAMS 0x000000008c300000, 0x000000008c300000| Complete 
| 174|0x000000008c400000, 0x000000008c500000, 0x000000008c500000|100%| E|CS|TAMS 0x000000008c400000, 0x000000008c400000| Complete 
| 175|0x000000008c500000, 0x000000008c600000, 0x000000008c600000|100%| E|CS|TAMS 0x000000008c500000, 0x000000008c500000| Complete 
| 176|0x000000008c600000, 0x000000008c700000, 0x000000008c700000|100%| E|CS|TAMS 0x000000008c600000, 0x000000008c600000| Complete 
| 177|0x000000008c700000, 0x000000008c800000, 0x000000008c800000|100%| E|CS|TAMS 0x000000008c700000, 0x000000008c700000| Complete 
| 178|0x000000008c800000, 0x000000008c900000, 0x000000008c900000|100%| E|CS|TAMS 0x000000008c800000, 0x000000008c800000| Complete 
| 179|0x000000008c900000, 0x000000008ca00000, 0x000000008ca00000|100%| E|CS|TAMS 0x000000008c900000, 0x000000008c900000| Complete 
| 180|0x000000008ca00000, 0x000000008cb00000, 0x000000008cb00000|100%| E|CS|TAMS 0x000000008ca00000, 0x000000008ca00000| Complete 
| 181|0x000000008cb00000, 0x000000008cc00000, 0x000000008cc00000|100%| E|CS|TAMS 0x000000008cb00000, 0x000000008cb00000| Complete 
| 182|0x000000008cc00000, 0x000000008cd00000, 0x000000008cd00000|100%| E|CS|TAMS 0x000000008cc00000, 0x000000008cc00000| Complete 
| 183|0x000000008cd00000, 0x000000008ce00000, 0x000000008ce00000|100%| E|CS|TAMS 0x000000008cd00000, 0x000000008cd00000| Complete 
| 184|0x000000008ce00000, 0x000000008cf00000, 0x000000008cf00000|100%| E|CS|TAMS 0x000000008ce00000, 0x000000008ce00000| Complete 
| 185|0x000000008cf00000, 0x000000008d000000, 0x000000008d000000|100%| E|CS|TAMS 0x000000008cf00000, 0x000000008cf00000| Complete 
| 186|0x000000008d000000, 0x000000008d100000, 0x000000008d100000|100%| E|CS|TAMS 0x000000008d000000, 0x000000008d000000| Complete 
| 187|0x000000008d100000, 0x000000008d200000, 0x000000008d200000|100%| E|CS|TAMS 0x000000008d100000, 0x000000008d100000| Complete 
| 188|0x000000008d200000, 0x000000008d300000, 0x000000008d300000|100%| E|CS|TAMS 0x000000008d200000, 0x000000008d200000| Complete 
| 189|0x000000008d300000, 0x000000008d400000, 0x000000008d400000|100%| E|CS|TAMS 0x000000008d300000, 0x000000008d300000| Complete 
| 190|0x000000008d400000, 0x000000008d500000, 0x000000008d500000|100%| E|CS|TAMS 0x000000008d400000, 0x000000008d400000| Complete 
| 191|0x000000008d500000, 0x000000008d600000, 0x000000008d600000|100%| E|CS|TAMS 0x000000008d500000, 0x000000008d500000| Complete 
| 192|0x000000008d600000, 0x000000008d700000, 0x000000008d700000|100%| E|CS|TAMS 0x000000008d600000, 0x000000008d600000| Complete 
| 193|0x000000008d700000, 0x000000008d800000, 0x000000008d800000|100%| E|CS|TAMS 0x000000008d700000, 0x000000008d700000| Complete 
| 194|0x000000008d800000, 0x000000008d900000, 0x000000008d900000|100%| E|CS|TAMS 0x000000008d800000, 0x000000008d800000| Complete 
| 195|0x000000008d900000, 0x000000008da00000, 0x000000008da00000|100%| E|CS|TAMS 0x000000008d900000, 0x000000008d900000| Complete 
| 196|0x000000008da00000, 0x000000008db00000, 0x000000008db00000|100%| E|CS|TAMS 0x000000008da00000, 0x000000008da00000| Complete 
| 197|0x000000008db00000, 0x000000008dc00000, 0x000000008dc00000|100%| E|CS|TAMS 0x000000008db00000, 0x000000008db00000| Complete 
| 198|0x000000008dc00000, 0x000000008dd00000, 0x000000008dd00000|100%| E|CS|TAMS 0x000000008dc00000, 0x000000008dc00000| Complete 
| 199|0x000000008dd00000, 0x000000008de00000, 0x000000008de00000|100%| E|CS|TAMS 0x000000008dd00000, 0x000000008dd00000| Complete 
| 200|0x000000008de00000, 0x000000008df00000, 0x000000008df00000|100%| E|CS|TAMS 0x000000008de00000, 0x000000008de00000| Complete 
| 201|0x000000008df00000, 0x000000008e000000, 0x000000008e000000|100%| E|CS|TAMS 0x000000008df00000, 0x000000008df00000| Complete 
| 202|0x000000008e000000, 0x000000008e100000, 0x000000008e100000|100%| E|CS|TAMS 0x000000008e000000, 0x000000008e000000| Complete 
| 203|0x000000008e100000, 0x000000008e200000, 0x000000008e200000|100%| E|CS|TAMS 0x000000008e100000, 0x000000008e100000| Complete 
| 204|0x000000008e200000, 0x000000008e300000, 0x000000008e300000|100%| E|CS|TAMS 0x000000008e200000, 0x000000008e200000| Complete 
| 205|0x000000008e300000, 0x000000008e400000, 0x000000008e400000|100%| E|CS|TAMS 0x000000008e300000, 0x000000008e300000| Complete 
| 206|0x000000008e400000, 0x000000008e500000, 0x000000008e500000|100%| E|CS|TAMS 0x000000008e400000, 0x000000008e400000| Complete 
| 207|0x000000008e500000, 0x000000008e600000, 0x000000008e600000|100%| E|CS|TAMS 0x000000008e500000, 0x000000008e500000| Complete 
| 208|0x000000008e600000, 0x000000008e700000, 0x000000008e700000|100%| E|CS|TAMS 0x000000008e600000, 0x000000008e600000| Complete 
| 209|0x000000008e700000, 0x000000008e800000, 0x000000008e800000|100%| E|CS|TAMS 0x000000008e700000, 0x000000008e700000| Complete 
| 210|0x000000008e800000, 0x000000008e900000, 0x000000008e900000|100%| E|CS|TAMS 0x000000008e800000, 0x000000008e800000| Complete 
| 211|0x000000008e900000, 0x000000008ea00000, 0x000000008ea00000|100%| E|CS|TAMS 0x000000008e900000, 0x000000008e900000| Complete 
| 212|0x000000008ea00000, 0x000000008eb00000, 0x000000008eb00000|100%| E|CS|TAMS 0x000000008ea00000, 0x000000008ea00000| Complete 
| 213|0x000000008eb00000, 0x000000008ec00000, 0x000000008ec00000|100%| E|CS|TAMS 0x000000008eb00000, 0x000000008eb00000| Complete 
| 214|0x000000008ec00000, 0x000000008ed00000, 0x000000008ed00000|100%| E|CS|TAMS 0x000000008ec00000, 0x000000008ec00000| Complete 
| 215|0x000000008ed00000, 0x000000008ee00000, 0x000000008ee00000|100%| E|CS|TAMS 0x000000008ed00000, 0x000000008ed00000| Complete 
| 216|0x000000008ee00000, 0x000000008ef00000, 0x000000008ef00000|100%| E|CS|TAMS 0x000000008ee00000, 0x000000008ee00000| Complete 
| 217|0x000000008ef00000, 0x000000008f000000, 0x000000008f000000|100%| E|CS|TAMS 0x000000008ef00000, 0x000000008ef00000| Complete 
| 218|0x000000008f000000, 0x000000008f100000, 0x000000008f100000|100%| E|CS|TAMS 0x000000008f000000, 0x000000008f000000| Complete 
| 219|0x000000008f100000, 0x000000008f200000, 0x000000008f200000|100%| E|CS|TAMS 0x000000008f100000, 0x000000008f100000| Complete 
| 220|0x000000008f200000, 0x000000008f300000, 0x000000008f300000|100%| E|CS|TAMS 0x000000008f200000, 0x000000008f200000| Complete 
| 221|0x000000008f300000, 0x000000008f400000, 0x000000008f400000|100%| E|CS|TAMS 0x000000008f300000, 0x000000008f300000| Complete 
| 222|0x000000008f400000, 0x000000008f500000, 0x000000008f500000|100%| E|CS|TAMS 0x000000008f400000, 0x000000008f400000| Complete 
| 223|0x000000008f500000, 0x000000008f600000, 0x000000008f600000|100%| E|CS|TAMS 0x000000008f500000, 0x000000008f500000| Complete 
| 224|0x000000008f600000, 0x000000008f700000, 0x000000008f700000|100%| E|CS|TAMS 0x000000008f600000, 0x000000008f600000| Complete 
| 225|0x000000008f700000, 0x000000008f800000, 0x000000008f800000|100%| E|CS|TAMS 0x000000008f700000, 0x000000008f700000| Complete 
| 226|0x000000008f800000, 0x000000008f900000, 0x000000008f900000|100%| E|CS|TAMS 0x000000008f800000, 0x000000008f800000| Complete 
| 227|0x000000008f900000, 0x000000008fa00000, 0x000000008fa00000|100%| E|CS|TAMS 0x000000008f900000, 0x000000008f900000| Complete 
| 228|0x000000008fa00000, 0x000000008fb00000, 0x000000008fb00000|100%| E|CS|TAMS 0x000000008fa00000, 0x000000008fa00000| Complete 
| 229|0x000000008fb00000, 0x000000008fc00000, 0x000000008fc00000|100%| E|CS|TAMS 0x000000008fb00000, 0x000000008fb00000| Complete 
| 230|0x000000008fc00000, 0x000000008fd00000, 0x000000008fd00000|100%| E|CS|TAMS 0x000000008fc00000, 0x000000008fc00000| Complete 
| 231|0x000000008fd00000, 0x000000008fe00000, 0x000000008fe00000|100%| E|CS|TAMS 0x000000008fd00000, 0x000000008fd00000| Complete 
| 232|0x000000008fe00000, 0x000000008ff00000, 0x000000008ff00000|100%| E|CS|TAMS 0x000000008fe00000, 0x000000008fe00000| Complete 
| 233|0x000000008ff00000, 0x0000000090000000, 0x0000000090000000|100%| E|CS|TAMS 0x000000008ff00000, 0x000000008ff00000| Complete 
| 234|0x0000000090000000, 0x0000000090100000, 0x0000000090100000|100%| E|CS|TAMS 0x0000000090000000, 0x0000000090000000| Complete 
| 235|0x0000000090100000, 0x0000000090200000, 0x0000000090200000|100%| E|CS|TAMS 0x0000000090100000, 0x0000000090100000| Complete 
| 236|0x0000000090200000, 0x0000000090300000, 0x0000000090300000|100%| E|CS|TAMS 0x0000000090200000, 0x0000000090200000| Complete 
| 237|0x0000000090300000, 0x0000000090400000, 0x0000000090400000|100%| E|CS|TAMS 0x0000000090300000, 0x0000000090300000| Complete 
| 238|0x0000000090400000, 0x0000000090500000, 0x0000000090500000|100%| E|CS|TAMS 0x0000000090400000, 0x0000000090400000| Complete 
| 239|0x0000000090500000, 0x0000000090600000, 0x0000000090600000|100%| E|CS|TAMS 0x0000000090500000, 0x0000000090500000| Complete 
| 240|0x0000000090600000, 0x0000000090700000, 0x0000000090700000|100%| E|CS|TAMS 0x0000000090600000, 0x0000000090600000| Complete 
| 241|0x0000000090700000, 0x0000000090800000, 0x0000000090800000|100%| E|CS|TAMS 0x0000000090700000, 0x0000000090700000| Complete 
| 242|0x0000000090800000, 0x0000000090900000, 0x0000000090900000|100%| E|CS|TAMS 0x0000000090800000, 0x0000000090800000| Complete 
| 243|0x0000000090900000, 0x0000000090a00000, 0x0000000090a00000|100%| E|CS|TAMS 0x0000000090900000, 0x0000000090900000| Complete 
| 244|0x0000000090a00000, 0x0000000090b00000, 0x0000000090b00000|100%| E|CS|TAMS 0x0000000090a00000, 0x0000000090a00000| Complete 
| 245|0x0000000090b00000, 0x0000000090c00000, 0x0000000090c00000|100%| E|CS|TAMS 0x0000000090b00000, 0x0000000090b00000| Complete 
| 246|0x0000000090c00000, 0x0000000090d00000, 0x0000000090d00000|100%| E|CS|TAMS 0x0000000090c00000, 0x0000000090c00000| Complete 
| 247|0x0000000090d00000, 0x0000000090e00000, 0x0000000090e00000|100%| E|CS|TAMS 0x0000000090d00000, 0x0000000090d00000| Complete 
| 248|0x0000000090e00000, 0x0000000090f00000, 0x0000000090f00000|100%| E|CS|TAMS 0x0000000090e00000, 0x0000000090e00000| Complete 
| 249|0x0000000090f00000, 0x0000000091000000, 0x0000000091000000|100%| E|CS|TAMS 0x0000000090f00000, 0x0000000090f00000| Complete 
| 250|0x0000000091000000, 0x0000000091100000, 0x0000000091100000|100%| E|CS|TAMS 0x0000000091000000, 0x0000000091000000| Complete 
| 251|0x0000000091100000, 0x0000000091200000, 0x0000000091200000|100%| E|CS|TAMS 0x0000000091100000, 0x0000000091100000| Complete 

Card table byte_map: [0x0000029d497e0000,0x0000029d49be0000] _byte_map_base: 0x0000029d493d5000

Marking Bits (Prev, Next): (CMBitMap*) 0x0000029d31e9c330, (CMBitMap*) 0x0000029d31e9c2f0
 Prev Bits: [0x0000029d4bf90000, 0x0000029d4df38000)
 Next Bits: [0x0000029d49fe0000, 0x0000029d4bf88000)

Polling page: 0x0000029d2fe00000

Metaspace:

Usage:
  Non-class:     65.49 MB used.
      Class:      8.41 MB used.
       Both:     73.91 MB used.

Virtual space:
  Non-class space:      128.00 MB reserved,      66.00 MB ( 52%) committed,  2 nodes.
      Class space:        1.00 GB reserved,       8.88 MB ( <1%) committed,  1 nodes.
             Both:        1.12 GB reserved,      74.88 MB (  6%) committed. 

Chunk freelists:
   Non-Class:  13.98 MB
       Class:  7.05 MB
        Both:  21.03 MB

MaxMetaspaceSize: unlimited
CompressedClassSpaceSize: 1.00 GB
Initial GC threshold: 21.00 MB
Current GC threshold: 118.44 MB
CDS: off
MetaspaceReclaimPolicy: balanced
 - commit_granule_bytes: 65536.
 - commit_granule_words: 8192.
 - virtual_space_node_default_size: 8388608.
 - enlarge_chunks_in_place: 1.
 - new_chunks_are_fully_committed: 0.
 - uncommit_free_chunks: 1.
 - use_allocation_guard: 0.
 - handle_deallocations: 1.


Internal statistics:

num_allocs_failed_limit: 6.
num_arena_births: 810.
num_arena_deaths: 0.
num_vsnodes_births: 3.
num_vsnodes_deaths: 0.
num_space_committed: 1198.
num_space_uncommitted: 0.
num_chunks_returned_to_freelist: 6.
num_chunks_taken_from_freelist: 2723.
num_chunk_merges: 0.
num_chunk_splits: 1872.
num_chunks_enlarged: 1303.
num_inconsistent_stats: 0.

CodeHeap 'non-profiled nmethods': size=120000Kb used=4998Kb max_used=4998Kb free=115002Kb
 bounds [0x0000029d41b80000, 0x0000029d42070000, 0x0000029d490b0000]
CodeHeap 'profiled nmethods': size=120000Kb used=13512Kb max_used=13865Kb free=106487Kb
 bounds [0x0000029d3a0b0000, 0x0000029d3ae50000, 0x0000029d415e0000]
CodeHeap 'non-nmethods': size=5760Kb used=1506Kb max_used=1607Kb free=4253Kb
 bounds [0x0000029d415e0000, 0x0000029d41850000, 0x0000029d41b80000]
 total_blobs=7833 nmethods=6947 adapters=798
 compilation: enabled
              stopped_count=0, restarted_count=0
 full_count=0

Compilation events (20 events):
Event: 19.976 Thread 0x0000029d567d4160 nmethod 8190 0x0000029d42058090 code [0x0000029d42058220, 0x0000029d42058798]
Event: 19.976 Thread 0x0000029d567d4160 8191       4       java.util.regex.Pattern::accept (43 bytes)
Event: 19.979 Thread 0x0000029d509e0cb0 8290   !   3       com.teamdev.jxbrowser.deps.com.google.protobuf.DescriptorProtos$EnumValueDescriptorProto::<init> (284 bytes)
Event: 19.979 Thread 0x0000029d567d4160 nmethod 8191 0x0000029d42058990 code [0x0000029d42058b00, 0x0000029d42058c18]
Event: 19.979 Thread 0x0000029d567d4160 8156       4       java.lang.ThreadLocal$ThreadLocalMap::getEntry (42 bytes)
Event: 19.981 Thread 0x0000029d509e0cb0 nmethod 8290 0x0000029d3a66dc10 code [0x0000029d3a66dfa0, 0x0000029d3a66faa8]
Event: 19.981 Thread 0x0000029d509e0cb0 8291       3       com.teamdev.jxbrowser.deps.com.google.protobuf.DescriptorProtos$FieldDescriptorProto::<init> (50 bytes)
Event: 19.982 Thread 0x0000029d509e0cb0 nmethod 8291 0x0000029d3a66d390 code [0x0000029d3a66d560, 0x0000029d3a66dab8]
Event: 19.983 Thread 0x0000029d509e0cb0 8293       3       java.lang.invoke.MemberName::equals (69 bytes)
Event: 19.983 Thread 0x0000029d567d4160 nmethod 8156 0x0000029d42058d10 code [0x0000029d42058ea0, 0x0000029d42059058]
Event: 19.984 Thread 0x0000029d567d4160 8292       4       com.teamdev.jxbrowser.deps.com.google.protobuf.CodedInputStream$ArrayDecoder::readRawVarint32 (213 bytes)
Event: 19.985 Thread 0x0000029d509e0cb0 nmethod 8293 0x0000029d3a66c090 code [0x0000029d3a66c320, 0x0000029d3a66d058]
Event: 19.987 Thread 0x0000029d567d4160 nmethod 8292 0x0000029d42059210 code [0x0000029d420593a0, 0x0000029d42059568]
Event: 19.987 Thread 0x0000029d567d4160 8182       4       java.lang.String::<init> (10 bytes)
Event: 19.996 Thread 0x0000029d567d4160 nmethod 8182 0x0000029d42059710 code [0x0000029d420598a0, 0x0000029d42059ed8]
Event: 19.996 Thread 0x0000029d567d4160 8274       4       com.teamdev.jxbrowser.deps.com.google.protobuf.CodedOutputStream$ArrayEncoder::spaceLeft (10 bytes)
Event: 19.996 Thread 0x0000029d567d4160 nmethod 8274 0x0000029d4205a090 code [0x0000029d4205a200, 0x0000029d4205a278]
Event: 19.996 Thread 0x0000029d567d4160 8287       4       com.teamdev.jxbrowser.deps.com.google.protobuf.ByteString$LiteralByteString::size (6 bytes)
Event: 19.997 Thread 0x0000029d567d4160 nmethod 8287 0x0000029d4205a390 code [0x0000029d4205a500, 0x0000029d4205a598]
Event: 19.997 Thread 0x0000029d567d4160 8201       4       jp.ac.kobe_u.cs.cream.IntDomain::contains (14 bytes)

GC Heap History (20 events):
Event: 15.155 GC heap before
{Heap before GC invocations=42 (full 0):
 garbage-first heap   total 215040K, used 168287K [0x0000000081600000, 0x0000000100000000)
  region size 1024K, 68 young (69632K), 5 survivors (5120K)
 Metaspace       used 71831K, committed 72768K, reserved 1114112K
  class space    used 8225K, committed 8704K, reserved 1048576K
}
Event: 15.159 GC heap after
{Heap after GC invocations=43 (full 0):
 garbage-first heap   total 215040K, used 103616K [0x0000000081600000, 0x0000000100000000)
  region size 1024K, 5 young (5120K), 5 survivors (5120K)
 Metaspace       used 71831K, committed 72768K, reserved 1114112K
  class space    used 8225K, committed 8704K, reserved 1048576K
}
Event: 15.297 GC heap before
{Heap before GC invocations=43 (full 0):
 garbage-first heap   total 215040K, used 182464K [0x0000000081600000, 0x0000000100000000)
  region size 1024K, 82 young (83968K), 5 survivors (5120K)
 Metaspace       used 71831K, committed 72768K, reserved 1114112K
  class space    used 8225K, committed 8704K, reserved 1048576K
}
Event: 15.302 GC heap after
{Heap after GC invocations=44 (full 0):
 garbage-first heap   total 215040K, used 103753K [0x0000000081600000, 0x0000000100000000)
  region size 1024K, 5 young (5120K), 5 survivors (5120K)
 Metaspace       used 71831K, committed 72768K, reserved 1114112K
  class space    used 8225K, committed 8704K, reserved 1048576K
}
Event: 15.700 GC heap before
{Heap before GC invocations=45 (full 0):
 garbage-first heap   total 215040K, used 186697K [0x0000000081600000, 0x0000000100000000)
  region size 1024K, 86 young (88064K), 5 survivors (5120K)
 Metaspace       used 71873K, committed 72896K, reserved 1114112K
  class space    used 8225K, committed 8704K, reserved 1048576K
}
Event: 15.704 GC heap after
{Heap after GC invocations=46 (full 0):
 garbage-first heap   total 215040K, used 102934K [0x0000000081600000, 0x0000000100000000)
  region size 1024K, 4 young (4096K), 4 survivors (4096K)
 Metaspace       used 71873K, committed 72896K, reserved 1114112K
  class space    used 8225K, committed 8704K, reserved 1048576K
}
Event: 15.952 GC heap before
{Heap before GC invocations=46 (full 0):
 garbage-first heap   total 215040K, used 186902K [0x0000000081600000, 0x0000000100000000)
  region size 1024K, 86 young (88064K), 4 survivors (4096K)
 Metaspace       used 71888K, committed 72896K, reserved 1114112K
  class space    used 8225K, committed 8704K, reserved 1048576K
}
Event: 15.956 GC heap after
{Heap after GC invocations=47 (full 0):
 garbage-first heap   total 215040K, used 104387K [0x0000000081600000, 0x0000000100000000)
  region size 1024K, 6 young (6144K), 6 survivors (6144K)
 Metaspace       used 71888K, committed 72896K, reserved 1114112K
  class space    used 8225K, committed 8704K, reserved 1048576K
}
Event: 16.223 GC heap before
{Heap before GC invocations=48 (full 0):
 garbage-first heap   total 215040K, used 186307K [0x0000000081600000, 0x0000000100000000)
  region size 1024K, 86 young (88064K), 6 survivors (6144K)
 Metaspace       used 71916K, committed 72896K, reserved 1114112K
  class space    used 8225K, committed 8704K, reserved 1048576K
}
Event: 16.228 GC heap after
{Heap after GC invocations=49 (full 0):
 garbage-first heap   total 215040K, used 105639K [0x0000000081600000, 0x0000000100000000)
  region size 1024K, 7 young (7168K), 7 survivors (7168K)
 Metaspace       used 71916K, committed 72896K, reserved 1114112K
  class space    used 8225K, committed 8704K, reserved 1048576K
}
Event: 16.431 GC heap before
{Heap before GC invocations=49 (full 0):
 garbage-first heap   total 215040K, used 185511K [0x0000000081600000, 0x0000000100000000)
  region size 1024K, 85 young (87040K), 7 survivors (7168K)
 Metaspace       used 71933K, committed 72896K, reserved 1114112K
  class space    used 8225K, committed 8704K, reserved 1048576K
}
Event: 16.437 GC heap after
{Heap after GC invocations=50 (full 0):
 garbage-first heap   total 258048K, used 106758K [0x0000000081600000, 0x0000000100000000)
  region size 1024K, 5 young (5120K), 5 survivors (5120K)
 Metaspace       used 71933K, committed 72896K, reserved 1114112K
  class space    used 8225K, committed 8704K, reserved 1048576K
}
Event: 16.667 GC heap before
{Heap before GC invocations=51 (full 0):
 garbage-first heap   total 258048K, used 221446K [0x0000000081600000, 0x0000000100000000)
  region size 1024K, 117 young (119808K), 5 survivors (5120K)
 Metaspace       used 71937K, committed 72896K, reserved 1114112K
  class space    used 8225K, committed 8704K, reserved 1048576K
}
Event: 16.671 GC heap after
{Heap after GC invocations=52 (full 0):
 garbage-first heap   total 258048K, used 108145K [0x0000000081600000, 0x0000000100000000)
  region size 1024K, 7 young (7168K), 7 survivors (7168K)
 Metaspace       used 71937K, committed 72896K, reserved 1114112K
  class space    used 8225K, committed 8704K, reserved 1048576K
}
Event: 17.021 GC heap before
{Heap before GC invocations=52 (full 0):
 garbage-first heap   total 258048K, used 220785K [0x0000000081600000, 0x0000000100000000)
  region size 1024K, 117 young (119808K), 7 survivors (7168K)
 Metaspace       used 72250K, committed 73216K, reserved 1114112K
  class space    used 8264K, committed 8704K, reserved 1048576K
}
Event: 17.026 GC heap after
{Heap after GC invocations=53 (full 0):
 garbage-first heap   total 258048K, used 108786K [0x0000000081600000, 0x0000000100000000)
  region size 1024K, 7 young (7168K), 7 survivors (7168K)
 Metaspace       used 72250K, committed 73216K, reserved 1114112K
  class space    used 8264K, committed 8704K, reserved 1048576K
}
Event: 17.442 GC heap before
{Heap before GC invocations=53 (full 0):
 garbage-first heap   total 258048K, used 222450K [0x0000000081600000, 0x0000000100000000)
  region size 1024K, 118 young (120832K), 7 survivors (7168K)
 Metaspace       used 72533K, committed 73472K, reserved 1114112K
  class space    used 8268K, committed 8704K, reserved 1048576K
}
Event: 17.450 GC heap after
{Heap after GC invocations=54 (full 0):
 garbage-first heap   total 258048K, used 110306K [0x0000000081600000, 0x0000000100000000)
  region size 1024K, 9 young (9216K), 9 survivors (9216K)
 Metaspace       used 72533K, committed 73472K, reserved 1114112K
  class space    used 8268K, committed 8704K, reserved 1048576K
}
Event: 19.376 GC heap before
{Heap before GC invocations=54 (full 0):
 garbage-first heap   total 258048K, used 219874K [0x0000000081600000, 0x0000000100000000)
  region size 1024K, 117 young (119808K), 9 survivors (9216K)
 Metaspace       used 74317K, committed 75264K, reserved 1179648K
  class space    used 8461K, committed 8896K, reserved 1048576K
}
Event: 19.386 GC heap after
{Heap after GC invocations=55 (full 0):
 garbage-first heap   total 258048K, used 117332K [0x0000000081600000, 0x0000000100000000)
  region size 1024K, 15 young (15360K), 15 survivors (15360K)
 Metaspace       used 74317K, committed 75264K, reserved 1179648K
  class space    used 8461K, committed 8896K, reserved 1048576K
}

Dll operation events (18 events):
Event: 0.037 Loaded shared library C:\Users\Ken.Liang\AppData\Local\Programs\STM32CubeMX\jre\bin\java.dll
Event: 0.115 Loaded shared library C:\Users\Ken.Liang\AppData\Local\Programs\STM32CubeMX\jre\bin\jsvml.dll
Event: 0.239 Loaded shared library C:\Users\Ken.Liang\AppData\Local\Programs\STM32CubeMX\jre\bin\net.dll
Event: 0.241 Loaded shared library C:\Users\Ken.Liang\AppData\Local\Programs\STM32CubeMX\jre\bin\nio.dll
Event: 0.290 Loaded shared library C:\Users\Ken.Liang\AppData\Local\Programs\STM32CubeMX\jre\bin\zip.dll
Event: 0.349 Loaded shared library C:\Users\Ken.Liang\AppData\Local\Programs\STM32CubeMX\jre\bin\jimage.dll
Event: 0.819 Loaded shared library C:\Users\Ken.Liang\AppData\Local\Programs\STM32CubeMX\jre\bin\management.dll
Event: 0.863 Loaded shared library C:\Users\Ken.Liang\AppData\Local\Programs\STM32CubeMX\jre\bin\management_ext.dll
Event: 1.409 Loaded shared library C:\Users\Ken.Liang\AppData\Local\Programs\STM32CubeMX\jre\bin\awt.dll
Event: 1.842 Loaded shared library C:\Users\Ken.Liang\AppData\Local\Programs\STM32CubeMX\jre\bin\freetype.dll
Event: 1.845 Loaded shared library C:\Users\Ken.Liang\AppData\Local\Programs\STM32CubeMX\jre\bin\fontmanager.dll
Event: 2.088 Loaded shared library C:\Users\Ken.Liang\AppData\Local\Programs\STM32CubeMX\jre\bin\verify.dll
Event: 2.218 Loaded shared library C:\Users\Ken.Liang\AppData\Local\Programs\STM32CubeMX\jre\bin\prefs.dll
Event: 9.261 Loaded shared library C:\Users\Ken.Liang\AppData\Local\Programs\STM32CubeMX\jre\bin\sunmscapi.dll
Event: 9.575 Loaded shared library C:\Users\Ken.Liang\AppData\Local\Programs\STM32CubeMX\jre\bin\extnet.dll
Event: 10.680 Loaded shared library C:\Users\Ken.Liang\AppData\Local\Programs\STM32CubeMX\jre\bin\javajpeg.dll
Event: 17.872 Loaded shared library C:\Users\Ken.Liang\.stm32cubemx\.jxbrowser-7.38.2\Chromium\toolkit64.dll
Event: 18.915 Loaded shared library C:\Users\Ken.Liang\.stm32cubemx\.jxbrowser-7.38.2\Chromium\ipc64.dll

Deoptimization events (20 events):
Event: 19.270 Thread 0x0000029d55616400 DEOPT PACKING pc=0x0000029d41fb6ab4 sp=0x000000ae1aafeb10
Event: 19.270 Thread 0x0000029d55616400 DEOPT UNPACKING pc=0x0000029d416369a3 sp=0x000000ae1aafea48 mode 2
Event: 19.270 Thread 0x0000029d55616400 Uncommon trap: trap_request=0xffffff45 fr.pc=0x0000029d41f8c0b0 relative=0x0000000000002430
Event: 19.270 Thread 0x0000029d55616400 Uncommon trap: reason=unstable_if action=reinterpret pc=0x0000029d41f8c0b0 method=com.st.microxplorer.mcu.PinoutRecombination.<init>(Lcom/st/microxplorer/mcu/Mode;)V @ 383 c2
Event: 19.270 Thread 0x0000029d55616400 DEOPT PACKING pc=0x0000029d41f8c0b0 sp=0x000000ae1aafeb80
Event: 19.270 Thread 0x0000029d55616400 DEOPT UNPACKING pc=0x0000029d416369a3 sp=0x000000ae1aafeb78 mode 2
Event: 19.398 Thread 0x0000029d55616400 Uncommon trap: trap_request=0xffffff45 fr.pc=0x0000029d41fabd58 relative=0x0000000000000098
Event: 19.398 Thread 0x0000029d55616400 Uncommon trap: reason=unstable_if action=reinterpret pc=0x0000029d41fabd58 method=com.st.microxplorer.mcu.Mode.getValue()D @ 4 c2
Event: 19.398 Thread 0x0000029d55616400 DEOPT PACKING pc=0x0000029d41fabd58 sp=0x000000ae1aafebb0
Event: 19.398 Thread 0x0000029d55616400 DEOPT UNPACKING pc=0x0000029d416369a3 sp=0x000000ae1aafeb48 mode 2
Event: 19.456 Thread 0x0000029d55616910 DEOPT PACKING pc=0x0000029d3ace2568 sp=0x000000ae1bafece0
Event: 19.456 Thread 0x0000029d55616910 DEOPT UNPACKING pc=0x0000029d41637143 sp=0x000000ae1bafe1d0 mode 0
Event: 19.476 Thread 0x0000029d55616400 Uncommon trap: trap_request=0xffffff45 fr.pc=0x0000029d41f87d84 relative=0x0000000000000424
Event: 19.476 Thread 0x0000029d55616400 Uncommon trap: reason=unstable_if action=reinterpret pc=0x0000029d41f87d84 method=com.st.microxplorer.mcu.Pin.isBlockCompatible(Lcom/st/microxplorer/mcu/Signal;)Z @ 13 c2
Event: 19.476 Thread 0x0000029d55616400 DEOPT PACKING pc=0x0000029d41f87d84 sp=0x000000ae1aafeaa0
Event: 19.476 Thread 0x0000029d55616400 DEOPT UNPACKING pc=0x0000029d416369a3 sp=0x000000ae1aafea30 mode 2
Event: 19.601 Thread 0x0000029d55618c80 DEOPT PACKING pc=0x0000029d3ace2568 sp=0x000000ae1bfff3f0
Event: 19.601 Thread 0x0000029d55618c80 DEOPT UNPACKING pc=0x0000029d41637143 sp=0x000000ae1bffe8e0 mode 0
Event: 19.781 Thread 0x0000029d5561aff0 DEOPT PACKING pc=0x0000029d3ace2568 sp=0x000000ae1befefc0
Event: 19.781 Thread 0x0000029d5561aff0 DEOPT UNPACKING pc=0x0000029d41637143 sp=0x000000ae1befe4b0 mode 0

Classes unloaded (0 events):
No events

Classes redefined (0 events):
No events

Internal exceptions (20 events):
Event: 18.374 Thread 0x0000029d55614ab0 Exception <a 'java/lang/NoSuchMethodError'{0x000000008e4696f8}: 'java.lang.Object java.lang.invoke.DirectMethodHandle$Holder.newInvokeSpecial(java.lang.Object, long)'> (0x000000008e4696f8) 
thrown [s\src\hotspot\share\interpreter\linkResolver.cpp, line 759]
Event: 18.377 Thread 0x0000029d55614ab0 Exception <a 'java/lang/NoSuchMethodError'{0x000000008e46fc68}: 'java.lang.Object java.lang.invoke.DirectMethodHandle$Holder.invokeStatic(java.lang.Object, java.lang.Object, long, java.lang.Object)'> (0x000000008e46fc68) 
thrown [s\src\hotspot\share\interpreter\linkResolver.cpp, line 759]
Event: 18.377 Thread 0x0000029d55616400 Exception <a 'java/io/IOException'{0x000000008c4e1fe0}> (0x000000008c4e1fe0) 
thrown [s\src\hotspot\share\prims\jni.cpp, line 516]
Event: 18.377 Thread 0x0000029d55614ab0 Exception <a 'java/lang/NoSuchMethodError'{0x000000008e473198}: 'java.lang.Object java.lang.invoke.DirectMethodHandle$Holder.invokeStaticInit(java.lang.Object, java.lang.Object, long, java.lang.Object)'> (0x000000008e473198) 
thrown [s\src\hotspot\share\interpreter\linkResolver.cpp, line 759]
Event: 18.377 Thread 0x0000029d55616400 Exception <a 'java/io/IOException'{0x000000008c4e2630}> (0x000000008c4e2630) 
thrown [s\src\hotspot\share\prims\jni.cpp, line 516]
Event: 18.378 Thread 0x0000029d55614ab0 Exception <a 'java/lang/NoSuchMethodError'{0x000000008e4791e0}: 'java.lang.Object java.lang.invoke.DirectMethodHandle$Holder.newInvokeSpecial(java.lang.Object, java.lang.Object, long)'> (0x000000008e4791e0) 
thrown [s\src\hotspot\share\interpreter\linkResolver.cpp, line 759]
Event: 19.103 Thread 0x0000029d55616400 Exception <a 'java/io/IOException'{0x000000008bff17a0}> (0x000000008bff17a0) 
thrown [s\src\hotspot\share\prims\jni.cpp, line 516]
Event: 19.103 Thread 0x0000029d55616400 Exception <a 'java/io/IOException'{0x000000008bff1df0}> (0x000000008bff1df0) 
thrown [s\src\hotspot\share\prims\jni.cpp, line 516]
Event: 19.150 Thread 0x0000029d55616400 Exception <a 'java/io/IOException'{0x000000008b8a9250}> (0x000000008b8a9250) 
thrown [s\src\hotspot\share\prims\jni.cpp, line 516]
Event: 19.150 Thread 0x0000029d55616400 Exception <a 'java/io/IOException'{0x000000008b8a98a0}> (0x000000008b8a98a0) 
thrown [s\src\hotspot\share\prims\jni.cpp, line 516]
Event: 19.151 Thread 0x0000029d55616400 Exception <a 'java/io/IOException'{0x000000008b8aabd8}> (0x000000008b8aabd8) 
thrown [s\src\hotspot\share\prims\jni.cpp, line 516]
Event: 19.151 Thread 0x0000029d55616400 Exception <a 'java/io/IOException'{0x000000008b8ab228}> (0x000000008b8ab228) 
thrown [s\src\hotspot\share\prims\jni.cpp, line 516]
Event: 19.153 Thread 0x0000029d55616400 Exception <a 'java/io/IOException'{0x000000008b8cb5a0}> (0x000000008b8cb5a0) 
thrown [s\src\hotspot\share\prims\jni.cpp, line 516]
Event: 19.153 Thread 0x0000029d55616400 Exception <a 'java/io/IOException'{0x000000008b8cbbf0}> (0x000000008b8cbbf0) 
thrown [s\src\hotspot\share\prims\jni.cpp, line 516]
Event: 19.154 Thread 0x0000029d55616400 Exception <a 'java/io/IOException'{0x000000008b8d4bf0}> (0x000000008b8d4bf0) 
thrown [s\src\hotspot\share\prims\jni.cpp, line 516]
Event: 19.154 Thread 0x0000029d55616400 Exception <a 'java/io/IOException'{0x000000008b8d5240}> (0x000000008b8d5240) 
thrown [s\src\hotspot\share\prims\jni.cpp, line 516]
Event: 19.155 Thread 0x0000029d55616400 Exception <a 'java/io/IOException'{0x000000008b8d8d10}> (0x000000008b8d8d10) 
thrown [s\src\hotspot\share\prims\jni.cpp, line 516]
Event: 19.155 Thread 0x0000029d55616400 Exception <a 'java/io/IOException'{0x000000008b8d9360}> (0x000000008b8d9360) 
thrown [s\src\hotspot\share\prims\jni.cpp, line 516]
Event: 19.157 Thread 0x0000029d55616400 Exception <a 'java/io/IOException'{0x000000008b8efdb0}> (0x000000008b8efdb0) 
thrown [s\src\hotspot\share\prims\jni.cpp, line 516]
Event: 19.157 Thread 0x0000029d55616400 Exception <a 'java/io/IOException'{0x000000008b8f0400}> (0x000000008b8f0400) 
thrown [s\src\hotspot\share\prims\jni.cpp, line 516]

VM Operations (20 events):
Event: 17.255 Executing VM operation: HandshakeAllThreads
Event: 17.255 Executing VM operation: HandshakeAllThreads done
Event: 17.349 Executing VM operation: HandshakeAllThreads
Event: 17.349 Executing VM operation: HandshakeAllThreads done
Event: 17.377 Executing VM operation: HandshakeAllThreads
Event: 17.377 Executing VM operation: HandshakeAllThreads done
Event: 17.442 Executing VM operation: G1CollectForAllocation
Event: 17.450 Executing VM operation: G1CollectForAllocation done
Event: 18.320 Executing VM operation: HandshakeAllThreads
Event: 18.320 Executing VM operation: HandshakeAllThreads done
Event: 18.326 Executing VM operation: ICBufferFull
Event: 18.326 Executing VM operation: ICBufferFull done
Event: 18.382 Executing VM operation: HandshakeAllThreads
Event: 18.382 Executing VM operation: HandshakeAllThreads done
Event: 19.275 Executing VM operation: HandshakeAllThreads
Event: 19.276 Executing VM operation: HandshakeAllThreads done
Event: 19.277 Executing VM operation: HandshakeAllThreads
Event: 19.277 Executing VM operation: HandshakeAllThreads done
Event: 19.376 Executing VM operation: G1CollectForAllocation
Event: 19.386 Executing VM operation: G1CollectForAllocation done

Events (20 events):
Event: 19.898 Thread 0x0000029d55618c80 Thread exited: 0x0000029d55618c80
Event: 19.898 Thread 0x0000029d5561aff0 Thread added: 0x0000029d5561aff0
Event: 19.903 Thread 0x0000029d55618c80 Thread added: 0x0000029d55618c80
Event: 19.904 Thread 0x0000029d5561aff0 Thread exited: 0x0000029d5561aff0
Event: 19.907 Thread 0x0000029d55616910 Thread added: 0x0000029d55616910
Event: 19.907 Thread 0x0000029d55618c80 Thread exited: 0x0000029d55618c80
Event: 19.933 Thread 0x0000029d5561aff0 Thread added: 0x0000029d5561aff0
Event: 19.937 Thread 0x0000029d5561aff0 Thread exited: 0x0000029d5561aff0
Event: 19.937 Thread 0x0000029d55618c80 Thread added: 0x0000029d55618c80
Event: 19.940 Thread 0x0000029d55618c80 Thread exited: 0x0000029d55618c80
Event: 19.940 Thread 0x0000029d5561aff0 Thread added: 0x0000029d5561aff0
Event: 19.967 Thread 0x0000029d55618c80 Thread added: 0x0000029d55618c80
Event: 19.976 Thread 0x0000029d55618c80 Thread exited: 0x0000029d55618c80
Event: 19.977 Thread 0x0000029d55618c80 Thread added: 0x0000029d55618c80
Event: 19.990 Thread 0x0000029d55618c80 Thread exited: 0x0000029d55618c80
Event: 19.991 Thread 0x0000029d55613b80 Thread added: 0x0000029d55613b80
Event: 19.994 Thread 0x0000029d55618c80 Thread added: 0x0000029d55618c80
Event: 19.994 Thread 0x0000029d55613b80 Thread exited: 0x0000029d55613b80
Event: 19.995 Thread 0x0000029d55618c80 Thread exited: 0x0000029d55618c80
Event: 19.995 Thread 0x0000029d55618c80 Thread added: 0x0000029d55618c80


Dynamic libraries:
0x00007ff7c4680000 - 0x00007ff7c468e000 	C:\Users\Ken.Liang\AppData\Local\Programs\STM32CubeMX\jre\bin\javaw.exe
0x00007ff9f40f0000 - 0x00007ff9f42e8000 	C:\WINDOWS\SYSTEM32\ntdll.dll
0x00007ff9f3ac0000 - 0x00007ff9f3b81000 	C:\WINDOWS\System32\KERNEL32.DLL
0x00007ff9f1b00000 - 0x00007ff9f1df6000 	C:\WINDOWS\System32\KERNELBASE.dll
0x00007ff9f1e30000 - 0x00007ff9f1f30000 	C:\WINDOWS\System32\ucrtbase.dll
0x00007ff9ea660000 - 0x00007ff9ea677000 	C:\Users\Ken.Liang\AppData\Local\Programs\STM32CubeMX\jre\bin\jli.dll
0x00007ff9ea200000 - 0x00007ff9ea21b000 	C:\Users\Ken.Liang\AppData\Local\Programs\STM32CubeMX\jre\bin\VCRUNTIME140.dll
0x00007ff9f3e00000 - 0x00007ff9f3f9f000 	C:\WINDOWS\System32\USER32.dll
0x00007ff9f1890000 - 0x00007ff9f18b2000 	C:\WINDOWS\System32\win32u.dll
0x00007ff9e2000000 - 0x00007ff9e229a000 	C:\WINDOWS\WinSxS\amd64_microsoft.windows.common-controls_6595b64144ccf1df_6.0.19041.4355_none_60b8b9eb71f62e16\COMCTL32.dll
0x00007ff9f3fd0000 - 0x00007ff9f3ffb000 	C:\WINDOWS\System32\GDI32.dll
0x00007ff9f2640000 - 0x00007ff9f26de000 	C:\WINDOWS\System32\msvcrt.dll
0x00007ff9f18c0000 - 0x00007ff9f19d7000 	C:\WINDOWS\System32\gdi32full.dll
0x00007ff9f17a0000 - 0x00007ff9f183d000 	C:\WINDOWS\System32\msvcp_win.dll
0x00007ff9f3130000 - 0x00007ff9f315f000 	C:\WINDOWS\System32\IMM32.DLL
0x00007ff9eda80000 - 0x00007ff9eda8c000 	C:\Users\Ken.Liang\AppData\Local\Programs\STM32CubeMX\jre\bin\vcruntime140_1.dll
0x00007ff9c3d10000 - 0x00007ff9c3d9d000 	C:\Users\Ken.Liang\AppData\Local\Programs\STM32CubeMX\jre\bin\msvcp140.dll
0x00007ff9920b0000 - 0x00007ff992d12000 	C:\Users\Ken.Liang\AppData\Local\Programs\STM32CubeMX\jre\bin\server\jvm.dll
0x00007ff9f4000000 - 0x00007ff9f40b0000 	C:\WINDOWS\System32\ADVAPI32.dll
0x00007ff9f3250000 - 0x00007ff9f32f0000 	C:\WINDOWS\System32\sechost.dll
0x00007ff9f2120000 - 0x00007ff9f2243000 	C:\WINDOWS\System32\RPCRT4.dll
0x00007ff9f1e00000 - 0x00007ff9f1e27000 	C:\WINDOWS\System32\bcrypt.dll
0x00007ff9f15f0000 - 0x00007ff9f163b000 	C:\WINDOWS\SYSTEM32\POWRPROF.dll
0x00007ff9e62d0000 - 0x00007ff9e62f7000 	C:\WINDOWS\SYSTEM32\WINMM.dll
0x00007ff9eb0e0000 - 0x00007ff9eb0ea000 	C:\WINDOWS\SYSTEM32\VERSION.dll
0x00007ff9ed860000 - 0x00007ff9ed869000 	C:\WINDOWS\SYSTEM32\WSOCK32.dll
0x00007ff9f3160000 - 0x00007ff9f31cb000 	C:\WINDOWS\System32\ws2_32.DLL
0x00007ff9f15d0000 - 0x00007ff9f15e2000 	C:\WINDOWS\SYSTEM32\UMPDC.dll
0x00007ff9effb0000 - 0x00007ff9effc2000 	C:\WINDOWS\SYSTEM32\kernel.appcore.dll
0x00007ff9ec5a0000 - 0x00007ff9ec5aa000 	C:\Users\Ken.Liang\AppData\Local\Programs\STM32CubeMX\jre\bin\jimage.dll
0x00007ff9d23e0000 - 0x00007ff9d25c4000 	C:\WINDOWS\SYSTEM32\DBGHELP.DLL
0x00007ff9d23a0000 - 0x00007ff9d23d4000 	C:\WINDOWS\SYSTEM32\dbgcore.DLL
0x00007ff9f2090000 - 0x00007ff9f2112000 	C:\WINDOWS\System32\bcryptPrimitives.dll
0x00007ff9e9d20000 - 0x00007ff9e9d45000 	C:\Users\Ken.Liang\AppData\Local\Programs\STM32CubeMX\jre\bin\java.dll
0x00007ff9b4a10000 - 0x00007ff9b4ae7000 	C:\Users\Ken.Liang\AppData\Local\Programs\STM32CubeMX\jre\bin\jsvml.dll
0x00007ff9f32f0000 - 0x00007ff9f3a5c000 	C:\WINDOWS\System32\SHELL32.dll
0x00007ff9ef580000 - 0x00007ff9efd1e000 	C:\WINDOWS\SYSTEM32\windows.storage.dll
0x00007ff9f2dd0000 - 0x00007ff9f3123000 	C:\WINDOWS\System32\combase.dll
0x00007ff9f10f0000 - 0x00007ff9f111e000 	C:\WINDOWS\SYSTEM32\Wldp.dll
0x00007ff9f27d0000 - 0x00007ff9f289d000 	C:\WINDOWS\System32\OLEAUT32.dll
0x00007ff9f28a0000 - 0x00007ff9f294d000 	C:\WINDOWS\System32\SHCORE.dll
0x00007ff9f3a60000 - 0x00007ff9f3ab5000 	C:\WINDOWS\System32\shlwapi.dll
0x00007ff9f16d0000 - 0x00007ff9f16f4000 	C:\WINDOWS\SYSTEM32\profapi.dll
0x00007ff9d21c0000 - 0x00007ff9d21d9000 	C:\Users\Ken.Liang\AppData\Local\Programs\STM32CubeMX\jre\bin\net.dll
0x00007ff9e8730000 - 0x00007ff9e883a000 	C:\WINDOWS\SYSTEM32\WINHTTP.dll
0x00007ff9f0e50000 - 0x00007ff9f0eba000 	C:\WINDOWS\system32\mswsock.dll
0x00007ff9d21a0000 - 0x00007ff9d21b6000 	C:\Users\Ken.Liang\AppData\Local\Programs\STM32CubeMX\jre\bin\nio.dll
0x00007ff9d0470000 - 0x00007ff9d0488000 	C:\Users\Ken.Liang\AppData\Local\Programs\STM32CubeMX\jre\bin\zip.dll
0x00007ff9eb2f0000 - 0x00007ff9eb2f9000 	C:\Users\Ken.Liang\AppData\Local\Programs\STM32CubeMX\jre\bin\management.dll
0x00007ff9d4f20000 - 0x00007ff9d4f2b000 	C:\Users\Ken.Liang\AppData\Local\Programs\STM32CubeMX\jre\bin\management_ext.dll
0x00007ff9f2950000 - 0x00007ff9f2958000 	C:\WINDOWS\System32\PSAPI.DLL
0x00007ff9d2f40000 - 0x00007ff9d2f57000 	C:\WINDOWS\system32\napinsp.dll
0x00007ff9d2ee0000 - 0x00007ff9d2efb000 	C:\WINDOWS\system32\pnrpnsp.dll
0x00007ff9edf80000 - 0x00007ff9edf95000 	C:\WINDOWS\system32\wshbth.dll
0x00007ff9eb270000 - 0x00007ff9eb28d000 	C:\WINDOWS\system32\NLAapi.dll
0x00007ff9f0b30000 - 0x00007ff9f0b6b000 	C:\WINDOWS\SYSTEM32\IPHLPAPI.DLL
0x00007ff9f0b70000 - 0x00007ff9f0c3a000 	C:\WINDOWS\SYSTEM32\DNSAPI.dll
0x00007ff9f3cd0000 - 0x00007ff9f3cd8000 	C:\WINDOWS\System32\NSI.dll
0x00007ff9d2ec0000 - 0x00007ff9d2ed2000 	C:\WINDOWS\System32\winrnr.dll
0x0000000063560000 - 0x0000000063569000 	C:\Program Files\National Instruments\Shared\mDNS Responder\nimdnsNSP.dll
0x0000000058490000 - 0x0000000058533000 	C:\WINDOWS\WinSxS\amd64_microsoft.vc90.crt_1fc8b3b9a1e18e3b_9.0.30729.9625_none_08e1c10da83fbc83\MSVCR90.dll
0x0000000063550000 - 0x000000006355e000 	C:\WINDOWS\SYSTEM32\nimdnsResponder.dll
0x00007ff9e97f0000 - 0x00007ff9e97fa000 	C:\Windows\System32\rasadhlp.dll
0x00007ff9e1580000 - 0x00007ff9e1600000 	C:\WINDOWS\System32\fwpuclnt.dll
0x00007ff9b1d50000 - 0x00007ff9b1ee0000 	C:\Users\Ken.Liang\AppData\Local\Programs\STM32CubeMX\jre\bin\awt.dll
0x00007ff9edc10000 - 0x00007ff9edca4000 	C:\WINDOWS\SYSTEM32\apphelp.dll
0x00007ff9f1040000 - 0x00007ff9f1058000 	C:\WINDOWS\SYSTEM32\CRYPTSP.dll
0x00007ff9f0770000 - 0x00007ff9f07a4000 	C:\WINDOWS\system32\rsaenh.dll
0x00007ff9f1680000 - 0x00007ff9f16ae000 	C:\WINDOWS\SYSTEM32\USERENV.dll
0x00007ff9f1060000 - 0x00007ff9f106c000 	C:\WINDOWS\SYSTEM32\CRYPTBASE.dll
0x00007ff9e91c0000 - 0x00007ff9e91d7000 	C:\WINDOWS\SYSTEM32\dhcpcsvc6.DLL
0x00007ff9e9890000 - 0x00007ff9e98ad000 	C:\WINDOWS\SYSTEM32\dhcpcsvc.DLL
0x00007ff9eeec0000 - 0x00007ff9eef5e000 	C:\WINDOWS\system32\uxtheme.dll
0x00007ff9f3ce0000 - 0x00007ff9f3df4000 	C:\WINDOWS\System32\MSCTF.dll
0x00007ff9f2250000 - 0x00007ff9f237b000 	C:\WINDOWS\System32\ole32.dll
0x00007ff9ef0b0000 - 0x00007ff9ef0df000 	C:\WINDOWS\system32\DWMAPI.DLL
0x00007ff9c4bc0000 - 0x00007ff9c4ce8000 	C:\WINDOWS\system32\opengl32.dll
0x00007ff9c4b90000 - 0x00007ff9c4bbc000 	C:\WINDOWS\SYSTEM32\GLU32.dll
0x00007ff9ba0d0000 - 0x00007ff9ba157000 	C:\Users\Ken.Liang\AppData\Local\Programs\STM32CubeMX\jre\bin\freetype.dll
0x00007ff9b4920000 - 0x00007ff9b4a02000 	C:\Users\Ken.Liang\AppData\Local\Programs\STM32CubeMX\jre\bin\fontmanager.dll
0x00007ff9d2720000 - 0x00007ff9d2730000 	C:\Users\Ken.Liang\AppData\Local\Programs\STM32CubeMX\jre\bin\verify.dll
0x00007ff9d2190000 - 0x00007ff9d2199000 	C:\Users\Ken.Liang\AppData\Local\Programs\STM32CubeMX\jre\bin\prefs.dll
0x00007ff9d0160000 - 0x00007ff9d016e000 	C:\Users\Ken.Liang\AppData\Local\Programs\STM32CubeMX\jre\bin\sunmscapi.dll
0x00007ff9f1f30000 - 0x00007ff9f208e000 	C:\WINDOWS\System32\CRYPT32.dll
0x00007ff9f1160000 - 0x00007ff9f1189000 	C:\WINDOWS\SYSTEM32\ncrypt.dll
0x00007ff9f1120000 - 0x00007ff9f115b000 	C:\WINDOWS\SYSTEM32\NTASN1.dll
0x00007ff9f12e0000 - 0x00007ff9f12f2000 	C:\WINDOWS\SYSTEM32\MSASN1.dll
0x00007ff9effd0000 - 0x00007ff9efff3000 	C:\WINDOWS\SYSTEM32\gpapi.dll
0x00007ff9f1510000 - 0x00007ff9f151a000 	C:\WINDOWS\SYSTEM32\DPAPI.dll
0x00007ff9ce080000 - 0x00007ff9ce089000 	C:\Users\Ken.Liang\AppData\Local\Programs\STM32CubeMX\jre\bin\extnet.dll
0x00007ff9c9e50000 - 0x00007ff9c9e7d000 	C:\Users\Ken.Liang\AppData\Local\Programs\STM32CubeMX\jre\bin\javajpeg.dll
0x00007ff9f23e0000 - 0x00007ff9f2489000 	C:\WINDOWS\System32\clbcatq.dll
0x00007ff9eecb0000 - 0x00007ff9eee66000 	C:\WINDOWS\SYSTEM32\WindowsCodecs.dll
0x00007ff9c3c20000 - 0x00007ff9c3c5e000 	C:\WINDOWS\system32\dataexchange.dll
0x00007ff9ebed0000 - 0x00007ff9ec133000 	C:\WINDOWS\system32\d3d11.dll
0x00007ff9ec720000 - 0x00007ff9ec904000 	C:\WINDOWS\system32\dcomp.dll
0x00007ff9f0020000 - 0x00007ff9f0115000 	C:\WINDOWS\system32\dxgi.dll
0x00007ff9e9e60000 - 0x00007ff9ea063000 	C:\WINDOWS\system32\twinapi.appcore.dll
0x00007ff9ca960000 - 0x00007ff9caa59000 	C:\WINDOWS\SYSTEM32\textinputframework.dll
0x00007ff9ec910000 - 0x00007ff9ecc6b000 	C:\WINDOWS\System32\CoreUIComponents.dll
0x00007ff9ecff0000 - 0x00007ff9ed0e2000 	C:\WINDOWS\System32\CoreMessaging.dll
0x00007ff9f0890000 - 0x00007ff9f08c3000 	C:\WINDOWS\SYSTEM32\ntmarta.dll
0x00007ff9ee010000 - 0x00007ff9ee167000 	C:\WINDOWS\SYSTEM32\wintypes.dll
0x00007ff9b1c40000 - 0x00007ff9b1d4b000 	C:\Users\Ken.Liang\.stm32cubemx\.jxbrowser-7.38.2\Chromium\toolkit64.dll
0x00007ff99a4d0000 - 0x00007ff99a5dc000 	C:\Users\Ken.Liang\.stm32cubemx\.jxbrowser-7.38.2\Chromium\ipc64.dll

dbghelp: loaded successfully - version: 4.0.5 - missing functions: none
symbol engine: initialized successfully - sym options: 0x614 - pdb path: .;C:\Users\Ken.Liang\AppData\Local\Programs\STM32CubeMX\jre\bin;C:\WINDOWS\SYSTEM32;C:\WINDOWS\WinSxS\amd64_microsoft.windows.common-controls_6595b64144ccf1df_6.0.19041.4355_none_60b8b9eb71f62e16;C:\Users\Ken.Liang\AppData\Local\Programs\STM32CubeMX\jre\bin\server;C:\Program Files\National Instruments\Shared\mDNS Responder;C:\WINDOWS\WinSxS\amd64_microsoft.vc90.crt_1fc8b3b9a1e18e3b_9.0.30729.9625_none_08e1c10da83fbc83;C:\Users\Ken.Liang\.stm32cubemx\.jxbrowser-7.38.2\Chromium

VM Arguments:
jvm_args: -Djavax.net.ssl.trustStoreType=WINDOWS-ROOT -Dsun.java2d.d3d=false 
java_command: com.st.microxplorer.maingui.STM32CubeMX C:\Test\university learn\diansai\diansaixiaoche\diansaixiaoche.ioc
java_class_path (initial): C:\Users\Ken.Liang\AppData\Local\Programs\STM32CubeMX\STM32CubeMX.exe;anything
Launcher Type: SUN_STANDARD

[Global flags]
     intx CICompilerCount                          = 4                                         {product} {ergonomic}
     uint ConcGCThreads                            = 2                                         {product} {ergonomic}
     uint G1ConcRefinementThreads                  = 8                                         {product} {ergonomic}
   size_t G1HeapRegionSize                         = 1048576                                   {product} {ergonomic}
    uintx GCDrainStackTargetSize                   = 64                                        {product} {ergonomic}
   size_t InitialHeapSize                          = 134217728                                 {product} {ergonomic}
   size_t MarkStackSize                            = 4194304                                   {product} {ergonomic}
   size_t MaxHeapSize                              = 2124414976                                {product} {ergonomic}
   size_t MaxNewSize                               = 1274019840                                {product} {ergonomic}
   size_t MinHeapDeltaBytes                        = 1048576                                   {product} {ergonomic}
   size_t MinHeapSize                              = 8388608                                   {product} {ergonomic}
    uintx NonNMethodCodeHeapSize                   = 5839372                                {pd product} {ergonomic}
    uintx NonProfiledCodeHeapSize                  = 122909434                              {pd product} {ergonomic}
    uintx ProfiledCodeHeapSize                     = 122909434                              {pd product} {ergonomic}
    uintx ReservedCodeCacheSize                    = 251658240                              {pd product} {ergonomic}
     bool SegmentedCodeCache                       = true                                      {product} {ergonomic}
   size_t SoftMaxHeapSize                          = 2124414976                             {manageable} {ergonomic}
     bool UseCompressedClassPointers               = true                           {product lp64_product} {ergonomic}
     bool UseCompressedOops                        = true                           {product lp64_product} {ergonomic}
     bool UseG1GC                                  = true                                      {product} {ergonomic}
     bool UseLargePagesIndividualAllocation        = false                                  {pd product} {ergonomic}

Logging:
Log output configuration:
 #0: stdout all=warning uptime,level,tags
 #1: stderr all=off uptime,level,tags

Environment Variables:
JAVA_HOME=C:\Test\java_JDK_JRE\JDK
CLASSPATH=.;C:\Test\java_JDK_JRE\JDK\lib;C:\Test\java_JDK_JRE\JDK\lib\tools.jar
PATH=C:\Users\Ken.Liang\AppData\Local\Programs\STM32CubeMX\;C:\Program Files (x86)\Common Files\Oracle\Java\javapath;C:\Windows\system32;C:\Windows;C:\Windows\System32\Wbem;C:\Windows\System32\WindowsPowerShell\v1.0\;C:\Windows\System32\OpenSSH\;"C:\Test\java_JDK_JRE\JDK\bin;C:\Test\java_JDK_JRE\JDK\jre\bin";C:\Program Files (x86)\Windows Kits\8.1\Windows Performance Toolkit\;C:\WINDOWS\system32;C:\WINDOWS;C:\WINDOWS\System32\Wbem;C:\WINDOWS\System32\WindowsPowerShell\v1.0\;C:\WINDOWS\System32\OpenSSH\;C:\Program Files\Intel\WiFi\bin\;C:\Program Files\Common Files\Intel\WirelessCommon\;C:\Program Files\Microsoft SQL Server\Client SDK\ODBC\110\Tools\Binn\;C:\Program Files (x86)\Microsoft SQL Server\120\Tools\Binn\;C:\Program Files\Microsoft SQL Server\120\Tools\Binn\;C:\Program Files\Microsoft SQL Server\120\DTS\Binn\;C:\Program Files\Git\cmd;C:\Program Files\dotnet\;C:\Users\Ken.Liang\AppData\Local\Programs\Python\Python312\Scripts\;C:\Users\Ken.Liang\AppData\Local\Programs\Python\Python312\;C:\Users\Ken.Liang\Anaconda3;C:\Users\Ken.Liang\Anaconda3\Library\mingw-w64\bin;C:\Users\Ken.Liang\Anaconda3\Library\usr\bin;C:\Users\Ken.Liang\Anaconda3\Library\bin;C:\Users\Ken.Liang\Anaconda3\Scripts;C:\Users\Ken.Liang\AppData\Local\Microsoft\WindowsApps;C:\Users\Ken.Liang\AppData\Local\Microsoft\WindowsApps;C:\Users\Ken.Liang\AppData\Local\Programs\Microsoft VS Code\bin;C:\Users\Ken.Liang\AppData\Local\Programs\STM32CubeMX\.\jre\\bin
USERNAME=Ken.Liang
OS=Windows_NT
PROCESSOR_IDENTIFIER=Intel64 Family 6 Model 142 Stepping 10, GenuineIntel
TMP=C:\Users\KEN~1.LIA\AppData\Local\Temp
TEMP=C:\Users\KEN~1.LIA\AppData\Local\Temp



Periodic native trim disabled


---------------  S Y S T E M  ---------------

OS:
 Windows 10 , 64 bit Build 19041 (10.0.19041.4597)
OS uptime: 0 days 1:39 hours

CPU: total 8 (initial active 8) (4 cores per cpu, 2 threads per core) family 6 model 142 stepping 10 microcode 0xb4, cx8, cmov, fxsr, ht, mmx, 3dnowpref, sse, sse2, sse3, ssse3, sse4.1, sse4.2, popcnt, lzcnt, tsc, tscinvbit, avx, avx2, aes, erms, clmul, bmi1, bmi2, adx, fma, vzeroupper, clflush, clflushopt
Processor Information for all 8 processors :
  Max Mhz: 1992, Current Mhz: 1792, Mhz Limit: 1792

Memory: 4k page, system-wide physical 8101M (901M free)
TotalPageFile size 8101M (AvailPageFile size 4M)
current process WorkingSet (physical memory assigned to process): 482M, peak: 491M
current process commit charge ("private bytes"): 514M, peak: 525M

vm_info: OpenJDK 64-Bit Server VM (17.0.11+9) for windows-amd64 JRE (17.0.11+9), built on Apr 17 2024 06:07:48 by "admin" with MS VC++ 16.10 / 16.11 (VS2019)

END.
